ERROR - 2024-03-18 04:23:25 --> Error connecting to the database: mysqli_sql_exception: Unknown database 'db_owwa' in C:\laragon\www\capstone\system\Database\MySQLi\Connection.php:185
Stack trace:
#0 C:\laragon\www\capstone\system\Database\MySQLi\Connection.php(185): mysqli->real_connect('localhost', 'root', '', 'db_owwa', 3306, '', 0)
#1 C:\laragon\www\capstone\system\Database\BaseConnection.php(392): CodeIgniter\Database\MySQLi\Connection->connect(false)
#2 C:\laragon\www\capstone\system\Database\BaseConnection.php(575): CodeIgniter\Database\BaseConnection->initialize()
#3 C:\laragon\www\capstone\system\Database\BaseBuilder.php(1616): CodeIgniter\Database\BaseConnection->query('SELECT *\nFROM `...', Array, false)
#4 C:\laragon\www\capstone\system\Model.php(242): CodeIgniter\Database\BaseBuilder->get()
#5 C:\laragon\www\capstone\system\BaseModel.php(638): CodeIgniter\Model->doFindAll(0, 0)
#6 C:\laragon\www\capstone\app\Controllers\Admin\AnnouncementController.php(16): CodeIgniter\BaseModel->findAll()
#7 C:\laragon\www\capstone\system\CodeIgniter.php(941): App\Controllers\Admin\AnnouncementController->index()
#8 C:\laragon\www\capstone\system\CodeIgniter.php(502): CodeIgniter\CodeIgniter->runController(Object(App\Controllers\Admin\AnnouncementController))
#9 C:\laragon\www\capstone\system\CodeIgniter.php(361): CodeIgniter\CodeIgniter->handleRequest(NULL, Object(Config\Cache), false)
#10 C:\laragon\www\capstone\public\index.php(79): CodeIgniter\CodeIgniter->run()
#11 {main}

Next CodeIgniter\Database\Exceptions\DatabaseException: Unknown database 'db_owwa' in C:\laragon\www\capstone\system\Database\MySQLi\Connection.php:229
Stack trace:
#0 C:\laragon\www\capstone\system\Database\BaseConnection.php(392): CodeIgniter\Database\MySQLi\Connection->connect(false)
#1 C:\laragon\www\capstone\system\Database\BaseConnection.php(575): CodeIgniter\Database\BaseConnection->initialize()
#2 C:\laragon\www\capstone\system\Database\BaseBuilder.php(1616): CodeIgniter\Database\BaseConnection->query('SELECT *\nFROM `...', Array, false)
#3 C:\laragon\www\capstone\system\Model.php(242): CodeIgniter\Database\BaseBuilder->get()
#4 C:\laragon\www\capstone\system\BaseModel.php(638): CodeIgniter\Model->doFindAll(0, 0)
#5 C:\laragon\www\capstone\app\Controllers\Admin\AnnouncementController.php(16): CodeIgniter\BaseModel->findAll()
#6 C:\laragon\www\capstone\system\CodeIgniter.php(941): App\Controllers\Admin\AnnouncementController->index()
#7 C:\laragon\www\capstone\system\CodeIgniter.php(502): CodeIgniter\CodeIgniter->runController(Object(App\Controllers\Admin\AnnouncementController))
#8 C:\laragon\www\capstone\system\CodeIgniter.php(361): CodeIgniter\CodeIgniter->handleRequest(NULL, Object(Config\Cache), false)
#9 C:\laragon\www\capstone\public\index.php(79): CodeIgniter\CodeIgniter->run()
#10 {main}
CRITICAL - 2024-03-18 04:23:25 --> CodeIgniter\Database\Exceptions\DatabaseException: Unable to connect to the database.
Main connection [MySQLi]: Unknown database 'db_owwa'
in SYSTEMPATH\Database\BaseConnection.php on line 428.
 1 SYSTEMPATH\Database\BaseConnection.php(575): CodeIgniter\Database\BaseConnection->initialize()
 2 SYSTEMPATH\Database\BaseBuilder.php(1616): CodeIgniter\Database\BaseConnection->query('SELECT *
FROM `announcement`', [], false)
 3 SYSTEMPATH\Model.php(242): CodeIgniter\Database\BaseBuilder->get()
 4 SYSTEMPATH\BaseModel.php(638): CodeIgniter\Model->doFindAll(0, 0)
 5 APPPATH\Controllers\Admin\AnnouncementController.php(16): CodeIgniter\BaseModel->findAll()
 6 SYSTEMPATH\CodeIgniter.php(941): App\Controllers\Admin\AnnouncementController->index()
 7 SYSTEMPATH\CodeIgniter.php(502): CodeIgniter\CodeIgniter->runController(Object(App\Controllers\Admin\AnnouncementController))
 8 SYSTEMPATH\CodeIgniter.php(361): CodeIgniter\CodeIgniter->handleRequest(null, Object(Config\Cache), false)
 9 FCPATH\index.php(79): CodeIgniter\CodeIgniter->run()
ERROR - 2024-03-18 04:26:09 --> mysqli_sql_exception: Table 'db_owwa.announcement' doesn't exist in C:\laragon\www\capstone\system\Database\MySQLi\Connection.php:306
Stack trace:
#0 C:\laragon\www\capstone\system\Database\MySQLi\Connection.php(306): mysqli->query('SELECT *\nFROM `...', 0)
#1 C:\laragon\www\capstone\system\Database\BaseConnection.php(693): CodeIgniter\Database\MySQLi\Connection->execute('SELECT *\nFROM `...')
#2 C:\laragon\www\capstone\system\Database\BaseConnection.php(607): CodeIgniter\Database\BaseConnection->simpleQuery('SELECT *\nFROM `...')
#3 C:\laragon\www\capstone\system\Database\BaseBuilder.php(1616): CodeIgniter\Database\BaseConnection->query('SELECT *\nFROM `...', Array, false)
#4 C:\laragon\www\capstone\system\Model.php(242): CodeIgniter\Database\BaseBuilder->get()
#5 C:\laragon\www\capstone\system\BaseModel.php(638): CodeIgniter\Model->doFindAll(0, 0)
#6 C:\laragon\www\capstone\app\Controllers\Admin\AnnouncementController.php(16): CodeIgniter\BaseModel->findAll()
#7 C:\laragon\www\capstone\system\CodeIgniter.php(941): App\Controllers\Admin\AnnouncementController->index()
#8 C:\laragon\www\capstone\system\CodeIgniter.php(502): CodeIgniter\CodeIgniter->runController(Object(App\Controllers\Admin\AnnouncementController))
#9 C:\laragon\www\capstone\system\CodeIgniter.php(361): CodeIgniter\CodeIgniter->handleRequest(NULL, Object(Config\Cache), false)
#10 C:\laragon\www\capstone\public\index.php(79): CodeIgniter\CodeIgniter->run()
#11 {main}
CRITICAL - 2024-03-18 04:26:09 --> CodeIgniter\Database\Exceptions\DatabaseException: Table 'db_owwa.announcement' doesn't exist
in SYSTEMPATH\Database\BaseConnection.php on line 647.
 1 SYSTEMPATH\Database\BaseBuilder.php(1616): CodeIgniter\Database\BaseConnection->query('SELECT *
FROM `announcement`', [], false)
 2 SYSTEMPATH\Model.php(242): CodeIgniter\Database\BaseBuilder->get()
 3 SYSTEMPATH\BaseModel.php(638): CodeIgniter\Model->doFindAll(0, 0)
 4 APPPATH\Controllers\Admin\AnnouncementController.php(16): CodeIgniter\BaseModel->findAll()
 5 SYSTEMPATH\CodeIgniter.php(941): App\Controllers\Admin\AnnouncementController->index()
 6 SYSTEMPATH\CodeIgniter.php(502): CodeIgniter\CodeIgniter->runController(Object(App\Controllers\Admin\AnnouncementController))
 7 SYSTEMPATH\CodeIgniter.php(361): CodeIgniter\CodeIgniter->handleRequest(null, Object(Config\Cache), false)
 8 FCPATH\index.php(79): CodeIgniter\CodeIgniter->run()
CRITICAL - 2024-03-18 04:26:09 --> [Caused by] CodeIgniter\Database\Exceptions\DatabaseException: Table 'db_owwa.announcement' doesn't exist
in SYSTEMPATH\Database\MySQLi\Connection.php on line 311.
 1 SYSTEMPATH\Database\BaseConnection.php(693): CodeIgniter\Database\MySQLi\Connection->execute('SELECT *
FROM `announcement`')
 2 SYSTEMPATH\Database\BaseConnection.php(607): CodeIgniter\Database\BaseConnection->simpleQuery('SELECT *
FROM `announcement`')
 3 SYSTEMPATH\Database\BaseBuilder.php(1616): CodeIgniter\Database\BaseConnection->query('SELECT *
FROM `announcement`', [], false)
 4 SYSTEMPATH\Model.php(242): CodeIgniter\Database\BaseBuilder->get()
 5 SYSTEMPATH\BaseModel.php(638): CodeIgniter\Model->doFindAll(0, 0)
 6 APPPATH\Controllers\Admin\AnnouncementController.php(16): CodeIgniter\BaseModel->findAll()
 7 SYSTEMPATH\CodeIgniter.php(941): App\Controllers\Admin\AnnouncementController->index()
 8 SYSTEMPATH\CodeIgniter.php(502): CodeIgniter\CodeIgniter->runController(Object(App\Controllers\Admin\AnnouncementController))
 9 SYSTEMPATH\CodeIgniter.php(361): CodeIgniter\CodeIgniter->handleRequest(null, Object(Config\Cache), false)
10 FCPATH\index.php(79): CodeIgniter\CodeIgniter->run()
CRITICAL - 2024-03-18 04:26:09 --> [Caused by] mysqli_sql_exception: Table 'db_owwa.announcement' doesn't exist
in SYSTEMPATH\Database\MySQLi\Connection.php on line 306.
 1 SYSTEMPATH\Database\MySQLi\Connection.php(306): mysqli->query('SELECT *
FROM `announcement`', 0)
 2 SYSTEMPATH\Database\BaseConnection.php(693): CodeIgniter\Database\MySQLi\Connection->execute('SELECT *
FROM `announcement`')
 3 SYSTEMPATH\Database\BaseConnection.php(607): CodeIgniter\Database\BaseConnection->simpleQuery('SELECT *
FROM `announcement`')
 4 SYSTEMPATH\Database\BaseBuilder.php(1616): CodeIgniter\Database\BaseConnection->query('SELECT *
FROM `announcement`', [], false)
 5 SYSTEMPATH\Model.php(242): CodeIgniter\Database\BaseBuilder->get()
 6 SYSTEMPATH\BaseModel.php(638): CodeIgniter\Model->doFindAll(0, 0)
 7 APPPATH\Controllers\Admin\AnnouncementController.php(16): CodeIgniter\BaseModel->findAll()
 8 SYSTEMPATH\CodeIgniter.php(941): App\Controllers\Admin\AnnouncementController->index()
 9 SYSTEMPATH\CodeIgniter.php(502): CodeIgniter\CodeIgniter->runController(Object(App\Controllers\Admin\AnnouncementController))
10 SYSTEMPATH\CodeIgniter.php(361): CodeIgniter\CodeIgniter->handleRequest(null, Object(Config\Cache), false)
11 FCPATH\index.php(79): CodeIgniter\CodeIgniter->run()
CRITICAL - 2024-03-18 04:28:25 --> ErrorException: Undefined array key "street"
in APPPATH\Views\Pages\Admin\scholarinfo\scholar.php on line 83.
 1 APPPATH\Views\Pages\Admin\scholarinfo\scholar.php(83): CodeIgniter\Debug\Exceptions->errorHandler(2, 'Undefined array key "street"', 'C:\\laragon\\www\\capstone\\app\\Views\\Pages\\Admin\\scholarinfo\\scholar.php', 83)
 2 SYSTEMPATH\View\View.php(228): include('C:\\laragon\\www\\capstone\\app\\Views\\Pages\\Admin\\scholarinfo\\scholar.php')
 3 SYSTEMPATH\View\View.php(231): CodeIgniter\View\View->CodeIgniter\View\{closure}()
 4 SYSTEMPATH\Common.php(1178): CodeIgniter\View\View->render('pages/admin/scholarinfo/scholar', [], true)
 5 APPPATH\Controllers\Admin\ScholarInfoController.php(22): view('pages/admin/scholarinfo/scholar', [...])
 6 SYSTEMPATH\CodeIgniter.php(941): App\Controllers\Admin\ScholarInfoController->index()
 7 SYSTEMPATH\CodeIgniter.php(502): CodeIgniter\CodeIgniter->runController(Object(App\Controllers\Admin\ScholarInfoController))
 8 SYSTEMPATH\CodeIgniter.php(361): CodeIgniter\CodeIgniter->handleRequest(null, Object(Config\Cache), false)
 9 FCPATH\index.php(79): CodeIgniter\CodeIgniter->run()
CRITICAL - 2024-03-18 04:28:33 --> ErrorException: Undefined array key "street"
in APPPATH\Views\Pages\Admin\scholarinfo\scholar.php on line 83.
 1 APPPATH\Views\Pages\Admin\scholarinfo\scholar.php(83): CodeIgniter\Debug\Exceptions->errorHandler(2, 'Undefined array key "street"', 'C:\\laragon\\www\\capstone\\app\\Views\\Pages\\Admin\\scholarinfo\\scholar.php', 83)
 2 SYSTEMPATH\View\View.php(228): include('C:\\laragon\\www\\capstone\\app\\Views\\Pages\\Admin\\scholarinfo\\scholar.php')
 3 SYSTEMPATH\View\View.php(231): CodeIgniter\View\View->CodeIgniter\View\{closure}()
 4 SYSTEMPATH\Common.php(1178): CodeIgniter\View\View->render('pages/admin/scholarinfo/scholar', [], true)
 5 APPPATH\Controllers\Admin\ScholarInfoController.php(22): view('pages/admin/scholarinfo/scholar', [...])
 6 SYSTEMPATH\CodeIgniter.php(941): App\Controllers\Admin\ScholarInfoController->index()
 7 SYSTEMPATH\CodeIgniter.php(502): CodeIgniter\CodeIgniter->runController(Object(App\Controllers\Admin\ScholarInfoController))
 8 SYSTEMPATH\CodeIgniter.php(361): CodeIgniter\CodeIgniter->handleRequest(null, Object(Config\Cache), false)
 9 FCPATH\index.php(79): CodeIgniter\CodeIgniter->run()
CRITICAL - 2024-03-18 04:32:24 --> ErrorException: Undefined variable $title
in APPPATH\Views\Components\Admin\head.php on line 10.
 1 APPPATH\Views\Components\Admin\head.php(10): CodeIgniter\Debug\Exceptions->errorHandler(2, 'Undefined variable $title', 'C:\\laragon\\www\\capstone\\app\\Views\\Components\\Admin\\head.php', 10)
 2 SYSTEMPATH\View\View.php(228): include('C:\\laragon\\www\\capstone\\app\\Views\\Components\\Admin\\head.php')
 3 SYSTEMPATH\View\View.php(231): CodeIgniter\View\View->CodeIgniter\View\{closure}()
 4 SYSTEMPATH\View\View.php(469): CodeIgniter\View\View->render('components/admin/head', null, true)
 5 APPPATH\Views\Pages\Admin\add_announcement.php(12): CodeIgniter\View\View->include('components/admin/head')
 6 SYSTEMPATH\View\View.php(228): include('C:\\laragon\\www\\capstone\\app\\Views\\Pages\\Admin\\add_announcement.php')
 7 SYSTEMPATH\View\View.php(231): CodeIgniter\View\View->CodeIgniter\View\{closure}()
 8 SYSTEMPATH\Common.php(1178): CodeIgniter\View\View->render('pages/admin/add_announcement', [], true)
 9 APPPATH\Controllers\Admin\AnnouncementController.php(23): view('pages/admin/add_announcement')
10 SYSTEMPATH\CodeIgniter.php(941): App\Controllers\Admin\AnnouncementController->create()
11 SYSTEMPATH\CodeIgniter.php(502): CodeIgniter\CodeIgniter->runController(Object(App\Controllers\Admin\AnnouncementController))
12 SYSTEMPATH\CodeIgniter.php(361): CodeIgniter\CodeIgniter->handleRequest(null, Object(Config\Cache), false)
13 FCPATH\index.php(79): CodeIgniter\CodeIgniter->run()
CRITICAL - 2024-03-18 04:38:32 --> ErrorException: Undefined property: CodeIgniter\View\View::$Func_Misc
in APPPATH\Views\Components\Admin\navbar.php on line 17.
 1 APPPATH\Views\Components\Admin\navbar.php(17): CodeIgniter\Debug\Exceptions->errorHandler(2, 'Undefined property: CodeIgniter\\View\\View::$Func_Misc', 'C:\\laragon\\www\\capstone\\app\\Views\\Components\\Admin\\navbar.php', 17)
 2 SYSTEMPATH\View\View.php(228): include('C:\\laragon\\www\\capstone\\app\\Views\\Components\\Admin\\navbar.php')
 3 SYSTEMPATH\View\View.php(231): CodeIgniter\View\View->CodeIgniter\View\{closure}()
 4 SYSTEMPATH\View\View.php(469): CodeIgniter\View\View->render('Components/admin/navbar', null, true)
 5 APPPATH\Views\Pages\Admin\dashboard.php(16): CodeIgniter\View\View->include('Components/admin/navbar')
 6 SYSTEMPATH\View\View.php(228): include('C:\\laragon\\www\\capstone\\app\\Views\\Pages\\Admin\\dashboard.php')
 7 SYSTEMPATH\View\View.php(231): CodeIgniter\View\View->CodeIgniter\View\{closure}()
 8 SYSTEMPATH\Common.php(1178): CodeIgniter\View\View->render('pages/admin/dashboard', [], true)
 9 APPPATH\Controllers\Admin\DashboardController.php(12): view('pages/admin/dashboard')
10 SYSTEMPATH\CodeIgniter.php(941): App\Controllers\Admin\DashboardController->index()
11 SYSTEMPATH\CodeIgniter.php(502): CodeIgniter\CodeIgniter->runController(Object(App\Controllers\Admin\DashboardController))
12 SYSTEMPATH\CodeIgniter.php(361): CodeIgniter\CodeIgniter->handleRequest(null, Object(Config\Cache), false)
13 FCPATH\index.php(79): CodeIgniter\CodeIgniter->run()
CRITICAL - 2024-03-18 04:39:21 --> ErrorException: Undefined variable $title
in APPPATH\Views\Components\Admin\navbar.php on line 82.
 1 APPPATH\Views\Components\Admin\navbar.php(82): CodeIgniter\Debug\Exceptions->errorHandler(2, 'Undefined variable $title', 'C:\\laragon\\www\\capstone\\app\\Views\\Components\\Admin\\navbar.php', 82)
 2 SYSTEMPATH\View\View.php(228): include('C:\\laragon\\www\\capstone\\app\\Views\\Components\\Admin\\navbar.php')
 3 SYSTEMPATH\View\View.php(231): CodeIgniter\View\View->CodeIgniter\View\{closure}()
 4 SYSTEMPATH\View\View.php(469): CodeIgniter\View\View->render('Components/admin/navbar', null, true)
 5 APPPATH\Views\Pages\Admin\dashboard.php(16): CodeIgniter\View\View->include('Components/admin/navbar')
 6 SYSTEMPATH\View\View.php(228): include('C:\\laragon\\www\\capstone\\app\\Views\\Pages\\Admin\\dashboard.php')
 7 SYSTEMPATH\View\View.php(231): CodeIgniter\View\View->CodeIgniter\View\{closure}()
 8 SYSTEMPATH\Common.php(1178): CodeIgniter\View\View->render('pages/admin/dashboard', [], true)
 9 APPPATH\Controllers\Admin\DashboardController.php(12): view('pages/admin/dashboard')
10 SYSTEMPATH\CodeIgniter.php(941): App\Controllers\Admin\DashboardController->index()
11 SYSTEMPATH\CodeIgniter.php(502): CodeIgniter\CodeIgniter->runController(Object(App\Controllers\Admin\DashboardController))
12 SYSTEMPATH\CodeIgniter.php(361): CodeIgniter\CodeIgniter->handleRequest(null, Object(Config\Cache), false)
13 FCPATH\index.php(79): CodeIgniter\CodeIgniter->run()
CRITICAL - 2024-03-18 04:39:22 --> ErrorException: Undefined variable $title
in APPPATH\Views\Components\Admin\navbar.php on line 82.
 1 APPPATH\Views\Components\Admin\navbar.php(82): CodeIgniter\Debug\Exceptions->errorHandler(2, 'Undefined variable $title', 'C:\\laragon\\www\\capstone\\app\\Views\\Components\\Admin\\navbar.php', 82)
 2 SYSTEMPATH\View\View.php(228): include('C:\\laragon\\www\\capstone\\app\\Views\\Components\\Admin\\navbar.php')
 3 SYSTEMPATH\View\View.php(231): CodeIgniter\View\View->CodeIgniter\View\{closure}()
 4 SYSTEMPATH\View\View.php(469): CodeIgniter\View\View->render('Components/admin/navbar', null, true)
 5 APPPATH\Views\Pages\Admin\dashboard.php(16): CodeIgniter\View\View->include('Components/admin/navbar')
 6 SYSTEMPATH\View\View.php(228): include('C:\\laragon\\www\\capstone\\app\\Views\\Pages\\Admin\\dashboard.php')
 7 SYSTEMPATH\View\View.php(231): CodeIgniter\View\View->CodeIgniter\View\{closure}()
 8 SYSTEMPATH\Common.php(1178): CodeIgniter\View\View->render('pages/admin/dashboard', [], true)
 9 APPPATH\Controllers\Admin\DashboardController.php(12): view('pages/admin/dashboard')
10 SYSTEMPATH\CodeIgniter.php(941): App\Controllers\Admin\DashboardController->index()
11 SYSTEMPATH\CodeIgniter.php(502): CodeIgniter\CodeIgniter->runController(Object(App\Controllers\Admin\DashboardController))
12 SYSTEMPATH\CodeIgniter.php(361): CodeIgniter\CodeIgniter->handleRequest(null, Object(Config\Cache), false)
13 FCPATH\index.php(79): CodeIgniter\CodeIgniter->run()
CRITICAL - 2024-03-18 04:39:45 --> ErrorException: Undefined variable $name
in APPPATH\Views\Components\Admin\navbar.php on line 109.
 1 APPPATH\Views\Components\Admin\navbar.php(109): CodeIgniter\Debug\Exceptions->errorHandler(2, 'Undefined variable $name', 'C:\\laragon\\www\\capstone\\app\\Views\\Components\\Admin\\navbar.php', 109)
 2 SYSTEMPATH\View\View.php(228): include('C:\\laragon\\www\\capstone\\app\\Views\\Components\\Admin\\navbar.php')
 3 SYSTEMPATH\View\View.php(231): CodeIgniter\View\View->CodeIgniter\View\{closure}()
 4 SYSTEMPATH\View\View.php(469): CodeIgniter\View\View->render('Components/admin/navbar', null, true)
 5 APPPATH\Views\Pages\Admin\dashboard.php(16): CodeIgniter\View\View->include('Components/admin/navbar')
 6 SYSTEMPATH\View\View.php(228): include('C:\\laragon\\www\\capstone\\app\\Views\\Pages\\Admin\\dashboard.php')
 7 SYSTEMPATH\View\View.php(231): CodeIgniter\View\View->CodeIgniter\View\{closure}()
 8 SYSTEMPATH\Common.php(1178): CodeIgniter\View\View->render('pages/admin/dashboard', [], true)
 9 APPPATH\Controllers\Admin\DashboardController.php(12): view('pages/admin/dashboard')
10 SYSTEMPATH\CodeIgniter.php(941): App\Controllers\Admin\DashboardController->index()
11 SYSTEMPATH\CodeIgniter.php(502): CodeIgniter\CodeIgniter->runController(Object(App\Controllers\Admin\DashboardController))
12 SYSTEMPATH\CodeIgniter.php(361): CodeIgniter\CodeIgniter->handleRequest(null, Object(Config\Cache), false)
13 FCPATH\index.php(79): CodeIgniter\CodeIgniter->run()
CRITICAL - 2024-03-18 04:39:45 --> ErrorException: Undefined variable $name
in APPPATH\Views\Components\Admin\navbar.php on line 109.
 1 APPPATH\Views\Components\Admin\navbar.php(109): CodeIgniter\Debug\Exceptions->errorHandler(2, 'Undefined variable $name', 'C:\\laragon\\www\\capstone\\app\\Views\\Components\\Admin\\navbar.php', 109)
 2 SYSTEMPATH\View\View.php(228): include('C:\\laragon\\www\\capstone\\app\\Views\\Components\\Admin\\navbar.php')
 3 SYSTEMPATH\View\View.php(231): CodeIgniter\View\View->CodeIgniter\View\{closure}()
 4 SYSTEMPATH\View\View.php(469): CodeIgniter\View\View->render('Components/admin/navbar', null, true)
 5 APPPATH\Views\Pages\Admin\dashboard.php(16): CodeIgniter\View\View->include('Components/admin/navbar')
 6 SYSTEMPATH\View\View.php(228): include('C:\\laragon\\www\\capstone\\app\\Views\\Pages\\Admin\\dashboard.php')
 7 SYSTEMPATH\View\View.php(231): CodeIgniter\View\View->CodeIgniter\View\{closure}()
 8 SYSTEMPATH\Common.php(1178): CodeIgniter\View\View->render('pages/admin/dashboard', [], true)
 9 APPPATH\Controllers\Admin\DashboardController.php(12): view('pages/admin/dashboard')
10 SYSTEMPATH\CodeIgniter.php(941): App\Controllers\Admin\DashboardController->index()
11 SYSTEMPATH\CodeIgniter.php(502): CodeIgniter\CodeIgniter->runController(Object(App\Controllers\Admin\DashboardController))
12 SYSTEMPATH\CodeIgniter.php(361): CodeIgniter\CodeIgniter->handleRequest(null, Object(Config\Cache), false)
13 FCPATH\index.php(79): CodeIgniter\CodeIgniter->run()
CRITICAL - 2024-03-18 04:39:57 --> ErrorException: Undefined global variable $_SESSION
in APPPATH\Views\Components\Admin\navbar.php on line 113.
 1 APPPATH\Views\Components\Admin\navbar.php(113): CodeIgniter\Debug\Exceptions->errorHandler(2, 'Undefined global variable $_SESSION', 'C:\\laragon\\www\\capstone\\app\\Views\\Components\\Admin\\navbar.php', 113)
 2 SYSTEMPATH\View\View.php(228): include('C:\\laragon\\www\\capstone\\app\\Views\\Components\\Admin\\navbar.php')
 3 SYSTEMPATH\View\View.php(231): CodeIgniter\View\View->CodeIgniter\View\{closure}()
 4 SYSTEMPATH\View\View.php(469): CodeIgniter\View\View->render('Components/admin/navbar', null, true)
 5 APPPATH\Views\Pages\Admin\dashboard.php(16): CodeIgniter\View\View->include('Components/admin/navbar')
 6 SYSTEMPATH\View\View.php(228): include('C:\\laragon\\www\\capstone\\app\\Views\\Pages\\Admin\\dashboard.php')
 7 SYSTEMPATH\View\View.php(231): CodeIgniter\View\View->CodeIgniter\View\{closure}()
 8 SYSTEMPATH\Common.php(1178): CodeIgniter\View\View->render('pages/admin/dashboard', [], true)
 9 APPPATH\Controllers\Admin\DashboardController.php(12): view('pages/admin/dashboard')
10 SYSTEMPATH\CodeIgniter.php(941): App\Controllers\Admin\DashboardController->index()
11 SYSTEMPATH\CodeIgniter.php(502): CodeIgniter\CodeIgniter->runController(Object(App\Controllers\Admin\DashboardController))
12 SYSTEMPATH\CodeIgniter.php(361): CodeIgniter\CodeIgniter->handleRequest(null, Object(Config\Cache), false)
13 FCPATH\index.php(79): CodeIgniter\CodeIgniter->run()
CRITICAL - 2024-03-18 04:39:57 --> ErrorException: Undefined global variable $_SESSION
in APPPATH\Views\Components\Admin\navbar.php on line 113.
 1 APPPATH\Views\Components\Admin\navbar.php(113): CodeIgniter\Debug\Exceptions->errorHandler(2, 'Undefined global variable $_SESSION', 'C:\\laragon\\www\\capstone\\app\\Views\\Components\\Admin\\navbar.php', 113)
 2 SYSTEMPATH\View\View.php(228): include('C:\\laragon\\www\\capstone\\app\\Views\\Components\\Admin\\navbar.php')
 3 SYSTEMPATH\View\View.php(231): CodeIgniter\View\View->CodeIgniter\View\{closure}()
 4 SYSTEMPATH\View\View.php(469): CodeIgniter\View\View->render('Components/admin/navbar', null, true)
 5 APPPATH\Views\Pages\Admin\dashboard.php(16): CodeIgniter\View\View->include('Components/admin/navbar')
 6 SYSTEMPATH\View\View.php(228): include('C:\\laragon\\www\\capstone\\app\\Views\\Pages\\Admin\\dashboard.php')
 7 SYSTEMPATH\View\View.php(231): CodeIgniter\View\View->CodeIgniter\View\{closure}()
 8 SYSTEMPATH\Common.php(1178): CodeIgniter\View\View->render('pages/admin/dashboard', [], true)
 9 APPPATH\Controllers\Admin\DashboardController.php(12): view('pages/admin/dashboard')
10 SYSTEMPATH\CodeIgniter.php(941): App\Controllers\Admin\DashboardController->index()
11 SYSTEMPATH\CodeIgniter.php(502): CodeIgniter\CodeIgniter->runController(Object(App\Controllers\Admin\DashboardController))
12 SYSTEMPATH\CodeIgniter.php(361): CodeIgniter\CodeIgniter->handleRequest(null, Object(Config\Cache), false)
13 FCPATH\index.php(79): CodeIgniter\CodeIgniter->run()
CRITICAL - 2024-03-18 04:40:24 --> ErrorException: Undefined variable $content
in APPPATH\Views\Components\Admin\navbar.php on line 130.
 1 APPPATH\Views\Components\Admin\navbar.php(130): CodeIgniter\Debug\Exceptions->errorHandler(2, 'Undefined variable $content', 'C:\\laragon\\www\\capstone\\app\\Views\\Components\\Admin\\navbar.php', 130)
 2 SYSTEMPATH\View\View.php(228): include('C:\\laragon\\www\\capstone\\app\\Views\\Components\\Admin\\navbar.php')
 3 SYSTEMPATH\View\View.php(231): CodeIgniter\View\View->CodeIgniter\View\{closure}()
 4 SYSTEMPATH\View\View.php(469): CodeIgniter\View\View->render('Components/admin/navbar', null, true)
 5 APPPATH\Views\Pages\Admin\dashboard.php(16): CodeIgniter\View\View->include('Components/admin/navbar')
 6 SYSTEMPATH\View\View.php(228): include('C:\\laragon\\www\\capstone\\app\\Views\\Pages\\Admin\\dashboard.php')
 7 SYSTEMPATH\View\View.php(231): CodeIgniter\View\View->CodeIgniter\View\{closure}()
 8 SYSTEMPATH\Common.php(1178): CodeIgniter\View\View->render('pages/admin/dashboard', [], true)
 9 APPPATH\Controllers\Admin\DashboardController.php(12): view('pages/admin/dashboard')
10 SYSTEMPATH\CodeIgniter.php(941): App\Controllers\Admin\DashboardController->index()
11 SYSTEMPATH\CodeIgniter.php(502): CodeIgniter\CodeIgniter->runController(Object(App\Controllers\Admin\DashboardController))
12 SYSTEMPATH\CodeIgniter.php(361): CodeIgniter\CodeIgniter->handleRequest(null, Object(Config\Cache), false)
13 FCPATH\index.php(79): CodeIgniter\CodeIgniter->run()
CRITICAL - 2024-03-18 04:40:25 --> ErrorException: Undefined variable $content
in APPPATH\Views\Components\Admin\navbar.php on line 130.
 1 APPPATH\Views\Components\Admin\navbar.php(130): CodeIgniter\Debug\Exceptions->errorHandler(2, 'Undefined variable $content', 'C:\\laragon\\www\\capstone\\app\\Views\\Components\\Admin\\navbar.php', 130)
 2 SYSTEMPATH\View\View.php(228): include('C:\\laragon\\www\\capstone\\app\\Views\\Components\\Admin\\navbar.php')
 3 SYSTEMPATH\View\View.php(231): CodeIgniter\View\View->CodeIgniter\View\{closure}()
 4 SYSTEMPATH\View\View.php(469): CodeIgniter\View\View->render('Components/admin/navbar', null, true)
 5 APPPATH\Views\Pages\Admin\dashboard.php(16): CodeIgniter\View\View->include('Components/admin/navbar')
 6 SYSTEMPATH\View\View.php(228): include('C:\\laragon\\www\\capstone\\app\\Views\\Pages\\Admin\\dashboard.php')
 7 SYSTEMPATH\View\View.php(231): CodeIgniter\View\View->CodeIgniter\View\{closure}()
 8 SYSTEMPATH\Common.php(1178): CodeIgniter\View\View->render('pages/admin/dashboard', [], true)
 9 APPPATH\Controllers\Admin\DashboardController.php(12): view('pages/admin/dashboard')
10 SYSTEMPATH\CodeIgniter.php(941): App\Controllers\Admin\DashboardController->index()
11 SYSTEMPATH\CodeIgniter.php(502): CodeIgniter\CodeIgniter->runController(Object(App\Controllers\Admin\DashboardController))
12 SYSTEMPATH\CodeIgniter.php(361): CodeIgniter\CodeIgniter->handleRequest(null, Object(Config\Cache), false)
13 FCPATH\index.php(79): CodeIgniter\CodeIgniter->run()
CRITICAL - 2024-03-18 04:56:05 --> ErrorException: Undefined variable $title
in APPPATH\Views\Components\Admin\head.php on line 10.
 1 APPPATH\Views\Components\Admin\head.php(10): CodeIgniter\Debug\Exceptions->errorHandler(2, 'Undefined variable $title', 'C:\\laragon\\www\\capstone\\app\\Views\\Components\\Admin\\head.php', 10)
 2 SYSTEMPATH\View\View.php(228): include('C:\\laragon\\www\\capstone\\app\\Views\\Components\\Admin\\head.php')
 3 SYSTEMPATH\View\View.php(231): CodeIgniter\View\View->CodeIgniter\View\{closure}()
 4 SYSTEMPATH\View\View.php(469): CodeIgniter\View\View->render('Components/admin/head', null, true)
 5 APPPATH\Views\Pages\Admin\dashboard.php(2): CodeIgniter\View\View->include('Components/admin/head')
 6 SYSTEMPATH\View\View.php(228): include('C:\\laragon\\www\\capstone\\app\\Views\\Pages\\Admin\\dashboard.php')
 7 SYSTEMPATH\View\View.php(231): CodeIgniter\View\View->CodeIgniter\View\{closure}()
 8 SYSTEMPATH\Common.php(1178): CodeIgniter\View\View->render('pages/admin/dashboard', [], true)
 9 APPPATH\Controllers\Admin\DashboardController.php(12): view('pages/admin/dashboard')
10 SYSTEMPATH\CodeIgniter.php(941): App\Controllers\Admin\DashboardController->index()
11 SYSTEMPATH\CodeIgniter.php(502): CodeIgniter\CodeIgniter->runController(Object(App\Controllers\Admin\DashboardController))
12 SYSTEMPATH\CodeIgniter.php(361): CodeIgniter\CodeIgniter->handleRequest(null, Object(Config\Cache), false)
13 FCPATH\index.php(79): CodeIgniter\CodeIgniter->run()
CRITICAL - 2024-03-18 04:56:21 --> ErrorException: Undefined variable $title
in APPPATH\Views\Components\Admin\head.php on line 10.
 1 APPPATH\Views\Components\Admin\head.php(10): CodeIgniter\Debug\Exceptions->errorHandler(2, 'Undefined variable $title', 'C:\\laragon\\www\\capstone\\app\\Views\\Components\\Admin\\head.php', 10)
 2 SYSTEMPATH\View\View.php(228): include('C:\\laragon\\www\\capstone\\app\\Views\\Components\\Admin\\head.php')
 3 SYSTEMPATH\View\View.php(231): CodeIgniter\View\View->CodeIgniter\View\{closure}()
 4 SYSTEMPATH\View\View.php(469): CodeIgniter\View\View->render('Components/admin/head', null, true)
 5 APPPATH\Views\Pages\Admin\dashboard.php(2): CodeIgniter\View\View->include('Components/admin/head')
 6 SYSTEMPATH\View\View.php(228): include('C:\\laragon\\www\\capstone\\app\\Views\\Pages\\Admin\\dashboard.php')
 7 SYSTEMPATH\View\View.php(231): CodeIgniter\View\View->CodeIgniter\View\{closure}()
 8 SYSTEMPATH\Common.php(1178): CodeIgniter\View\View->render('pages/admin/dashboard', [], true)
 9 APPPATH\Controllers\Admin\DashboardController.php(12): view('pages/admin/dashboard')
10 SYSTEMPATH\CodeIgniter.php(941): App\Controllers\Admin\DashboardController->index()
11 SYSTEMPATH\CodeIgniter.php(502): CodeIgniter\CodeIgniter->runController(Object(App\Controllers\Admin\DashboardController))
12 SYSTEMPATH\CodeIgniter.php(361): CodeIgniter\CodeIgniter->handleRequest(null, Object(Config\Cache), false)
13 FCPATH\index.php(79): CodeIgniter\CodeIgniter->run()
CRITICAL - 2024-03-18 06:43:27 --> ErrorException: Undefined variable $model
in APPPATH\Controllers\Admin\DashboardController.php on line 21.
 1 APPPATH\Controllers\Admin\DashboardController.php(21): CodeIgniter\Debug\Exceptions->errorHandler(2, 'Undefined variable $model', 'C:\\laragon\\www\\capstone\\app\\Controllers\\Admin\\DashboardController.php', 21)
 2 SYSTEMPATH\CodeIgniter.php(941): App\Controllers\Admin\DashboardController->index()
 3 SYSTEMPATH\CodeIgniter.php(502): CodeIgniter\CodeIgniter->runController(Object(App\Controllers\Admin\DashboardController))
 4 SYSTEMPATH\CodeIgniter.php(361): CodeIgniter\CodeIgniter->handleRequest(null, Object(Config\Cache), false)
 5 FCPATH\index.php(79): CodeIgniter\CodeIgniter->run()
CRITICAL - 2024-03-18 06:44:24 --> ErrorException: Undefined variable $model
in APPPATH\Controllers\Admin\DashboardController.php on line 26.
 1 APPPATH\Controllers\Admin\DashboardController.php(26): CodeIgniter\Debug\Exceptions->errorHandler(2, 'Undefined variable $model', 'C:\\laragon\\www\\capstone\\app\\Controllers\\Admin\\DashboardController.php', 26)
 2 SYSTEMPATH\CodeIgniter.php(941): App\Controllers\Admin\DashboardController->index()
 3 SYSTEMPATH\CodeIgniter.php(502): CodeIgniter\CodeIgniter->runController(Object(App\Controllers\Admin\DashboardController))
 4 SYSTEMPATH\CodeIgniter.php(361): CodeIgniter\CodeIgniter->handleRequest(null, Object(Config\Cache), false)
 5 FCPATH\index.php(79): CodeIgniter\CodeIgniter->run()
ERROR - 2024-03-18 06:44:44 --> mysqli_sql_exception: Table 'db_scholar.dashboards' doesn't exist in C:\laragon\www\capstone\system\Database\MySQLi\Connection.php:306
Stack trace:
#0 C:\laragon\www\capstone\system\Database\MySQLi\Connection.php(306): mysqli->query('SELECT *\nFROM `...', 0)
#1 C:\laragon\www\capstone\system\Database\BaseConnection.php(693): CodeIgniter\Database\MySQLi\Connection->execute('SELECT *\nFROM `...')
#2 C:\laragon\www\capstone\system\Database\BaseConnection.php(607): CodeIgniter\Database\BaseConnection->simpleQuery('SELECT *\nFROM `...')
#3 C:\laragon\www\capstone\system\Database\BaseBuilder.php(1616): CodeIgniter\Database\BaseConnection->query('SELECT *\nFROM `...', Array, false)
#4 C:\laragon\www\capstone\system\Model.php(242): CodeIgniter\Database\BaseBuilder->get()
#5 C:\laragon\www\capstone\system\BaseModel.php(638): CodeIgniter\Model->doFindAll(0, 0)
#6 C:\laragon\www\capstone\app\Controllers\Admin\DashboardController.php(26): CodeIgniter\BaseModel->findAll()
#7 C:\laragon\www\capstone\system\CodeIgniter.php(941): App\Controllers\Admin\DashboardController->index()
#8 C:\laragon\www\capstone\system\CodeIgniter.php(502): CodeIgniter\CodeIgniter->runController(Object(App\Controllers\Admin\DashboardController))
#9 C:\laragon\www\capstone\system\CodeIgniter.php(361): CodeIgniter\CodeIgniter->handleRequest(NULL, Object(Config\Cache), false)
#10 C:\laragon\www\capstone\public\index.php(79): CodeIgniter\CodeIgniter->run()
#11 {main}
CRITICAL - 2024-03-18 06:44:44 --> CodeIgniter\Database\Exceptions\DatabaseException: Table 'db_scholar.dashboards' doesn't exist
in SYSTEMPATH\Database\BaseConnection.php on line 647.
 1 SYSTEMPATH\Database\BaseBuilder.php(1616): CodeIgniter\Database\BaseConnection->query('SELECT *
FROM `dashboards`', [], false)
 2 SYSTEMPATH\Model.php(242): CodeIgniter\Database\BaseBuilder->get()
 3 SYSTEMPATH\BaseModel.php(638): CodeIgniter\Model->doFindAll(0, 0)
 4 APPPATH\Controllers\Admin\DashboardController.php(26): CodeIgniter\BaseModel->findAll()
 5 SYSTEMPATH\CodeIgniter.php(941): App\Controllers\Admin\DashboardController->index()
 6 SYSTEMPATH\CodeIgniter.php(502): CodeIgniter\CodeIgniter->runController(Object(App\Controllers\Admin\DashboardController))
 7 SYSTEMPATH\CodeIgniter.php(361): CodeIgniter\CodeIgniter->handleRequest(null, Object(Config\Cache), false)
 8 FCPATH\index.php(79): CodeIgniter\CodeIgniter->run()
CRITICAL - 2024-03-18 06:44:44 --> [Caused by] CodeIgniter\Database\Exceptions\DatabaseException: Table 'db_scholar.dashboards' doesn't exist
in SYSTEMPATH\Database\MySQLi\Connection.php on line 311.
 1 SYSTEMPATH\Database\BaseConnection.php(693): CodeIgniter\Database\MySQLi\Connection->execute('SELECT *
FROM `dashboards`')
 2 SYSTEMPATH\Database\BaseConnection.php(607): CodeIgniter\Database\BaseConnection->simpleQuery('SELECT *
FROM `dashboards`')
 3 SYSTEMPATH\Database\BaseBuilder.php(1616): CodeIgniter\Database\BaseConnection->query('SELECT *
FROM `dashboards`', [], false)
 4 SYSTEMPATH\Model.php(242): CodeIgniter\Database\BaseBuilder->get()
 5 SYSTEMPATH\BaseModel.php(638): CodeIgniter\Model->doFindAll(0, 0)
 6 APPPATH\Controllers\Admin\DashboardController.php(26): CodeIgniter\BaseModel->findAll()
 7 SYSTEMPATH\CodeIgniter.php(941): App\Controllers\Admin\DashboardController->index()
 8 SYSTEMPATH\CodeIgniter.php(502): CodeIgniter\CodeIgniter->runController(Object(App\Controllers\Admin\DashboardController))
 9 SYSTEMPATH\CodeIgniter.php(361): CodeIgniter\CodeIgniter->handleRequest(null, Object(Config\Cache), false)
10 FCPATH\index.php(79): CodeIgniter\CodeIgniter->run()
CRITICAL - 2024-03-18 06:44:44 --> [Caused by] mysqli_sql_exception: Table 'db_scholar.dashboards' doesn't exist
in SYSTEMPATH\Database\MySQLi\Connection.php on line 306.
 1 SYSTEMPATH\Database\MySQLi\Connection.php(306): mysqli->query('SELECT *
FROM `dashboards`', 0)
 2 SYSTEMPATH\Database\BaseConnection.php(693): CodeIgniter\Database\MySQLi\Connection->execute('SELECT *
FROM `dashboards`')
 3 SYSTEMPATH\Database\BaseConnection.php(607): CodeIgniter\Database\BaseConnection->simpleQuery('SELECT *
FROM `dashboards`')
 4 SYSTEMPATH\Database\BaseBuilder.php(1616): CodeIgniter\Database\BaseConnection->query('SELECT *
FROM `dashboards`', [], false)
 5 SYSTEMPATH\Model.php(242): CodeIgniter\Database\BaseBuilder->get()
 6 SYSTEMPATH\BaseModel.php(638): CodeIgniter\Model->doFindAll(0, 0)
 7 APPPATH\Controllers\Admin\DashboardController.php(26): CodeIgniter\BaseModel->findAll()
 8 SYSTEMPATH\CodeIgniter.php(941): App\Controllers\Admin\DashboardController->index()
 9 SYSTEMPATH\CodeIgniter.php(502): CodeIgniter\CodeIgniter->runController(Object(App\Controllers\Admin\DashboardController))
10 SYSTEMPATH\CodeIgniter.php(361): CodeIgniter\CodeIgniter->handleRequest(null, Object(Config\Cache), false)
11 FCPATH\index.php(79): CodeIgniter\CodeIgniter->run()
CRITICAL - 2024-03-18 06:49:26 --> ErrorException: Undefined variable $data
in APPPATH\Controllers\Admin\DashboardController.php on line 34.
 1 APPPATH\Controllers\Admin\DashboardController.php(34): CodeIgniter\Debug\Exceptions->errorHandler(2, 'Undefined variable $data', 'C:\\laragon\\www\\capstone\\app\\Controllers\\Admin\\DashboardController.php', 34)
 2 SYSTEMPATH\CodeIgniter.php(941): App\Controllers\Admin\DashboardController->index()
 3 SYSTEMPATH\CodeIgniter.php(502): CodeIgniter\CodeIgniter->runController(Object(App\Controllers\Admin\DashboardController))
 4 SYSTEMPATH\CodeIgniter.php(361): CodeIgniter\CodeIgniter->handleRequest(null, Object(Config\Cache), false)
 5 FCPATH\index.php(79): CodeIgniter\CodeIgniter->run()
CRITICAL - 2024-03-18 06:52:22 --> ErrorException: Trying to access array offset on value of type int
in APPPATH\Controllers\Admin\DashboardController.php on line 35.
 1 APPPATH\Controllers\Admin\DashboardController.php(35): CodeIgniter\Debug\Exceptions->errorHandler(2, 'Trying to access array offset on value of type int', 'C:\\laragon\\www\\capstone\\app\\Controllers\\Admin\\DashboardController.php', 35)
 2 SYSTEMPATH\CodeIgniter.php(941): App\Controllers\Admin\DashboardController->index()
 3 SYSTEMPATH\CodeIgniter.php(502): CodeIgniter\CodeIgniter->runController(Object(App\Controllers\Admin\DashboardController))
 4 SYSTEMPATH\CodeIgniter.php(361): CodeIgniter\CodeIgniter->handleRequest(null, Object(Config\Cache), false)
 5 FCPATH\index.php(79): CodeIgniter\CodeIgniter->run()
CRITICAL - 2024-03-18 06:54:42 --> ErrorException: Undefined variable $total_scolar
in APPPATH\Views\Pages\Admin\dashboard.php on line 9.
 1 APPPATH\Views\Pages\Admin\dashboard.php(9): CodeIgniter\Debug\Exceptions->errorHandler(2, 'Undefined variable $total_scolar', 'C:\\laragon\\www\\capstone\\app\\Views\\Pages\\Admin\\dashboard.php', 9)
 2 SYSTEMPATH\View\View.php(228): include('C:\\laragon\\www\\capstone\\app\\Views\\Pages\\Admin\\dashboard.php')
 3 SYSTEMPATH\View\View.php(231): CodeIgniter\View\View->CodeIgniter\View\{closure}()
 4 SYSTEMPATH\Common.php(1178): CodeIgniter\View\View->render('pages/admin/dashboard', [], true)
 5 APPPATH\Controllers\Admin\DashboardController.php(41): view('pages/admin/dashboard', [...])
 6 SYSTEMPATH\CodeIgniter.php(941): App\Controllers\Admin\DashboardController->index()
 7 SYSTEMPATH\CodeIgniter.php(502): CodeIgniter\CodeIgniter->runController(Object(App\Controllers\Admin\DashboardController))
 8 SYSTEMPATH\CodeIgniter.php(361): CodeIgniter\CodeIgniter->handleRequest(null, Object(Config\Cache), false)
 9 FCPATH\index.php(79): CodeIgniter\CodeIgniter->run()
CRITICAL - 2024-03-18 06:54:50 --> ErrorException: Undefined variable $total_scolar
in APPPATH\Views\Pages\Admin\dashboard.php on line 9.
 1 APPPATH\Views\Pages\Admin\dashboard.php(9): CodeIgniter\Debug\Exceptions->errorHandler(2, 'Undefined variable $total_scolar', 'C:\\laragon\\www\\capstone\\app\\Views\\Pages\\Admin\\dashboard.php', 9)
 2 SYSTEMPATH\View\View.php(228): include('C:\\laragon\\www\\capstone\\app\\Views\\Pages\\Admin\\dashboard.php')
 3 SYSTEMPATH\View\View.php(231): CodeIgniter\View\View->CodeIgniter\View\{closure}()
 4 SYSTEMPATH\Common.php(1178): CodeIgniter\View\View->render('pages/admin/dashboard', [], true)
 5 APPPATH\Controllers\Admin\DashboardController.php(41): view('pages/admin/dashboard', [...])
 6 SYSTEMPATH\CodeIgniter.php(941): App\Controllers\Admin\DashboardController->index()
 7 SYSTEMPATH\CodeIgniter.php(502): CodeIgniter\CodeIgniter->runController(Object(App\Controllers\Admin\DashboardController))
 8 SYSTEMPATH\CodeIgniter.php(361): CodeIgniter\CodeIgniter->handleRequest(null, Object(Config\Cache), false)
 9 FCPATH\index.php(79): CodeIgniter\CodeIgniter->run()
CRITICAL - 2024-03-18 06:54:51 --> ErrorException: Undefined variable $total_scolar
in APPPATH\Views\Pages\Admin\dashboard.php on line 9.
 1 APPPATH\Views\Pages\Admin\dashboard.php(9): CodeIgniter\Debug\Exceptions->errorHandler(2, 'Undefined variable $total_scolar', 'C:\\laragon\\www\\capstone\\app\\Views\\Pages\\Admin\\dashboard.php', 9)
 2 SYSTEMPATH\View\View.php(228): include('C:\\laragon\\www\\capstone\\app\\Views\\Pages\\Admin\\dashboard.php')
 3 SYSTEMPATH\View\View.php(231): CodeIgniter\View\View->CodeIgniter\View\{closure}()
 4 SYSTEMPATH\Common.php(1178): CodeIgniter\View\View->render('pages/admin/dashboard', [], true)
 5 APPPATH\Controllers\Admin\DashboardController.php(41): view('pages/admin/dashboard', [...])
 6 SYSTEMPATH\CodeIgniter.php(941): App\Controllers\Admin\DashboardController->index()
 7 SYSTEMPATH\CodeIgniter.php(502): CodeIgniter\CodeIgniter->runController(Object(App\Controllers\Admin\DashboardController))
 8 SYSTEMPATH\CodeIgniter.php(361): CodeIgniter\CodeIgniter->handleRequest(null, Object(Config\Cache), false)
 9 FCPATH\index.php(79): CodeIgniter\CodeIgniter->run()
CRITICAL - 2024-03-18 06:55:04 --> ErrorException: Attempt to read property "total_scolar" on array
in APPPATH\Views\Pages\Admin\dashboard.php on line 9.
 1 APPPATH\Views\Pages\Admin\dashboard.php(9): CodeIgniter\Debug\Exceptions->errorHandler(2, 'Attempt to read property "total_scolar" on array', 'C:\\laragon\\www\\capstone\\app\\Views\\Pages\\Admin\\dashboard.php', 9)
 2 SYSTEMPATH\View\View.php(228): include('C:\\laragon\\www\\capstone\\app\\Views\\Pages\\Admin\\dashboard.php')
 3 SYSTEMPATH\View\View.php(231): CodeIgniter\View\View->CodeIgniter\View\{closure}()
 4 SYSTEMPATH\Common.php(1178): CodeIgniter\View\View->render('pages/admin/dashboard', [], true)
 5 APPPATH\Controllers\Admin\DashboardController.php(41): view('pages/admin/dashboard', [...])
 6 SYSTEMPATH\CodeIgniter.php(941): App\Controllers\Admin\DashboardController->index()
 7 SYSTEMPATH\CodeIgniter.php(502): CodeIgniter\CodeIgniter->runController(Object(App\Controllers\Admin\DashboardController))
 8 SYSTEMPATH\CodeIgniter.php(361): CodeIgniter\CodeIgniter->handleRequest(null, Object(Config\Cache), false)
 9 FCPATH\index.php(79): CodeIgniter\CodeIgniter->run()
CRITICAL - 2024-03-18 06:55:32 --> ErrorException: Array to string conversion
in APPPATH\Views\Pages\Admin\dashboard.php on line 7.
 1 APPPATH\Views\Pages\Admin\dashboard.php(7): CodeIgniter\Debug\Exceptions->errorHandler(2, 'Array to string conversion', 'C:\\laragon\\www\\capstone\\app\\Views\\Pages\\Admin\\dashboard.php', 7)
 2 SYSTEMPATH\View\View.php(228): include('C:\\laragon\\www\\capstone\\app\\Views\\Pages\\Admin\\dashboard.php')
 3 SYSTEMPATH\View\View.php(231): CodeIgniter\View\View->CodeIgniter\View\{closure}()
 4 SYSTEMPATH\Common.php(1178): CodeIgniter\View\View->render('pages/admin/dashboard', [], true)
 5 APPPATH\Controllers\Admin\DashboardController.php(41): view('pages/admin/dashboard', [...])
 6 SYSTEMPATH\CodeIgniter.php(941): App\Controllers\Admin\DashboardController->index()
 7 SYSTEMPATH\CodeIgniter.php(502): CodeIgniter\CodeIgniter->runController(Object(App\Controllers\Admin\DashboardController))
 8 SYSTEMPATH\CodeIgniter.php(361): CodeIgniter\CodeIgniter->handleRequest(null, Object(Config\Cache), false)
 9 FCPATH\index.php(79): CodeIgniter\CodeIgniter->run()
CRITICAL - 2024-03-18 06:56:01 --> ErrorException: Attempt to read property "ELAP" on array
in APPPATH\Views\Pages\Admin\dashboard.php on line 7.
 1 APPPATH\Views\Pages\Admin\dashboard.php(7): CodeIgniter\Debug\Exceptions->errorHandler(2, 'Attempt to read property "ELAP" on array', 'C:\\laragon\\www\\capstone\\app\\Views\\Pages\\Admin\\dashboard.php', 7)
 2 SYSTEMPATH\View\View.php(228): include('C:\\laragon\\www\\capstone\\app\\Views\\Pages\\Admin\\dashboard.php')
 3 SYSTEMPATH\View\View.php(231): CodeIgniter\View\View->CodeIgniter\View\{closure}()
 4 SYSTEMPATH\Common.php(1178): CodeIgniter\View\View->render('pages/admin/dashboard', [], true)
 5 APPPATH\Controllers\Admin\DashboardController.php(41): view('pages/admin/dashboard', [...])
 6 SYSTEMPATH\CodeIgniter.php(941): App\Controllers\Admin\DashboardController->index()
 7 SYSTEMPATH\CodeIgniter.php(502): CodeIgniter\CodeIgniter->runController(Object(App\Controllers\Admin\DashboardController))
 8 SYSTEMPATH\CodeIgniter.php(361): CodeIgniter\CodeIgniter->handleRequest(null, Object(Config\Cache), false)
 9 FCPATH\index.php(79): CodeIgniter\CodeIgniter->run()
CRITICAL - 2024-03-18 06:56:09 --> ErrorException: Attempt to read property "ELAP" on array
in APPPATH\Views\Pages\Admin\dashboard.php on line 7.
 1 APPPATH\Views\Pages\Admin\dashboard.php(7): CodeIgniter\Debug\Exceptions->errorHandler(2, 'Attempt to read property "ELAP" on array', 'C:\\laragon\\www\\capstone\\app\\Views\\Pages\\Admin\\dashboard.php', 7)
 2 SYSTEMPATH\View\View.php(228): include('C:\\laragon\\www\\capstone\\app\\Views\\Pages\\Admin\\dashboard.php')
 3 SYSTEMPATH\View\View.php(231): CodeIgniter\View\View->CodeIgniter\View\{closure}()
 4 SYSTEMPATH\Common.php(1178): CodeIgniter\View\View->render('pages/admin/dashboard', [], true)
 5 APPPATH\Controllers\Admin\DashboardController.php(41): view('pages/admin/dashboard', [...])
 6 SYSTEMPATH\CodeIgniter.php(941): App\Controllers\Admin\DashboardController->index()
 7 SYSTEMPATH\CodeIgniter.php(502): CodeIgniter\CodeIgniter->runController(Object(App\Controllers\Admin\DashboardController))
 8 SYSTEMPATH\CodeIgniter.php(361): CodeIgniter\CodeIgniter->handleRequest(null, Object(Config\Cache), false)
 9 FCPATH\index.php(79): CodeIgniter\CodeIgniter->run()
CRITICAL - 2024-03-18 06:56:10 --> ErrorException: Attempt to read property "ELAP" on array
in APPPATH\Views\Pages\Admin\dashboard.php on line 7.
 1 APPPATH\Views\Pages\Admin\dashboard.php(7): CodeIgniter\Debug\Exceptions->errorHandler(2, 'Attempt to read property "ELAP" on array', 'C:\\laragon\\www\\capstone\\app\\Views\\Pages\\Admin\\dashboard.php', 7)
 2 SYSTEMPATH\View\View.php(228): include('C:\\laragon\\www\\capstone\\app\\Views\\Pages\\Admin\\dashboard.php')
 3 SYSTEMPATH\View\View.php(231): CodeIgniter\View\View->CodeIgniter\View\{closure}()
 4 SYSTEMPATH\Common.php(1178): CodeIgniter\View\View->render('pages/admin/dashboard', [], true)
 5 APPPATH\Controllers\Admin\DashboardController.php(41): view('pages/admin/dashboard', [...])
 6 SYSTEMPATH\CodeIgniter.php(941): App\Controllers\Admin\DashboardController->index()
 7 SYSTEMPATH\CodeIgniter.php(502): CodeIgniter\CodeIgniter->runController(Object(App\Controllers\Admin\DashboardController))
 8 SYSTEMPATH\CodeIgniter.php(361): CodeIgniter\CodeIgniter->handleRequest(null, Object(Config\Cache), false)
 9 FCPATH\index.php(79): CodeIgniter\CodeIgniter->run()
CRITICAL - 2024-03-18 06:58:08 --> ErrorException: Attempt to read property "total_scolar" on array
in APPPATH\Views\Pages\Admin\dashboard.php on line 9.
 1 APPPATH\Views\Pages\Admin\dashboard.php(9): CodeIgniter\Debug\Exceptions->errorHandler(2, 'Attempt to read property "total_scolar" on array', 'C:\\laragon\\www\\capstone\\app\\Views\\Pages\\Admin\\dashboard.php', 9)
 2 SYSTEMPATH\View\View.php(228): include('C:\\laragon\\www\\capstone\\app\\Views\\Pages\\Admin\\dashboard.php')
 3 SYSTEMPATH\View\View.php(231): CodeIgniter\View\View->CodeIgniter\View\{closure}()
 4 SYSTEMPATH\Common.php(1178): CodeIgniter\View\View->render('pages/admin/dashboard', [], true)
 5 APPPATH\Controllers\Admin\DashboardController.php(41): view('pages/admin/dashboard', [...])
 6 SYSTEMPATH\CodeIgniter.php(941): App\Controllers\Admin\DashboardController->index()
 7 SYSTEMPATH\CodeIgniter.php(502): CodeIgniter\CodeIgniter->runController(Object(App\Controllers\Admin\DashboardController))
 8 SYSTEMPATH\CodeIgniter.php(361): CodeIgniter\CodeIgniter->handleRequest(null, Object(Config\Cache), false)
 9 FCPATH\index.php(79): CodeIgniter\CodeIgniter->run()
CRITICAL - 2024-03-18 07:07:00 --> ErrorException: Undefined array key "street"
in APPPATH\Views\Pages\Admin\scholarinfo\scholar.php on line 83.
 1 APPPATH\Views\Pages\Admin\scholarinfo\scholar.php(83): CodeIgniter\Debug\Exceptions->errorHandler(2, 'Undefined array key "street"', 'C:\\laragon\\www\\capstone\\app\\Views\\Pages\\Admin\\scholarinfo\\scholar.php', 83)
 2 SYSTEMPATH\View\View.php(228): include('C:\\laragon\\www\\capstone\\app\\Views\\Pages\\Admin\\scholarinfo\\scholar.php')
 3 SYSTEMPATH\View\View.php(231): CodeIgniter\View\View->CodeIgniter\View\{closure}()
 4 SYSTEMPATH\Common.php(1178): CodeIgniter\View\View->render('pages/admin/scholarinfo/scholar', [], true)
 5 APPPATH\Controllers\Admin\ScholarInfoController.php(22): view('pages/admin/scholarinfo/scholar', [...])
 6 SYSTEMPATH\CodeIgniter.php(941): App\Controllers\Admin\ScholarInfoController->index()
 7 SYSTEMPATH\CodeIgniter.php(502): CodeIgniter\CodeIgniter->runController(Object(App\Controllers\Admin\ScholarInfoController))
 8 SYSTEMPATH\CodeIgniter.php(361): CodeIgniter\CodeIgniter->handleRequest(null, Object(Config\Cache), false)
 9 FCPATH\index.php(79): CodeIgniter\CodeIgniter->run()
CRITICAL - 2024-03-18 07:12:54 --> ErrorException: Undefined variable $page
in APPPATH\Views\Components\Admin\navbar.php on line 3.
 1 APPPATH\Views\Components\Admin\navbar.php(3): CodeIgniter\Debug\Exceptions->errorHandler(2, 'Undefined variable $page', 'C:\\laragon\\www\\capstone\\app\\Views\\Components\\Admin\\navbar.php', 3)
 2 SYSTEMPATH\View\View.php(228): include('C:\\laragon\\www\\capstone\\app\\Views\\Components\\Admin\\navbar.php')
 3 SYSTEMPATH\View\View.php(231): CodeIgniter\View\View->CodeIgniter\View\{closure}()
 4 SYSTEMPATH\View\View.php(469): CodeIgniter\View\View->render('Components/admin/navbar', [...], true)
 5 APPPATH\Views\Pages\Admin\scholarinfo\scholar.php(3): CodeIgniter\View\View->include('Components/admin/navbar', [...])
 6 SYSTEMPATH\View\View.php(228): include('C:\\laragon\\www\\capstone\\app\\Views\\Pages\\Admin\\scholarinfo\\scholar.php')
 7 SYSTEMPATH\View\View.php(231): CodeIgniter\View\View->CodeIgniter\View\{closure}()
 8 SYSTEMPATH\Common.php(1178): CodeIgniter\View\View->render('pages/admin/scholarinfo/scholar', [], true)
 9 APPPATH\Controllers\Admin\ScholarInfoController.php(22): view('pages/admin/scholarinfo/scholar', [...])
10 SYSTEMPATH\CodeIgniter.php(941): App\Controllers\Admin\ScholarInfoController->index()
11 SYSTEMPATH\CodeIgniter.php(502): CodeIgniter\CodeIgniter->runController(Object(App\Controllers\Admin\ScholarInfoController))
12 SYSTEMPATH\CodeIgniter.php(361): CodeIgniter\CodeIgniter->handleRequest(null, Object(Config\Cache), false)
13 FCPATH\index.php(79): CodeIgniter\CodeIgniter->run()
CRITICAL - 2024-03-18 07:13:22 --> ErrorException: Undefined variable $page
in APPPATH\Views\Components\Admin\navbar.php on line 3.
 1 APPPATH\Views\Components\Admin\navbar.php(3): CodeIgniter\Debug\Exceptions->errorHandler(2, 'Undefined variable $page', 'C:\\laragon\\www\\capstone\\app\\Views\\Components\\Admin\\navbar.php', 3)
 2 SYSTEMPATH\View\View.php(228): include('C:\\laragon\\www\\capstone\\app\\Views\\Components\\Admin\\navbar.php')
 3 SYSTEMPATH\View\View.php(231): CodeIgniter\View\View->CodeIgniter\View\{closure}()
 4 SYSTEMPATH\View\View.php(469): CodeIgniter\View\View->render('Components/admin/navbar', [...], true)
 5 APPPATH\Views\Pages\Admin\scholarinfo\scholar.php(3): CodeIgniter\View\View->include('Components/admin/navbar', [...])
 6 SYSTEMPATH\View\View.php(228): include('C:\\laragon\\www\\capstone\\app\\Views\\Pages\\Admin\\scholarinfo\\scholar.php')
 7 SYSTEMPATH\View\View.php(231): CodeIgniter\View\View->CodeIgniter\View\{closure}()
 8 SYSTEMPATH\Common.php(1178): CodeIgniter\View\View->render('pages/admin/scholarinfo/scholar', [], true)
 9 APPPATH\Controllers\Admin\ScholarInfoController.php(22): view('pages/admin/scholarinfo/scholar', [...])
10 SYSTEMPATH\CodeIgniter.php(941): App\Controllers\Admin\ScholarInfoController->index()
11 SYSTEMPATH\CodeIgniter.php(502): CodeIgniter\CodeIgniter->runController(Object(App\Controllers\Admin\ScholarInfoController))
12 SYSTEMPATH\CodeIgniter.php(361): CodeIgniter\CodeIgniter->handleRequest(null, Object(Config\Cache), false)
13 FCPATH\index.php(79): CodeIgniter\CodeIgniter->run()
CRITICAL - 2024-03-18 07:13:23 --> ErrorException: Undefined variable $page
in APPPATH\Views\Components\Admin\navbar.php on line 3.
 1 APPPATH\Views\Components\Admin\navbar.php(3): CodeIgniter\Debug\Exceptions->errorHandler(2, 'Undefined variable $page', 'C:\\laragon\\www\\capstone\\app\\Views\\Components\\Admin\\navbar.php', 3)
 2 SYSTEMPATH\View\View.php(228): include('C:\\laragon\\www\\capstone\\app\\Views\\Components\\Admin\\navbar.php')
 3 SYSTEMPATH\View\View.php(231): CodeIgniter\View\View->CodeIgniter\View\{closure}()
 4 SYSTEMPATH\View\View.php(469): CodeIgniter\View\View->render('Components/admin/navbar', [...], true)
 5 APPPATH\Views\Pages\Admin\scholarinfo\scholar.php(3): CodeIgniter\View\View->include('Components/admin/navbar', [...])
 6 SYSTEMPATH\View\View.php(228): include('C:\\laragon\\www\\capstone\\app\\Views\\Pages\\Admin\\scholarinfo\\scholar.php')
 7 SYSTEMPATH\View\View.php(231): CodeIgniter\View\View->CodeIgniter\View\{closure}()
 8 SYSTEMPATH\Common.php(1178): CodeIgniter\View\View->render('pages/admin/scholarinfo/scholar', [], true)
 9 APPPATH\Controllers\Admin\ScholarInfoController.php(22): view('pages/admin/scholarinfo/scholar', [...])
10 SYSTEMPATH\CodeIgniter.php(941): App\Controllers\Admin\ScholarInfoController->index()
11 SYSTEMPATH\CodeIgniter.php(502): CodeIgniter\CodeIgniter->runController(Object(App\Controllers\Admin\ScholarInfoController))
12 SYSTEMPATH\CodeIgniter.php(361): CodeIgniter\CodeIgniter->handleRequest(null, Object(Config\Cache), false)
13 FCPATH\index.php(79): CodeIgniter\CodeIgniter->run()
CRITICAL - 2024-03-18 07:28:55 --> ParseError: syntax error, unexpected double-quoted string "title", expecting "]"
in APPPATH\Views\Pages\Admin\scholarinfo\scholar.php on line 95.
 1 SYSTEMPATH\View\View.php(231): CodeIgniter\View\View->CodeIgniter\View\{closure}()
 2 SYSTEMPATH\Common.php(1178): CodeIgniter\View\View->render('pages/admin/scholarinfo/scholar', [], true)
 3 APPPATH\Controllers\Admin\ScholarInfoController.php(22): view('pages/admin/scholarinfo/scholar', [...])
 4 SYSTEMPATH\CodeIgniter.php(941): App\Controllers\Admin\ScholarInfoController->index()
 5 SYSTEMPATH\CodeIgniter.php(502): CodeIgniter\CodeIgniter->runController(Object(App\Controllers\Admin\ScholarInfoController))
 6 SYSTEMPATH\CodeIgniter.php(361): CodeIgniter\CodeIgniter->handleRequest(null, Object(Config\Cache), false)
 7 FCPATH\index.php(79): CodeIgniter\CodeIgniter->run()
CRITICAL - 2024-03-18 07:29:05 --> ParseError: syntax error, unexpected token "if"
in APPPATH\Views\Components\Modal.php on line 15.
 1 SYSTEMPATH\View\View.php(231): CodeIgniter\View\View->CodeIgniter\View\{closure}()
 2 SYSTEMPATH\View\View.php(469): CodeIgniter\View\View->render('components/Modal', [...], true)
 3 APPPATH\Views\Pages\Admin\scholarinfo\scholar.php(94): CodeIgniter\View\View->include('components/Modal', [...])
 4 SYSTEMPATH\View\View.php(228): include('C:\\laragon\\www\\capstone\\app\\Views\\Pages\\Admin\\scholarinfo\\scholar.php')
 5 SYSTEMPATH\View\View.php(231): CodeIgniter\View\View->CodeIgniter\View\{closure}()
 6 SYSTEMPATH\Common.php(1178): CodeIgniter\View\View->render('pages/admin/scholarinfo/scholar', [], true)
 7 APPPATH\Controllers\Admin\ScholarInfoController.php(22): view('pages/admin/scholarinfo/scholar', [...])
 8 SYSTEMPATH\CodeIgniter.php(941): App\Controllers\Admin\ScholarInfoController->index()
 9 SYSTEMPATH\CodeIgniter.php(502): CodeIgniter\CodeIgniter->runController(Object(App\Controllers\Admin\ScholarInfoController))
10 SYSTEMPATH\CodeIgniter.php(361): CodeIgniter\CodeIgniter->handleRequest(null, Object(Config\Cache), false)
11 FCPATH\index.php(79): CodeIgniter\CodeIgniter->run()
CRITICAL - 2024-03-18 07:29:37 --> ErrorException: Undefined variable $id
in APPPATH\Views\Components\Modal.php on line 1.
 1 APPPATH\Views\Components\Modal.php(1): CodeIgniter\Debug\Exceptions->errorHandler(2, 'Undefined variable $id', 'C:\\laragon\\www\\capstone\\app\\Views\\Components\\Modal.php', 1)
 2 SYSTEMPATH\View\View.php(228): include('C:\\laragon\\www\\capstone\\app\\Views\\Components\\Modal.php')
 3 SYSTEMPATH\View\View.php(231): CodeIgniter\View\View->CodeIgniter\View\{closure}()
 4 SYSTEMPATH\View\View.php(469): CodeIgniter\View\View->render('components/Modal', [...], true)
 5 APPPATH\Views\Pages\Admin\scholarinfo\scholar.php(94): CodeIgniter\View\View->include('components/Modal', [...])
 6 SYSTEMPATH\View\View.php(228): include('C:\\laragon\\www\\capstone\\app\\Views\\Pages\\Admin\\scholarinfo\\scholar.php')
 7 SYSTEMPATH\View\View.php(231): CodeIgniter\View\View->CodeIgniter\View\{closure}()
 8 SYSTEMPATH\Common.php(1178): CodeIgniter\View\View->render('pages/admin/scholarinfo/scholar', [], true)
 9 APPPATH\Controllers\Admin\ScholarInfoController.php(22): view('pages/admin/scholarinfo/scholar', [...])
10 SYSTEMPATH\CodeIgniter.php(941): App\Controllers\Admin\ScholarInfoController->index()
11 SYSTEMPATH\CodeIgniter.php(502): CodeIgniter\CodeIgniter->runController(Object(App\Controllers\Admin\ScholarInfoController))
12 SYSTEMPATH\CodeIgniter.php(361): CodeIgniter\CodeIgniter->handleRequest(null, Object(Config\Cache), false)
13 FCPATH\index.php(79): CodeIgniter\CodeIgniter->run()
CRITICAL - 2024-03-18 07:29:56 --> ErrorException: Undefined variable $id
in APPPATH\Views\Components\Modal.php on line 1.
 1 APPPATH\Views\Components\Modal.php(1): CodeIgniter\Debug\Exceptions->errorHandler(2, 'Undefined variable $id', 'C:\\laragon\\www\\capstone\\app\\Views\\Components\\Modal.php', 1)
 2 SYSTEMPATH\View\View.php(228): include('C:\\laragon\\www\\capstone\\app\\Views\\Components\\Modal.php')
 3 SYSTEMPATH\View\View.php(231): CodeIgniter\View\View->CodeIgniter\View\{closure}()
 4 SYSTEMPATH\View\View.php(469): CodeIgniter\View\View->render('components/Modal', [...], true)
 5 APPPATH\Views\Pages\Admin\scholarinfo\scholar.php(94): CodeIgniter\View\View->include('components/Modal', [...])
 6 SYSTEMPATH\View\View.php(228): include('C:\\laragon\\www\\capstone\\app\\Views\\Pages\\Admin\\scholarinfo\\scholar.php')
 7 SYSTEMPATH\View\View.php(231): CodeIgniter\View\View->CodeIgniter\View\{closure}()
 8 SYSTEMPATH\Common.php(1178): CodeIgniter\View\View->render('pages/admin/scholarinfo/scholar', [], true)
 9 APPPATH\Controllers\Admin\ScholarInfoController.php(22): view('pages/admin/scholarinfo/scholar', [...])
10 SYSTEMPATH\CodeIgniter.php(941): App\Controllers\Admin\ScholarInfoController->index()
11 SYSTEMPATH\CodeIgniter.php(502): CodeIgniter\CodeIgniter->runController(Object(App\Controllers\Admin\ScholarInfoController))
12 SYSTEMPATH\CodeIgniter.php(361): CodeIgniter\CodeIgniter->handleRequest(null, Object(Config\Cache), false)
13 FCPATH\index.php(79): CodeIgniter\CodeIgniter->run()
CRITICAL - 2024-03-18 07:29:57 --> ErrorException: Undefined variable $id
in APPPATH\Views\Components\Modal.php on line 1.
 1 APPPATH\Views\Components\Modal.php(1): CodeIgniter\Debug\Exceptions->errorHandler(2, 'Undefined variable $id', 'C:\\laragon\\www\\capstone\\app\\Views\\Components\\Modal.php', 1)
 2 SYSTEMPATH\View\View.php(228): include('C:\\laragon\\www\\capstone\\app\\Views\\Components\\Modal.php')
 3 SYSTEMPATH\View\View.php(231): CodeIgniter\View\View->CodeIgniter\View\{closure}()
 4 SYSTEMPATH\View\View.php(469): CodeIgniter\View\View->render('components/Modal', [...], true)
 5 APPPATH\Views\Pages\Admin\scholarinfo\scholar.php(94): CodeIgniter\View\View->include('components/Modal', [...])
 6 SYSTEMPATH\View\View.php(228): include('C:\\laragon\\www\\capstone\\app\\Views\\Pages\\Admin\\scholarinfo\\scholar.php')
 7 SYSTEMPATH\View\View.php(231): CodeIgniter\View\View->CodeIgniter\View\{closure}()
 8 SYSTEMPATH\Common.php(1178): CodeIgniter\View\View->render('pages/admin/scholarinfo/scholar', [], true)
 9 APPPATH\Controllers\Admin\ScholarInfoController.php(22): view('pages/admin/scholarinfo/scholar', [...])
10 SYSTEMPATH\CodeIgniter.php(941): App\Controllers\Admin\ScholarInfoController->index()
11 SYSTEMPATH\CodeIgniter.php(502): CodeIgniter\CodeIgniter->runController(Object(App\Controllers\Admin\ScholarInfoController))
12 SYSTEMPATH\CodeIgniter.php(361): CodeIgniter\CodeIgniter->handleRequest(null, Object(Config\Cache), false)
13 FCPATH\index.php(79): CodeIgniter\CodeIgniter->run()
CRITICAL - 2024-03-18 07:30:25 --> ErrorException: Undefined variable $id
in APPPATH\Views\Components\Modal.php on line 1.
 1 APPPATH\Views\Components\Modal.php(1): CodeIgniter\Debug\Exceptions->errorHandler(2, 'Undefined variable $id', 'C:\\laragon\\www\\capstone\\app\\Views\\Components\\Modal.php', 1)
 2 SYSTEMPATH\View\View.php(228): include('C:\\laragon\\www\\capstone\\app\\Views\\Components\\Modal.php')
 3 SYSTEMPATH\View\View.php(231): CodeIgniter\View\View->CodeIgniter\View\{closure}()
 4 SYSTEMPATH\View\View.php(469): CodeIgniter\View\View->render('components/Modal', [...], true)
 5 APPPATH\Views\Pages\Admin\scholarinfo\scholar.php(94): CodeIgniter\View\View->include('components/Modal', [...])
 6 SYSTEMPATH\View\View.php(228): include('C:\\laragon\\www\\capstone\\app\\Views\\Pages\\Admin\\scholarinfo\\scholar.php')
 7 SYSTEMPATH\View\View.php(231): CodeIgniter\View\View->CodeIgniter\View\{closure}()
 8 SYSTEMPATH\Common.php(1178): CodeIgniter\View\View->render('pages/admin/scholarinfo/scholar', [], true)
 9 APPPATH\Controllers\Admin\ScholarInfoController.php(22): view('pages/admin/scholarinfo/scholar', [...])
10 SYSTEMPATH\CodeIgniter.php(941): App\Controllers\Admin\ScholarInfoController->index()
11 SYSTEMPATH\CodeIgniter.php(502): CodeIgniter\CodeIgniter->runController(Object(App\Controllers\Admin\ScholarInfoController))
12 SYSTEMPATH\CodeIgniter.php(361): CodeIgniter\CodeIgniter->handleRequest(null, Object(Config\Cache), false)
13 FCPATH\index.php(79): CodeIgniter\CodeIgniter->run()
CRITICAL - 2024-03-18 07:30:26 --> ErrorException: Undefined variable $id
in APPPATH\Views\Components\Modal.php on line 1.
 1 APPPATH\Views\Components\Modal.php(1): CodeIgniter\Debug\Exceptions->errorHandler(2, 'Undefined variable $id', 'C:\\laragon\\www\\capstone\\app\\Views\\Components\\Modal.php', 1)
 2 SYSTEMPATH\View\View.php(228): include('C:\\laragon\\www\\capstone\\app\\Views\\Components\\Modal.php')
 3 SYSTEMPATH\View\View.php(231): CodeIgniter\View\View->CodeIgniter\View\{closure}()
 4 SYSTEMPATH\View\View.php(469): CodeIgniter\View\View->render('components/Modal', [...], true)
 5 APPPATH\Views\Pages\Admin\scholarinfo\scholar.php(94): CodeIgniter\View\View->include('components/Modal', [...])
 6 SYSTEMPATH\View\View.php(228): include('C:\\laragon\\www\\capstone\\app\\Views\\Pages\\Admin\\scholarinfo\\scholar.php')
 7 SYSTEMPATH\View\View.php(231): CodeIgniter\View\View->CodeIgniter\View\{closure}()
 8 SYSTEMPATH\Common.php(1178): CodeIgniter\View\View->render('pages/admin/scholarinfo/scholar', [], true)
 9 APPPATH\Controllers\Admin\ScholarInfoController.php(22): view('pages/admin/scholarinfo/scholar', [...])
10 SYSTEMPATH\CodeIgniter.php(941): App\Controllers\Admin\ScholarInfoController->index()
11 SYSTEMPATH\CodeIgniter.php(502): CodeIgniter\CodeIgniter->runController(Object(App\Controllers\Admin\ScholarInfoController))
12 SYSTEMPATH\CodeIgniter.php(361): CodeIgniter\CodeIgniter->handleRequest(null, Object(Config\Cache), false)
13 FCPATH\index.php(79): CodeIgniter\CodeIgniter->run()
CRITICAL - 2024-03-18 07:30:26 --> ErrorException: Undefined variable $id
in APPPATH\Views\Components\Modal.php on line 1.
 1 APPPATH\Views\Components\Modal.php(1): CodeIgniter\Debug\Exceptions->errorHandler(2, 'Undefined variable $id', 'C:\\laragon\\www\\capstone\\app\\Views\\Components\\Modal.php', 1)
 2 SYSTEMPATH\View\View.php(228): include('C:\\laragon\\www\\capstone\\app\\Views\\Components\\Modal.php')
 3 SYSTEMPATH\View\View.php(231): CodeIgniter\View\View->CodeIgniter\View\{closure}()
 4 SYSTEMPATH\View\View.php(469): CodeIgniter\View\View->render('components/Modal', [...], true)
 5 APPPATH\Views\Pages\Admin\scholarinfo\scholar.php(94): CodeIgniter\View\View->include('components/Modal', [...])
 6 SYSTEMPATH\View\View.php(228): include('C:\\laragon\\www\\capstone\\app\\Views\\Pages\\Admin\\scholarinfo\\scholar.php')
 7 SYSTEMPATH\View\View.php(231): CodeIgniter\View\View->CodeIgniter\View\{closure}()
 8 SYSTEMPATH\Common.php(1178): CodeIgniter\View\View->render('pages/admin/scholarinfo/scholar', [], true)
 9 APPPATH\Controllers\Admin\ScholarInfoController.php(22): view('pages/admin/scholarinfo/scholar', [...])
10 SYSTEMPATH\CodeIgniter.php(941): App\Controllers\Admin\ScholarInfoController->index()
11 SYSTEMPATH\CodeIgniter.php(502): CodeIgniter\CodeIgniter->runController(Object(App\Controllers\Admin\ScholarInfoController))
12 SYSTEMPATH\CodeIgniter.php(361): CodeIgniter\CodeIgniter->handleRequest(null, Object(Config\Cache), false)
13 FCPATH\index.php(79): CodeIgniter\CodeIgniter->run()
CRITICAL - 2024-03-18 07:30:26 --> ErrorException: Undefined variable $id
in APPPATH\Views\Components\Modal.php on line 1.
 1 APPPATH\Views\Components\Modal.php(1): CodeIgniter\Debug\Exceptions->errorHandler(2, 'Undefined variable $id', 'C:\\laragon\\www\\capstone\\app\\Views\\Components\\Modal.php', 1)
 2 SYSTEMPATH\View\View.php(228): include('C:\\laragon\\www\\capstone\\app\\Views\\Components\\Modal.php')
 3 SYSTEMPATH\View\View.php(231): CodeIgniter\View\View->CodeIgniter\View\{closure}()
 4 SYSTEMPATH\View\View.php(469): CodeIgniter\View\View->render('components/Modal', [...], true)
 5 APPPATH\Views\Pages\Admin\scholarinfo\scholar.php(94): CodeIgniter\View\View->include('components/Modal', [...])
 6 SYSTEMPATH\View\View.php(228): include('C:\\laragon\\www\\capstone\\app\\Views\\Pages\\Admin\\scholarinfo\\scholar.php')
 7 SYSTEMPATH\View\View.php(231): CodeIgniter\View\View->CodeIgniter\View\{closure}()
 8 SYSTEMPATH\Common.php(1178): CodeIgniter\View\View->render('pages/admin/scholarinfo/scholar', [], true)
 9 APPPATH\Controllers\Admin\ScholarInfoController.php(22): view('pages/admin/scholarinfo/scholar', [...])
10 SYSTEMPATH\CodeIgniter.php(941): App\Controllers\Admin\ScholarInfoController->index()
11 SYSTEMPATH\CodeIgniter.php(502): CodeIgniter\CodeIgniter->runController(Object(App\Controllers\Admin\ScholarInfoController))
12 SYSTEMPATH\CodeIgniter.php(361): CodeIgniter\CodeIgniter->handleRequest(null, Object(Config\Cache), false)
13 FCPATH\index.php(79): CodeIgniter\CodeIgniter->run()
CRITICAL - 2024-03-18 07:31:19 --> ErrorException: Undefined variable $id
in APPPATH\Views\Components\Modal.php on line 1.
 1 APPPATH\Views\Components\Modal.php(1): CodeIgniter\Debug\Exceptions->errorHandler(2, 'Undefined variable $id', 'C:\\laragon\\www\\capstone\\app\\Views\\Components\\Modal.php', 1)
 2 SYSTEMPATH\View\View.php(228): include('C:\\laragon\\www\\capstone\\app\\Views\\Components\\Modal.php')
 3 SYSTEMPATH\View\View.php(231): CodeIgniter\View\View->CodeIgniter\View\{closure}()
 4 SYSTEMPATH\View\View.php(469): CodeIgniter\View\View->render('components/Modal', [...], true)
 5 APPPATH\Views\Pages\Admin\scholarinfo\scholar.php(100): CodeIgniter\View\View->include('components/Modal', [...])
 6 SYSTEMPATH\View\View.php(228): include('C:\\laragon\\www\\capstone\\app\\Views\\Pages\\Admin\\scholarinfo\\scholar.php')
 7 SYSTEMPATH\View\View.php(231): CodeIgniter\View\View->CodeIgniter\View\{closure}()
 8 SYSTEMPATH\Common.php(1178): CodeIgniter\View\View->render('pages/admin/scholarinfo/scholar', [], true)
 9 APPPATH\Controllers\Admin\ScholarInfoController.php(22): view('pages/admin/scholarinfo/scholar', [...])
10 SYSTEMPATH\CodeIgniter.php(941): App\Controllers\Admin\ScholarInfoController->index()
11 SYSTEMPATH\CodeIgniter.php(502): CodeIgniter\CodeIgniter->runController(Object(App\Controllers\Admin\ScholarInfoController))
12 SYSTEMPATH\CodeIgniter.php(361): CodeIgniter\CodeIgniter->handleRequest(null, Object(Config\Cache), false)
13 FCPATH\index.php(79): CodeIgniter\CodeIgniter->run()
CRITICAL - 2024-03-18 07:31:19 --> ErrorException: Undefined variable $id
in APPPATH\Views\Components\Modal.php on line 1.
 1 APPPATH\Views\Components\Modal.php(1): CodeIgniter\Debug\Exceptions->errorHandler(2, 'Undefined variable $id', 'C:\\laragon\\www\\capstone\\app\\Views\\Components\\Modal.php', 1)
 2 SYSTEMPATH\View\View.php(228): include('C:\\laragon\\www\\capstone\\app\\Views\\Components\\Modal.php')
 3 SYSTEMPATH\View\View.php(231): CodeIgniter\View\View->CodeIgniter\View\{closure}()
 4 SYSTEMPATH\View\View.php(469): CodeIgniter\View\View->render('components/Modal', [...], true)
 5 APPPATH\Views\Pages\Admin\scholarinfo\scholar.php(100): CodeIgniter\View\View->include('components/Modal', [...])
 6 SYSTEMPATH\View\View.php(228): include('C:\\laragon\\www\\capstone\\app\\Views\\Pages\\Admin\\scholarinfo\\scholar.php')
 7 SYSTEMPATH\View\View.php(231): CodeIgniter\View\View->CodeIgniter\View\{closure}()
 8 SYSTEMPATH\Common.php(1178): CodeIgniter\View\View->render('pages/admin/scholarinfo/scholar', [], true)
 9 APPPATH\Controllers\Admin\ScholarInfoController.php(22): view('pages/admin/scholarinfo/scholar', [...])
10 SYSTEMPATH\CodeIgniter.php(941): App\Controllers\Admin\ScholarInfoController->index()
11 SYSTEMPATH\CodeIgniter.php(502): CodeIgniter\CodeIgniter->runController(Object(App\Controllers\Admin\ScholarInfoController))
12 SYSTEMPATH\CodeIgniter.php(361): CodeIgniter\CodeIgniter->handleRequest(null, Object(Config\Cache), false)
13 FCPATH\index.php(79): CodeIgniter\CodeIgniter->run()
CRITICAL - 2024-03-18 07:31:20 --> ErrorException: Undefined variable $id
in APPPATH\Views\Components\Modal.php on line 1.
 1 APPPATH\Views\Components\Modal.php(1): CodeIgniter\Debug\Exceptions->errorHandler(2, 'Undefined variable $id', 'C:\\laragon\\www\\capstone\\app\\Views\\Components\\Modal.php', 1)
 2 SYSTEMPATH\View\View.php(228): include('C:\\laragon\\www\\capstone\\app\\Views\\Components\\Modal.php')
 3 SYSTEMPATH\View\View.php(231): CodeIgniter\View\View->CodeIgniter\View\{closure}()
 4 SYSTEMPATH\View\View.php(469): CodeIgniter\View\View->render('components/Modal', [...], true)
 5 APPPATH\Views\Pages\Admin\scholarinfo\scholar.php(100): CodeIgniter\View\View->include('components/Modal', [...])
 6 SYSTEMPATH\View\View.php(228): include('C:\\laragon\\www\\capstone\\app\\Views\\Pages\\Admin\\scholarinfo\\scholar.php')
 7 SYSTEMPATH\View\View.php(231): CodeIgniter\View\View->CodeIgniter\View\{closure}()
 8 SYSTEMPATH\Common.php(1178): CodeIgniter\View\View->render('pages/admin/scholarinfo/scholar', [], true)
 9 APPPATH\Controllers\Admin\ScholarInfoController.php(22): view('pages/admin/scholarinfo/scholar', [...])
10 SYSTEMPATH\CodeIgniter.php(941): App\Controllers\Admin\ScholarInfoController->index()
11 SYSTEMPATH\CodeIgniter.php(502): CodeIgniter\CodeIgniter->runController(Object(App\Controllers\Admin\ScholarInfoController))
12 SYSTEMPATH\CodeIgniter.php(361): CodeIgniter\CodeIgniter->handleRequest(null, Object(Config\Cache), false)
13 FCPATH\index.php(79): CodeIgniter\CodeIgniter->run()
CRITICAL - 2024-03-18 07:31:20 --> ErrorException: Undefined variable $id
in APPPATH\Views\Components\Modal.php on line 1.
 1 APPPATH\Views\Components\Modal.php(1): CodeIgniter\Debug\Exceptions->errorHandler(2, 'Undefined variable $id', 'C:\\laragon\\www\\capstone\\app\\Views\\Components\\Modal.php', 1)
 2 SYSTEMPATH\View\View.php(228): include('C:\\laragon\\www\\capstone\\app\\Views\\Components\\Modal.php')
 3 SYSTEMPATH\View\View.php(231): CodeIgniter\View\View->CodeIgniter\View\{closure}()
 4 SYSTEMPATH\View\View.php(469): CodeIgniter\View\View->render('components/Modal', [...], true)
 5 APPPATH\Views\Pages\Admin\scholarinfo\scholar.php(100): CodeIgniter\View\View->include('components/Modal', [...])
 6 SYSTEMPATH\View\View.php(228): include('C:\\laragon\\www\\capstone\\app\\Views\\Pages\\Admin\\scholarinfo\\scholar.php')
 7 SYSTEMPATH\View\View.php(231): CodeIgniter\View\View->CodeIgniter\View\{closure}()
 8 SYSTEMPATH\Common.php(1178): CodeIgniter\View\View->render('pages/admin/scholarinfo/scholar', [], true)
 9 APPPATH\Controllers\Admin\ScholarInfoController.php(22): view('pages/admin/scholarinfo/scholar', [...])
10 SYSTEMPATH\CodeIgniter.php(941): App\Controllers\Admin\ScholarInfoController->index()
11 SYSTEMPATH\CodeIgniter.php(502): CodeIgniter\CodeIgniter->runController(Object(App\Controllers\Admin\ScholarInfoController))
12 SYSTEMPATH\CodeIgniter.php(361): CodeIgniter\CodeIgniter->handleRequest(null, Object(Config\Cache), false)
13 FCPATH\index.php(79): CodeIgniter\CodeIgniter->run()
CRITICAL - 2024-03-18 07:31:56 --> ErrorException: Undefined variable $id
in APPPATH\Views\Components\Modal.php on line 1.
 1 APPPATH\Views\Components\Modal.php(1): CodeIgniter\Debug\Exceptions->errorHandler(2, 'Undefined variable $id', 'C:\\laragon\\www\\capstone\\app\\Views\\Components\\Modal.php', 1)
 2 SYSTEMPATH\View\View.php(228): include('C:\\laragon\\www\\capstone\\app\\Views\\Components\\Modal.php')
 3 SYSTEMPATH\View\View.php(231): CodeIgniter\View\View->CodeIgniter\View\{closure}()
 4 SYSTEMPATH\View\View.php(469): CodeIgniter\View\View->render('components/Modal', [...], true)
 5 APPPATH\Views\Pages\Admin\scholarinfo\scholar.php(100): CodeIgniter\View\View->include('components/Modal', [...])
 6 SYSTEMPATH\View\View.php(228): include('C:\\laragon\\www\\capstone\\app\\Views\\Pages\\Admin\\scholarinfo\\scholar.php')
 7 SYSTEMPATH\View\View.php(231): CodeIgniter\View\View->CodeIgniter\View\{closure}()
 8 SYSTEMPATH\Common.php(1178): CodeIgniter\View\View->render('pages/admin/scholarinfo/scholar', [], true)
 9 APPPATH\Controllers\Admin\ScholarInfoController.php(22): view('pages/admin/scholarinfo/scholar', [...])
10 SYSTEMPATH\CodeIgniter.php(941): App\Controllers\Admin\ScholarInfoController->index()
11 SYSTEMPATH\CodeIgniter.php(502): CodeIgniter\CodeIgniter->runController(Object(App\Controllers\Admin\ScholarInfoController))
12 SYSTEMPATH\CodeIgniter.php(361): CodeIgniter\CodeIgniter->handleRequest(null, Object(Config\Cache), false)
13 FCPATH\index.php(79): CodeIgniter\CodeIgniter->run()
CRITICAL - 2024-03-18 07:32:44 --> ErrorException: Undefined variable $content
in APPPATH\Views\Components\Modal.php on line 1.
 1 APPPATH\Views\Components\Modal.php(1): CodeIgniter\Debug\Exceptions->errorHandler(2, 'Undefined variable $content', 'C:\\laragon\\www\\capstone\\app\\Views\\Components\\Modal.php', 1)
 2 SYSTEMPATH\View\View.php(228): include('C:\\laragon\\www\\capstone\\app\\Views\\Components\\Modal.php')
 3 SYSTEMPATH\View\View.php(231): CodeIgniter\View\View->CodeIgniter\View\{closure}()
 4 SYSTEMPATH\View\View.php(469): CodeIgniter\View\View->render('components/Modal', [...], true)
 5 APPPATH\Views\Pages\Admin\scholarinfo\scholar.php(100): CodeIgniter\View\View->include('components/Modal', [...])
 6 SYSTEMPATH\View\View.php(228): include('C:\\laragon\\www\\capstone\\app\\Views\\Pages\\Admin\\scholarinfo\\scholar.php')
 7 SYSTEMPATH\View\View.php(231): CodeIgniter\View\View->CodeIgniter\View\{closure}()
 8 SYSTEMPATH\Common.php(1178): CodeIgniter\View\View->render('pages/admin/scholarinfo/scholar', [], true)
 9 APPPATH\Controllers\Admin\ScholarInfoController.php(22): view('pages/admin/scholarinfo/scholar', [...])
10 SYSTEMPATH\CodeIgniter.php(941): App\Controllers\Admin\ScholarInfoController->index()
11 SYSTEMPATH\CodeIgniter.php(502): CodeIgniter\CodeIgniter->runController(Object(App\Controllers\Admin\ScholarInfoController))
12 SYSTEMPATH\CodeIgniter.php(361): CodeIgniter\CodeIgniter->handleRequest(null, Object(Config\Cache), false)
13 FCPATH\index.php(79): CodeIgniter\CodeIgniter->run()
CRITICAL - 2024-03-18 07:32:45 --> ErrorException: Undefined variable $content
in APPPATH\Views\Components\Modal.php on line 1.
 1 APPPATH\Views\Components\Modal.php(1): CodeIgniter\Debug\Exceptions->errorHandler(2, 'Undefined variable $content', 'C:\\laragon\\www\\capstone\\app\\Views\\Components\\Modal.php', 1)
 2 SYSTEMPATH\View\View.php(228): include('C:\\laragon\\www\\capstone\\app\\Views\\Components\\Modal.php')
 3 SYSTEMPATH\View\View.php(231): CodeIgniter\View\View->CodeIgniter\View\{closure}()
 4 SYSTEMPATH\View\View.php(469): CodeIgniter\View\View->render('components/Modal', [...], true)
 5 APPPATH\Views\Pages\Admin\scholarinfo\scholar.php(100): CodeIgniter\View\View->include('components/Modal', [...])
 6 SYSTEMPATH\View\View.php(228): include('C:\\laragon\\www\\capstone\\app\\Views\\Pages\\Admin\\scholarinfo\\scholar.php')
 7 SYSTEMPATH\View\View.php(231): CodeIgniter\View\View->CodeIgniter\View\{closure}()
 8 SYSTEMPATH\Common.php(1178): CodeIgniter\View\View->render('pages/admin/scholarinfo/scholar', [], true)
 9 APPPATH\Controllers\Admin\ScholarInfoController.php(22): view('pages/admin/scholarinfo/scholar', [...])
10 SYSTEMPATH\CodeIgniter.php(941): App\Controllers\Admin\ScholarInfoController->index()
11 SYSTEMPATH\CodeIgniter.php(502): CodeIgniter\CodeIgniter->runController(Object(App\Controllers\Admin\ScholarInfoController))
12 SYSTEMPATH\CodeIgniter.php(361): CodeIgniter\CodeIgniter->handleRequest(null, Object(Config\Cache), false)
13 FCPATH\index.php(79): CodeIgniter\CodeIgniter->run()
CRITICAL - 2024-03-18 07:34:07 --> ErrorException: Undefined variable $content
in APPPATH\Views\Components\Modal.php on line 1.
 1 APPPATH\Views\Components\Modal.php(1): CodeIgniter\Debug\Exceptions->errorHandler(2, 'Undefined variable $content', 'C:\\laragon\\www\\capstone\\app\\Views\\Components\\Modal.php', 1)
 2 SYSTEMPATH\View\View.php(228): include('C:\\laragon\\www\\capstone\\app\\Views\\Components\\Modal.php')
 3 SYSTEMPATH\View\View.php(231): CodeIgniter\View\View->CodeIgniter\View\{closure}()
 4 SYSTEMPATH\View\View.php(469): CodeIgniter\View\View->render('components/Modal', [...], true)
 5 APPPATH\Views\Pages\Admin\scholarinfo\scholar.php(100): CodeIgniter\View\View->include('components/Modal', [...])
 6 SYSTEMPATH\View\View.php(228): include('C:\\laragon\\www\\capstone\\app\\Views\\Pages\\Admin\\scholarinfo\\scholar.php')
 7 SYSTEMPATH\View\View.php(231): CodeIgniter\View\View->CodeIgniter\View\{closure}()
 8 SYSTEMPATH\Common.php(1178): CodeIgniter\View\View->render('pages/admin/scholarinfo/scholar', [], true)
 9 APPPATH\Controllers\Admin\ScholarInfoController.php(22): view('pages/admin/scholarinfo/scholar', [...])
10 SYSTEMPATH\CodeIgniter.php(941): App\Controllers\Admin\ScholarInfoController->index()
11 SYSTEMPATH\CodeIgniter.php(502): CodeIgniter\CodeIgniter->runController(Object(App\Controllers\Admin\ScholarInfoController))
12 SYSTEMPATH\CodeIgniter.php(361): CodeIgniter\CodeIgniter->handleRequest(null, Object(Config\Cache), false)
13 FCPATH\index.php(79): CodeIgniter\CodeIgniter->run()
CRITICAL - 2024-03-18 07:35:02 --> ErrorException: Undefined variable $content
in APPPATH\Views\Components\Modal.php on line 4.
 1 APPPATH\Views\Components\Modal.php(4): CodeIgniter\Debug\Exceptions->errorHandler(2, 'Undefined variable $content', 'C:\\laragon\\www\\capstone\\app\\Views\\Components\\Modal.php', 4)
 2 SYSTEMPATH\View\View.php(228): include('C:\\laragon\\www\\capstone\\app\\Views\\Components\\Modal.php')
 3 SYSTEMPATH\View\View.php(231): CodeIgniter\View\View->CodeIgniter\View\{closure}()
 4 SYSTEMPATH\View\View.php(469): CodeIgniter\View\View->render('components/Modal', [...], true)
 5 APPPATH\Views\Pages\Admin\scholarinfo\scholar.php(100): CodeIgniter\View\View->include('components/Modal', [...])
 6 SYSTEMPATH\View\View.php(228): include('C:\\laragon\\www\\capstone\\app\\Views\\Pages\\Admin\\scholarinfo\\scholar.php')
 7 SYSTEMPATH\View\View.php(231): CodeIgniter\View\View->CodeIgniter\View\{closure}()
 8 SYSTEMPATH\Common.php(1178): CodeIgniter\View\View->render('pages/admin/scholarinfo/scholar', [], true)
 9 APPPATH\Controllers\Admin\ScholarInfoController.php(22): view('pages/admin/scholarinfo/scholar', [...])
10 SYSTEMPATH\CodeIgniter.php(941): App\Controllers\Admin\ScholarInfoController->index()
11 SYSTEMPATH\CodeIgniter.php(502): CodeIgniter\CodeIgniter->runController(Object(App\Controllers\Admin\ScholarInfoController))
12 SYSTEMPATH\CodeIgniter.php(361): CodeIgniter\CodeIgniter->handleRequest(null, Object(Config\Cache), false)
13 FCPATH\index.php(79): CodeIgniter\CodeIgniter->run()
CRITICAL - 2024-03-18 07:35:40 --> ErrorException: Undefined variable $content
in APPPATH\Views\Components\Modal.php on line 4.
 1 APPPATH\Views\Components\Modal.php(4): CodeIgniter\Debug\Exceptions->errorHandler(2, 'Undefined variable $content', 'C:\\laragon\\www\\capstone\\app\\Views\\Components\\Modal.php', 4)
 2 SYSTEMPATH\View\View.php(228): include('C:\\laragon\\www\\capstone\\app\\Views\\Components\\Modal.php')
 3 SYSTEMPATH\View\View.php(231): CodeIgniter\View\View->CodeIgniter\View\{closure}()
 4 SYSTEMPATH\View\View.php(469): CodeIgniter\View\View->render('components/Modal', [...], true)
 5 APPPATH\Views\Pages\Admin\scholarinfo\scholar.php(100): CodeIgniter\View\View->include('components/Modal', [...])
 6 SYSTEMPATH\View\View.php(228): include('C:\\laragon\\www\\capstone\\app\\Views\\Pages\\Admin\\scholarinfo\\scholar.php')
 7 SYSTEMPATH\View\View.php(231): CodeIgniter\View\View->CodeIgniter\View\{closure}()
 8 SYSTEMPATH\Common.php(1178): CodeIgniter\View\View->render('pages/admin/scholarinfo/scholar', [], true)
 9 APPPATH\Controllers\Admin\ScholarInfoController.php(22): view('pages/admin/scholarinfo/scholar', [...])
10 SYSTEMPATH\CodeIgniter.php(941): App\Controllers\Admin\ScholarInfoController->index()
11 SYSTEMPATH\CodeIgniter.php(502): CodeIgniter\CodeIgniter->runController(Object(App\Controllers\Admin\ScholarInfoController))
12 SYSTEMPATH\CodeIgniter.php(361): CodeIgniter\CodeIgniter->handleRequest(null, Object(Config\Cache), false)
13 FCPATH\index.php(79): CodeIgniter\CodeIgniter->run()
CRITICAL - 2024-03-18 07:35:41 --> ErrorException: Undefined variable $content
in APPPATH\Views\Components\Modal.php on line 4.
 1 APPPATH\Views\Components\Modal.php(4): CodeIgniter\Debug\Exceptions->errorHandler(2, 'Undefined variable $content', 'C:\\laragon\\www\\capstone\\app\\Views\\Components\\Modal.php', 4)
 2 SYSTEMPATH\View\View.php(228): include('C:\\laragon\\www\\capstone\\app\\Views\\Components\\Modal.php')
 3 SYSTEMPATH\View\View.php(231): CodeIgniter\View\View->CodeIgniter\View\{closure}()
 4 SYSTEMPATH\View\View.php(469): CodeIgniter\View\View->render('components/Modal', [...], true)
 5 APPPATH\Views\Pages\Admin\scholarinfo\scholar.php(100): CodeIgniter\View\View->include('components/Modal', [...])
 6 SYSTEMPATH\View\View.php(228): include('C:\\laragon\\www\\capstone\\app\\Views\\Pages\\Admin\\scholarinfo\\scholar.php')
 7 SYSTEMPATH\View\View.php(231): CodeIgniter\View\View->CodeIgniter\View\{closure}()
 8 SYSTEMPATH\Common.php(1178): CodeIgniter\View\View->render('pages/admin/scholarinfo/scholar', [], true)
 9 APPPATH\Controllers\Admin\ScholarInfoController.php(22): view('pages/admin/scholarinfo/scholar', [...])
10 SYSTEMPATH\CodeIgniter.php(941): App\Controllers\Admin\ScholarInfoController->index()
11 SYSTEMPATH\CodeIgniter.php(502): CodeIgniter\CodeIgniter->runController(Object(App\Controllers\Admin\ScholarInfoController))
12 SYSTEMPATH\CodeIgniter.php(361): CodeIgniter\CodeIgniter->handleRequest(null, Object(Config\Cache), false)
13 FCPATH\index.php(79): CodeIgniter\CodeIgniter->run()
CRITICAL - 2024-03-18 07:37:14 --> ErrorException: Array to string conversion
in APPPATH\Views\Components\Modal.php on line 4.
 1 APPPATH\Views\Components\Modal.php(4): CodeIgniter\Debug\Exceptions->errorHandler(2, 'Array to string conversion', 'C:\\laragon\\www\\capstone\\app\\Views\\Components\\Modal.php', 4)
 2 SYSTEMPATH\View\View.php(228): include('C:\\laragon\\www\\capstone\\app\\Views\\Components\\Modal.php')
 3 SYSTEMPATH\View\View.php(231): CodeIgniter\View\View->CodeIgniter\View\{closure}()
 4 SYSTEMPATH\Common.php(1178): CodeIgniter\View\View->render('components/Modal', [], true)
 5 APPPATH\Views\Pages\Admin\scholarinfo\scholar.php(100): view('components/Modal', [...])
 6 SYSTEMPATH\View\View.php(228): include('C:\\laragon\\www\\capstone\\app\\Views\\Pages\\Admin\\scholarinfo\\scholar.php')
 7 SYSTEMPATH\View\View.php(231): CodeIgniter\View\View->CodeIgniter\View\{closure}()
 8 SYSTEMPATH\Common.php(1178): CodeIgniter\View\View->render('pages/admin/scholarinfo/scholar', [], true)
 9 APPPATH\Controllers\Admin\ScholarInfoController.php(22): view('pages/admin/scholarinfo/scholar', [...])
10 SYSTEMPATH\CodeIgniter.php(941): App\Controllers\Admin\ScholarInfoController->index()
11 SYSTEMPATH\CodeIgniter.php(502): CodeIgniter\CodeIgniter->runController(Object(App\Controllers\Admin\ScholarInfoController))
12 SYSTEMPATH\CodeIgniter.php(361): CodeIgniter\CodeIgniter->handleRequest(null, Object(Config\Cache), false)
13 FCPATH\index.php(79): CodeIgniter\CodeIgniter->run()
CRITICAL - 2024-03-18 07:37:15 --> ErrorException: Array to string conversion
in APPPATH\Views\Components\Modal.php on line 4.
 1 APPPATH\Views\Components\Modal.php(4): CodeIgniter\Debug\Exceptions->errorHandler(2, 'Array to string conversion', 'C:\\laragon\\www\\capstone\\app\\Views\\Components\\Modal.php', 4)
 2 SYSTEMPATH\View\View.php(228): include('C:\\laragon\\www\\capstone\\app\\Views\\Components\\Modal.php')
 3 SYSTEMPATH\View\View.php(231): CodeIgniter\View\View->CodeIgniter\View\{closure}()
 4 SYSTEMPATH\Common.php(1178): CodeIgniter\View\View->render('components/Modal', [], true)
 5 APPPATH\Views\Pages\Admin\scholarinfo\scholar.php(100): view('components/Modal', [...])
 6 SYSTEMPATH\View\View.php(228): include('C:\\laragon\\www\\capstone\\app\\Views\\Pages\\Admin\\scholarinfo\\scholar.php')
 7 SYSTEMPATH\View\View.php(231): CodeIgniter\View\View->CodeIgniter\View\{closure}()
 8 SYSTEMPATH\Common.php(1178): CodeIgniter\View\View->render('pages/admin/scholarinfo/scholar', [], true)
 9 APPPATH\Controllers\Admin\ScholarInfoController.php(22): view('pages/admin/scholarinfo/scholar', [...])
10 SYSTEMPATH\CodeIgniter.php(941): App\Controllers\Admin\ScholarInfoController->index()
11 SYSTEMPATH\CodeIgniter.php(502): CodeIgniter\CodeIgniter->runController(Object(App\Controllers\Admin\ScholarInfoController))
12 SYSTEMPATH\CodeIgniter.php(361): CodeIgniter\CodeIgniter->handleRequest(null, Object(Config\Cache), false)
13 FCPATH\index.php(79): CodeIgniter\CodeIgniter->run()
CRITICAL - 2024-03-18 07:49:46 --> ParseError: syntax error, unexpected double-quoted string "action", expecting "]"
in APPPATH\Views\Pages\Admin\scholarinfo\scholar.php on line 99.
 1 SYSTEMPATH\View\View.php(231): CodeIgniter\View\View->CodeIgniter\View\{closure}()
 2 SYSTEMPATH\Common.php(1178): CodeIgniter\View\View->render('pages/admin/scholarinfo/scholar', [], true)
 3 APPPATH\Controllers\Admin\ScholarInfoController.php(22): view('pages/admin/scholarinfo/scholar', [...])
 4 SYSTEMPATH\CodeIgniter.php(941): App\Controllers\Admin\ScholarInfoController->index()
 5 SYSTEMPATH\CodeIgniter.php(502): CodeIgniter\CodeIgniter->runController(Object(App\Controllers\Admin\ScholarInfoController))
 6 SYSTEMPATH\CodeIgniter.php(361): CodeIgniter\CodeIgniter->handleRequest(null, Object(Config\Cache), false)
 7 FCPATH\index.php(79): CodeIgniter\CodeIgniter->run()
