ERROR - 2024-02-16 00:59:32 --> mysqli_sql_exception: Column 'date_posted' cannot be null in C:\laragon\www\capstone\system\Database\MySQLi\Connection.php:306
Stack trace:
#0 C:\laragon\www\capstone\system\Database\MySQLi\Connection.php(306): mysqli->query('INSERT INTO `an...', 0)
#1 C:\laragon\www\capstone\system\Database\BaseConnection.php(693): CodeIgniter\Database\MySQLi\Connection->execute('INSERT INTO `an...')
#2 C:\laragon\www\capstone\system\Database\BaseConnection.php(607): CodeIgniter\Database\BaseConnection->simpleQuery('INSERT INTO `an...')
#3 C:\laragon\www\capstone\system\Database\BaseBuilder.php(2307): CodeIgniter\Database\BaseConnection->query('INSERT INTO `an...', Array, false)
#4 C:\laragon\www\capstone\system\Model.php(326): CodeIgniter\Database\BaseBuilder->insert()
#5 C:\laragon\www\capstone\system\BaseModel.php(802): CodeIgniter\Model->doInsert(Array)
#6 C:\laragon\www\capstone\system\Model.php(744): CodeIgniter\BaseModel->insert(Array, false)
#7 C:\laragon\www\capstone\system\BaseModel.php(713): CodeIgniter\Model->insert(Array, false)
#8 C:\laragon\www\capstone\app\Controllers\Admin\AnnouncementController.php(41): CodeIgniter\BaseModel->save(Array)
#9 C:\laragon\www\capstone\system\CodeIgniter.php(941): App\Controllers\Admin\AnnouncementController->store()
#10 C:\laragon\www\capstone\system\CodeIgniter.php(502): CodeIgniter\CodeIgniter->runController(Object(App\Controllers\Admin\AnnouncementController))
#11 C:\laragon\www\capstone\system\CodeIgniter.php(361): CodeIgniter\CodeIgniter->handleRequest(NULL, Object(Config\Cache), false)
#12 C:\laragon\www\capstone\public\index.php(79): CodeIgniter\CodeIgniter->run()
#13 {main}
CRITICAL - 2024-02-16 00:59:32 --> CodeIgniter\Database\Exceptions\DatabaseException: Column 'date_posted' cannot be null
in SYSTEMPATH\Database\BaseConnection.php on line 647.
 1 SYSTEMPATH\Database\BaseBuilder.php(2307): CodeIgniter\Database\BaseConnection->query('INSERT INTO `announcement` (`announcement_desc`, `date_posted`, `announcement_stat`) VALUES (:announcement_desc:, :date_posted:, :announcement_stat:)', [...], false)
 2 SYSTEMPATH\Model.php(326): CodeIgniter\Database\BaseBuilder->insert()
 3 SYSTEMPATH\BaseModel.php(802): CodeIgniter\Model->doInsert([...])
 4 SYSTEMPATH\Model.php(744): CodeIgniter\BaseModel->insert([...], false)
 5 SYSTEMPATH\BaseModel.php(713): CodeIgniter\Model->insert([...], false)
 6 APPPATH\Controllers\Admin\AnnouncementController.php(41): CodeIgniter\BaseModel->save([...])
 7 SYSTEMPATH\CodeIgniter.php(941): App\Controllers\Admin\AnnouncementController->store()
 8 SYSTEMPATH\CodeIgniter.php(502): CodeIgniter\CodeIgniter->runController(Object(App\Controllers\Admin\AnnouncementController))
 9 SYSTEMPATH\CodeIgniter.php(361): CodeIgniter\CodeIgniter->handleRequest(null, Object(Config\Cache), false)
10 FCPATH\index.php(79): CodeIgniter\CodeIgniter->run()
CRITICAL - 2024-02-16 00:59:32 --> [Caused by] CodeIgniter\Database\Exceptions\DatabaseException: Column 'date_posted' cannot be null
in SYSTEMPATH\Database\MySQLi\Connection.php on line 311.
 1 SYSTEMPATH\Database\BaseConnection.php(693): CodeIgniter\Database\MySQLi\Connection->execute('INSERT INTO `announcement` (`announcement_desc`, `date_posted`, `announcement_stat`) VALUES (\'try ko lang ang date\', NULL, \'Approved\')')
 2 SYSTEMPATH\Database\BaseConnection.php(607): CodeIgniter\Database\BaseConnection->simpleQuery('INSERT INTO `announcement` (`announcement_desc`, `date_posted`, `announcement_stat`) VALUES (\'try ko lang ang date\', NULL, \'Approved\')')
 3 SYSTEMPATH\Database\BaseBuilder.php(2307): CodeIgniter\Database\BaseConnection->query('INSERT INTO `announcement` (`announcement_desc`, `date_posted`, `announcement_stat`) VALUES (:announcement_desc:, :date_posted:, :announcement_stat:)', [...], false)
 4 SYSTEMPATH\Model.php(326): CodeIgniter\Database\BaseBuilder->insert()
 5 SYSTEMPATH\BaseModel.php(802): CodeIgniter\Model->doInsert([...])
 6 SYSTEMPATH\Model.php(744): CodeIgniter\BaseModel->insert([...], false)
 7 SYSTEMPATH\BaseModel.php(713): CodeIgniter\Model->insert([...], false)
 8 APPPATH\Controllers\Admin\AnnouncementController.php(41): CodeIgniter\BaseModel->save([...])
 9 SYSTEMPATH\CodeIgniter.php(941): App\Controllers\Admin\AnnouncementController->store()
10 SYSTEMPATH\CodeIgniter.php(502): CodeIgniter\CodeIgniter->runController(Object(App\Controllers\Admin\AnnouncementController))
11 SYSTEMPATH\CodeIgniter.php(361): CodeIgniter\CodeIgniter->handleRequest(null, Object(Config\Cache), false)
12 FCPATH\index.php(79): CodeIgniter\CodeIgniter->run()
CRITICAL - 2024-02-16 00:59:32 --> [Caused by] mysqli_sql_exception: Column 'date_posted' cannot be null
in SYSTEMPATH\Database\MySQLi\Connection.php on line 306.
 1 SYSTEMPATH\Database\MySQLi\Connection.php(306): mysqli->query('INSERT INTO `announcement` (`announcement_desc`, `date_posted`, `announcement_stat`) VALUES (\'try ko lang ang date\', NULL, \'Approved\')', 0)
 2 SYSTEMPATH\Database\BaseConnection.php(693): CodeIgniter\Database\MySQLi\Connection->execute('INSERT INTO `announcement` (`announcement_desc`, `date_posted`, `announcement_stat`) VALUES (\'try ko lang ang date\', NULL, \'Approved\')')
 3 SYSTEMPATH\Database\BaseConnection.php(607): CodeIgniter\Database\BaseConnection->simpleQuery('INSERT INTO `announcement` (`announcement_desc`, `date_posted`, `announcement_stat`) VALUES (\'try ko lang ang date\', NULL, \'Approved\')')
 4 SYSTEMPATH\Database\BaseBuilder.php(2307): CodeIgniter\Database\BaseConnection->query('INSERT INTO `announcement` (`announcement_desc`, `date_posted`, `announcement_stat`) VALUES (:announcement_desc:, :date_posted:, :announcement_stat:)', [...], false)
 5 SYSTEMPATH\Model.php(326): CodeIgniter\Database\BaseBuilder->insert()
 6 SYSTEMPATH\BaseModel.php(802): CodeIgniter\Model->doInsert([...])
 7 SYSTEMPATH\Model.php(744): CodeIgniter\BaseModel->insert([...], false)
 8 SYSTEMPATH\BaseModel.php(713): CodeIgniter\Model->insert([...], false)
 9 APPPATH\Controllers\Admin\AnnouncementController.php(41): CodeIgniter\BaseModel->save([...])
10 SYSTEMPATH\CodeIgniter.php(941): App\Controllers\Admin\AnnouncementController->store()
11 SYSTEMPATH\CodeIgniter.php(502): CodeIgniter\CodeIgniter->runController(Object(App\Controllers\Admin\AnnouncementController))
12 SYSTEMPATH\CodeIgniter.php(361): CodeIgniter\CodeIgniter->handleRequest(null, Object(Config\Cache), false)
13 FCPATH\index.php(79): CodeIgniter\CodeIgniter->run()
ERROR - 2024-02-16 01:00:53 --> mysqli_sql_exception: Column 'date_posted' cannot be null in C:\laragon\www\capstone\system\Database\MySQLi\Connection.php:306
Stack trace:
#0 C:\laragon\www\capstone\system\Database\MySQLi\Connection.php(306): mysqli->query('INSERT INTO `an...', 0)
#1 C:\laragon\www\capstone\system\Database\BaseConnection.php(693): CodeIgniter\Database\MySQLi\Connection->execute('INSERT INTO `an...')
#2 C:\laragon\www\capstone\system\Database\BaseConnection.php(607): CodeIgniter\Database\BaseConnection->simpleQuery('INSERT INTO `an...')
#3 C:\laragon\www\capstone\system\Database\BaseBuilder.php(2307): CodeIgniter\Database\BaseConnection->query('INSERT INTO `an...', Array, false)
#4 C:\laragon\www\capstone\system\Model.php(326): CodeIgniter\Database\BaseBuilder->insert()
#5 C:\laragon\www\capstone\system\BaseModel.php(802): CodeIgniter\Model->doInsert(Array)
#6 C:\laragon\www\capstone\system\Model.php(744): CodeIgniter\BaseModel->insert(Array, false)
#7 C:\laragon\www\capstone\system\BaseModel.php(713): CodeIgniter\Model->insert(Array, false)
#8 C:\laragon\www\capstone\app\Controllers\Admin\AnnouncementController.php(41): CodeIgniter\BaseModel->save(Array)
#9 C:\laragon\www\capstone\system\CodeIgniter.php(941): App\Controllers\Admin\AnnouncementController->store()
#10 C:\laragon\www\capstone\system\CodeIgniter.php(502): CodeIgniter\CodeIgniter->runController(Object(App\Controllers\Admin\AnnouncementController))
#11 C:\laragon\www\capstone\system\CodeIgniter.php(361): CodeIgniter\CodeIgniter->handleRequest(NULL, Object(Config\Cache), false)
#12 C:\laragon\www\capstone\public\index.php(79): CodeIgniter\CodeIgniter->run()
#13 {main}
CRITICAL - 2024-02-16 01:00:53 --> CodeIgniter\Database\Exceptions\DatabaseException: Column 'date_posted' cannot be null
in SYSTEMPATH\Database\BaseConnection.php on line 647.
 1 SYSTEMPATH\Database\BaseBuilder.php(2307): CodeIgniter\Database\BaseConnection->query('INSERT INTO `announcement` (`announcement_desc`, `date_posted`, `announcement_stat`) VALUES (:announcement_desc:, :date_posted:, :announcement_stat:)', [...], false)
 2 SYSTEMPATH\Model.php(326): CodeIgniter\Database\BaseBuilder->insert()
 3 SYSTEMPATH\BaseModel.php(802): CodeIgniter\Model->doInsert([...])
 4 SYSTEMPATH\Model.php(744): CodeIgniter\BaseModel->insert([...], false)
 5 SYSTEMPATH\BaseModel.php(713): CodeIgniter\Model->insert([...], false)
 6 APPPATH\Controllers\Admin\AnnouncementController.php(41): CodeIgniter\BaseModel->save([...])
 7 SYSTEMPATH\CodeIgniter.php(941): App\Controllers\Admin\AnnouncementController->store()
 8 SYSTEMPATH\CodeIgniter.php(502): CodeIgniter\CodeIgniter->runController(Object(App\Controllers\Admin\AnnouncementController))
 9 SYSTEMPATH\CodeIgniter.php(361): CodeIgniter\CodeIgniter->handleRequest(null, Object(Config\Cache), false)
10 FCPATH\index.php(79): CodeIgniter\CodeIgniter->run()
CRITICAL - 2024-02-16 01:00:53 --> [Caused by] CodeIgniter\Database\Exceptions\DatabaseException: Column 'date_posted' cannot be null
in SYSTEMPATH\Database\MySQLi\Connection.php on line 311.
 1 SYSTEMPATH\Database\BaseConnection.php(693): CodeIgniter\Database\MySQLi\Connection->execute('INSERT INTO `announcement` (`announcement_desc`, `date_posted`, `announcement_stat`) VALUES (\'try ko lang ang date\', NULL, \'Approved\')')
 2 SYSTEMPATH\Database\BaseConnection.php(607): CodeIgniter\Database\BaseConnection->simpleQuery('INSERT INTO `announcement` (`announcement_desc`, `date_posted`, `announcement_stat`) VALUES (\'try ko lang ang date\', NULL, \'Approved\')')
 3 SYSTEMPATH\Database\BaseBuilder.php(2307): CodeIgniter\Database\BaseConnection->query('INSERT INTO `announcement` (`announcement_desc`, `date_posted`, `announcement_stat`) VALUES (:announcement_desc:, :date_posted:, :announcement_stat:)', [...], false)
 4 SYSTEMPATH\Model.php(326): CodeIgniter\Database\BaseBuilder->insert()
 5 SYSTEMPATH\BaseModel.php(802): CodeIgniter\Model->doInsert([...])
 6 SYSTEMPATH\Model.php(744): CodeIgniter\BaseModel->insert([...], false)
 7 SYSTEMPATH\BaseModel.php(713): CodeIgniter\Model->insert([...], false)
 8 APPPATH\Controllers\Admin\AnnouncementController.php(41): CodeIgniter\BaseModel->save([...])
 9 SYSTEMPATH\CodeIgniter.php(941): App\Controllers\Admin\AnnouncementController->store()
10 SYSTEMPATH\CodeIgniter.php(502): CodeIgniter\CodeIgniter->runController(Object(App\Controllers\Admin\AnnouncementController))
11 SYSTEMPATH\CodeIgniter.php(361): CodeIgniter\CodeIgniter->handleRequest(null, Object(Config\Cache), false)
12 FCPATH\index.php(79): CodeIgniter\CodeIgniter->run()
CRITICAL - 2024-02-16 01:00:53 --> [Caused by] mysqli_sql_exception: Column 'date_posted' cannot be null
in SYSTEMPATH\Database\MySQLi\Connection.php on line 306.
 1 SYSTEMPATH\Database\MySQLi\Connection.php(306): mysqli->query('INSERT INTO `announcement` (`announcement_desc`, `date_posted`, `announcement_stat`) VALUES (\'try ko lang ang date\', NULL, \'Approved\')', 0)
 2 SYSTEMPATH\Database\BaseConnection.php(693): CodeIgniter\Database\MySQLi\Connection->execute('INSERT INTO `announcement` (`announcement_desc`, `date_posted`, `announcement_stat`) VALUES (\'try ko lang ang date\', NULL, \'Approved\')')
 3 SYSTEMPATH\Database\BaseConnection.php(607): CodeIgniter\Database\BaseConnection->simpleQuery('INSERT INTO `announcement` (`announcement_desc`, `date_posted`, `announcement_stat`) VALUES (\'try ko lang ang date\', NULL, \'Approved\')')
 4 SYSTEMPATH\Database\BaseBuilder.php(2307): CodeIgniter\Database\BaseConnection->query('INSERT INTO `announcement` (`announcement_desc`, `date_posted`, `announcement_stat`) VALUES (:announcement_desc:, :date_posted:, :announcement_stat:)', [...], false)
 5 SYSTEMPATH\Model.php(326): CodeIgniter\Database\BaseBuilder->insert()
 6 SYSTEMPATH\BaseModel.php(802): CodeIgniter\Model->doInsert([...])
 7 SYSTEMPATH\Model.php(744): CodeIgniter\BaseModel->insert([...], false)
 8 SYSTEMPATH\BaseModel.php(713): CodeIgniter\Model->insert([...], false)
 9 APPPATH\Controllers\Admin\AnnouncementController.php(41): CodeIgniter\BaseModel->save([...])
10 SYSTEMPATH\CodeIgniter.php(941): App\Controllers\Admin\AnnouncementController->store()
11 SYSTEMPATH\CodeIgniter.php(502): CodeIgniter\CodeIgniter->runController(Object(App\Controllers\Admin\AnnouncementController))
12 SYSTEMPATH\CodeIgniter.php(361): CodeIgniter\CodeIgniter->handleRequest(null, Object(Config\Cache), false)
13 FCPATH\index.php(79): CodeIgniter\CodeIgniter->run()
ERROR - 2024-02-16 02:05:04 --> mysqli_sql_exception: Unknown column 'scholar_region' in 'field list' in C:\laragon\www\capstone\system\Database\MySQLi\Connection.php:306
Stack trace:
#0 C:\laragon\www\capstone\system\Database\MySQLi\Connection.php(306): mysqli->query('INSERT INTO `sc...', 0)
#1 C:\laragon\www\capstone\system\Database\BaseConnection.php(693): CodeIgniter\Database\MySQLi\Connection->execute('INSERT INTO `sc...')
#2 C:\laragon\www\capstone\system\Database\BaseConnection.php(607): CodeIgniter\Database\BaseConnection->simpleQuery('INSERT INTO `sc...')
#3 C:\laragon\www\capstone\system\Database\BaseBuilder.php(2307): CodeIgniter\Database\BaseConnection->query('INSERT INTO `sc...', Array, false)
#4 C:\laragon\www\capstone\system\Model.php(326): CodeIgniter\Database\BaseBuilder->insert()
#5 C:\laragon\www\capstone\system\BaseModel.php(802): CodeIgniter\Model->doInsert(Array)
#6 C:\laragon\www\capstone\system\Model.php(744): CodeIgniter\BaseModel->insert(Array, false)
#7 C:\laragon\www\capstone\system\BaseModel.php(713): CodeIgniter\Model->insert(Array, false)
#8 C:\laragon\www\capstone\app\Controllers\Admin\ScholarInfoController.php(67): CodeIgniter\BaseModel->save(Array)
#9 C:\laragon\www\capstone\system\CodeIgniter.php(941): App\Controllers\Admin\ScholarInfoController->store()
#10 C:\laragon\www\capstone\system\CodeIgniter.php(502): CodeIgniter\CodeIgniter->runController(Object(App\Controllers\Admin\ScholarInfoController))
#11 C:\laragon\www\capstone\system\CodeIgniter.php(361): CodeIgniter\CodeIgniter->handleRequest(NULL, Object(Config\Cache), false)
#12 C:\laragon\www\capstone\public\index.php(79): CodeIgniter\CodeIgniter->run()
#13 {main}
CRITICAL - 2024-02-16 02:05:04 --> CodeIgniter\Database\Exceptions\DatabaseException: Unknown column 'scholar_region' in 'field list'
in SYSTEMPATH\Database\BaseConnection.php on line 647.
 1 SYSTEMPATH\Database\BaseBuilder.php(2307): CodeIgniter\Database\BaseConnection->query('INSERT INTO `scholar_info` (`firstname`, `middlename`, `lastname`, `suffix`, `age`, `gender`, `street`, `barangay`, `city`, `province`, `address`, `scholar_region`, `presentaddress`, `birthdate`, `email`, `phone_num`, `telephone_number`) VALUES (:firstname:, :middlename:, :lastname:, :suffix:, :age:, :gender:, :street:, :barangay:, :city:, :province:, :address:, :scholar_region:, :presentaddress:, :birthdate:, :email:, :phone_num:, :telephone_number:)', [...], false)
 2 SYSTEMPATH\Model.php(326): CodeIgniter\Database\BaseBuilder->insert()
 3 SYSTEMPATH\BaseModel.php(802): CodeIgniter\Model->doInsert([...])
 4 SYSTEMPATH\Model.php(744): CodeIgniter\BaseModel->insert([...], false)
 5 SYSTEMPATH\BaseModel.php(713): CodeIgniter\Model->insert([...], false)
 6 APPPATH\Controllers\Admin\ScholarInfoController.php(67): CodeIgniter\BaseModel->save([...])
 7 SYSTEMPATH\CodeIgniter.php(941): App\Controllers\Admin\ScholarInfoController->store()
 8 SYSTEMPATH\CodeIgniter.php(502): CodeIgniter\CodeIgniter->runController(Object(App\Controllers\Admin\ScholarInfoController))
 9 SYSTEMPATH\CodeIgniter.php(361): CodeIgniter\CodeIgniter->handleRequest(null, Object(Config\Cache), false)
10 FCPATH\index.php(79): CodeIgniter\CodeIgniter->run()
CRITICAL - 2024-02-16 02:05:04 --> [Caused by] CodeIgniter\Database\Exceptions\DatabaseException: Unknown column 'scholar_region' in 'field list'
in SYSTEMPATH\Database\MySQLi\Connection.php on line 311.
 1 SYSTEMPATH\Database\BaseConnection.php(693): CodeIgniter\Database\MySQLi\Connection->execute('INSERT INTO `scholar_info` (`firstname`, `middlename`, `lastname`, `suffix`, `age`, `gender`, `street`, `barangay`, `city`, `province`, `address`, `scholar_region`, `presentaddress`, `birthdate`, `email`, `phone_num`, `telephone_number`) VALUES (\'Chancellor\', \'Jamal Ross\', \'Summers\', \'Aut nisi lorem in co\', \'33\', \'male\', \'Velit at vero volup\', \'Dignissimos ipsa au\', \'Alias amet sit anim\', \'Aliquid commodi null\', \'Mollit amet tempora\', NULL, \'Rem et aut ea conseq\', \'2023-03-28\', \'buvolufim@mailinator.com\', NULL, NULL)')
 2 SYSTEMPATH\Database\BaseConnection.php(607): CodeIgniter\Database\BaseConnection->simpleQuery('INSERT INTO `scholar_info` (`firstname`, `middlename`, `lastname`, `suffix`, `age`, `gender`, `street`, `barangay`, `city`, `province`, `address`, `scholar_region`, `presentaddress`, `birthdate`, `email`, `phone_num`, `telephone_number`) VALUES (\'Chancellor\', \'Jamal Ross\', \'Summers\', \'Aut nisi lorem in co\', \'33\', \'male\', \'Velit at vero volup\', \'Dignissimos ipsa au\', \'Alias amet sit anim\', \'Aliquid commodi null\', \'Mollit amet tempora\', NULL, \'Rem et aut ea conseq\', \'2023-03-28\', \'buvolufim@mailinator.com\', NULL, NULL)')
 3 SYSTEMPATH\Database\BaseBuilder.php(2307): CodeIgniter\Database\BaseConnection->query('INSERT INTO `scholar_info` (`firstname`, `middlename`, `lastname`, `suffix`, `age`, `gender`, `street`, `barangay`, `city`, `province`, `address`, `scholar_region`, `presentaddress`, `birthdate`, `email`, `phone_num`, `telephone_number`) VALUES (:firstname:, :middlename:, :lastname:, :suffix:, :age:, :gender:, :street:, :barangay:, :city:, :province:, :address:, :scholar_region:, :presentaddress:, :birthdate:, :email:, :phone_num:, :telephone_number:)', [...], false)
 4 SYSTEMPATH\Model.php(326): CodeIgniter\Database\BaseBuilder->insert()
 5 SYSTEMPATH\BaseModel.php(802): CodeIgniter\Model->doInsert([...])
 6 SYSTEMPATH\Model.php(744): CodeIgniter\BaseModel->insert([...], false)
 7 SYSTEMPATH\BaseModel.php(713): CodeIgniter\Model->insert([...], false)
 8 APPPATH\Controllers\Admin\ScholarInfoController.php(67): CodeIgniter\BaseModel->save([...])
 9 SYSTEMPATH\CodeIgniter.php(941): App\Controllers\Admin\ScholarInfoController->store()
10 SYSTEMPATH\CodeIgniter.php(502): CodeIgniter\CodeIgniter->runController(Object(App\Controllers\Admin\ScholarInfoController))
11 SYSTEMPATH\CodeIgniter.php(361): CodeIgniter\CodeIgniter->handleRequest(null, Object(Config\Cache), false)
12 FCPATH\index.php(79): CodeIgniter\CodeIgniter->run()
CRITICAL - 2024-02-16 02:05:04 --> [Caused by] mysqli_sql_exception: Unknown column 'scholar_region' in 'field list'
in SYSTEMPATH\Database\MySQLi\Connection.php on line 306.
 1 SYSTEMPATH\Database\MySQLi\Connection.php(306): mysqli->query('INSERT INTO `scholar_info` (`firstname`, `middlename`, `lastname`, `suffix`, `age`, `gender`, `street`, `barangay`, `city`, `province`, `address`, `scholar_region`, `presentaddress`, `birthdate`, `email`, `phone_num`, `telephone_number`) VALUES (\'Chancellor\', \'Jamal Ross\', \'Summers\', \'Aut nisi lorem in co\', \'33\', \'male\', \'Velit at vero volup\', \'Dignissimos ipsa au\', \'Alias amet sit anim\', \'Aliquid commodi null\', \'Mollit amet tempora\', NULL, \'Rem et aut ea conseq\', \'2023-03-28\', \'buvolufim@mailinator.com\', NULL, NULL)', 0)
 2 SYSTEMPATH\Database\BaseConnection.php(693): CodeIgniter\Database\MySQLi\Connection->execute('INSERT INTO `scholar_info` (`firstname`, `middlename`, `lastname`, `suffix`, `age`, `gender`, `street`, `barangay`, `city`, `province`, `address`, `scholar_region`, `presentaddress`, `birthdate`, `email`, `phone_num`, `telephone_number`) VALUES (\'Chancellor\', \'Jamal Ross\', \'Summers\', \'Aut nisi lorem in co\', \'33\', \'male\', \'Velit at vero volup\', \'Dignissimos ipsa au\', \'Alias amet sit anim\', \'Aliquid commodi null\', \'Mollit amet tempora\', NULL, \'Rem et aut ea conseq\', \'2023-03-28\', \'buvolufim@mailinator.com\', NULL, NULL)')
 3 SYSTEMPATH\Database\BaseConnection.php(607): CodeIgniter\Database\BaseConnection->simpleQuery('INSERT INTO `scholar_info` (`firstname`, `middlename`, `lastname`, `suffix`, `age`, `gender`, `street`, `barangay`, `city`, `province`, `address`, `scholar_region`, `presentaddress`, `birthdate`, `email`, `phone_num`, `telephone_number`) VALUES (\'Chancellor\', \'Jamal Ross\', \'Summers\', \'Aut nisi lorem in co\', \'33\', \'male\', \'Velit at vero volup\', \'Dignissimos ipsa au\', \'Alias amet sit anim\', \'Aliquid commodi null\', \'Mollit amet tempora\', NULL, \'Rem et aut ea conseq\', \'2023-03-28\', \'buvolufim@mailinator.com\', NULL, NULL)')
 4 SYSTEMPATH\Database\BaseBuilder.php(2307): CodeIgniter\Database\BaseConnection->query('INSERT INTO `scholar_info` (`firstname`, `middlename`, `lastname`, `suffix`, `age`, `gender`, `street`, `barangay`, `city`, `province`, `address`, `scholar_region`, `presentaddress`, `birthdate`, `email`, `phone_num`, `telephone_number`) VALUES (:firstname:, :middlename:, :lastname:, :suffix:, :age:, :gender:, :street:, :barangay:, :city:, :province:, :address:, :scholar_region:, :presentaddress:, :birthdate:, :email:, :phone_num:, :telephone_number:)', [...], false)
 5 SYSTEMPATH\Model.php(326): CodeIgniter\Database\BaseBuilder->insert()
 6 SYSTEMPATH\BaseModel.php(802): CodeIgniter\Model->doInsert([...])
 7 SYSTEMPATH\Model.php(744): CodeIgniter\BaseModel->insert([...], false)
 8 SYSTEMPATH\BaseModel.php(713): CodeIgniter\Model->insert([...], false)
 9 APPPATH\Controllers\Admin\ScholarInfoController.php(67): CodeIgniter\BaseModel->save([...])
10 SYSTEMPATH\CodeIgniter.php(941): App\Controllers\Admin\ScholarInfoController->store()
11 SYSTEMPATH\CodeIgniter.php(502): CodeIgniter\CodeIgniter->runController(Object(App\Controllers\Admin\ScholarInfoController))
12 SYSTEMPATH\CodeIgniter.php(361): CodeIgniter\CodeIgniter->handleRequest(null, Object(Config\Cache), false)
13 FCPATH\index.php(79): CodeIgniter\CodeIgniter->run()
