CRITICAL - 2024-02-21 03:43:15 --> CodeIgniter\View\Exceptions\ViewException: Invalid file: "pages/admin/scholar.php"
in SYSTEMPATH\Exceptions\FrameworkException.php on line 39.
 1 SYSTEMPATH\View\View.php(216): CodeIgniter\Exceptions\FrameworkException::forInvalidFile('pages/admin/scholar.php')
 2 SYSTEMPATH\Common.php(1178): CodeIgniter\View\View->render('pages/admin/scholar', [], true)
 3 APPPATH\Controllers\Admin\ScholarInfoController.php(19): view('pages/admin/scholar', [...])
 4 SYSTEMPATH\CodeIgniter.php(941): App\Controllers\Admin\ScholarInfoController->index()
 5 SYSTEMPATH\CodeIgniter.php(502): CodeIgniter\CodeIgniter->runController(Object(App\Controllers\Admin\ScholarInfoController))
 6 SYSTEMPATH\CodeIgniter.php(361): CodeIgniter\CodeIgniter->handleRequest(null, Object(Config\Cache), false)
 7 FCPATH\index.php(79): CodeIgniter\CodeIgniter->run()
CRITICAL - 2024-02-21 03:43:58 --> ErrorException: Undefined array key "street"
in APPPATH\Views\Pages\Admin\scholarinfo\scholar.php on line 83.
 1 APPPATH\Views\Pages\Admin\scholarinfo\scholar.php(83): CodeIgniter\Debug\Exceptions->errorHandler(2, 'Undefined array key "street"', 'C:\\laragon\\www\\capstone\\app\\Views\\Pages\\Admin\\scholarinfo\\scholar.php', 83)
 2 SYSTEMPATH\View\View.php(228): include('C:\\laragon\\www\\capstone\\app\\Views\\Pages\\Admin\\scholarinfo\\scholar.php')
 3 SYSTEMPATH\View\View.php(231): CodeIgniter\View\View->CodeIgniter\View\{closure}()
 4 SYSTEMPATH\Common.php(1178): CodeIgniter\View\View->render('pages/admin/scholarinfo/scholar', [], true)
 5 APPPATH\Controllers\Admin\ScholarInfoController.php(22): view('pages/admin/scholarinfo/scholar', [...])
 6 SYSTEMPATH\CodeIgniter.php(941): App\Controllers\Admin\ScholarInfoController->index()
 7 SYSTEMPATH\CodeIgniter.php(502): CodeIgniter\CodeIgniter->runController(Object(App\Controllers\Admin\ScholarInfoController))
 8 SYSTEMPATH\CodeIgniter.php(361): CodeIgniter\CodeIgniter->handleRequest(null, Object(Config\Cache), false)
 9 FCPATH\index.php(79): CodeIgniter\CodeIgniter->run()
