CRITICAL - 2024-02-11 04:35:59 --> ErrorException: Undefined variable $scholar_info
in APPPATH\Views\scholar_info.php on line 37.
 1 APPPATH\Views\scholar_info.php(37): CodeIgniter\Debug\Exceptions->errorHandler(2, 'Undefined variable $scholar_info', 'C:\\laragon\\www\\capstone\\app\\Views\\scholar_info.php', 37)
 2 SYSTEMPATH\View\View.php(228): include('C:\\laragon\\www\\capstone\\app\\Views\\scholar_info.php')
 3 SYSTEMPATH\View\View.php(231): CodeIgniter\View\View->CodeIgniter\View\{closure}()
 4 SYSTEMPATH\Common.php(1178): CodeIgniter\View\View->render('scholar_info', [], true)
 5 APPPATH\Controllers\ScholarInfoController.php(12): view('scholar_info')
 6 SYSTEMPATH\CodeIgniter.php(941): App\Controllers\ScholarInfoController->home()
 7 SYSTEMPATH\CodeIgniter.php(502): CodeIgniter\CodeIgniter->runController(Object(App\Controllers\ScholarInfoController))
 8 SYSTEMPATH\CodeIgniter.php(361): CodeIgniter\CodeIgniter->handleRequest(null, Object(Config\Cache), false)
 9 FCPATH\index.php(79): CodeIgniter\CodeIgniter->run()
CRITICAL - 2024-02-11 04:36:02 --> ErrorException: Undefined variable $scholar_info
in APPPATH\Views\scholar_info.php on line 37.
 1 APPPATH\Views\scholar_info.php(37): CodeIgniter\Debug\Exceptions->errorHandler(2, 'Undefined variable $scholar_info', 'C:\\laragon\\www\\capstone\\app\\Views\\scholar_info.php', 37)
 2 SYSTEMPATH\View\View.php(228): include('C:\\laragon\\www\\capstone\\app\\Views\\scholar_info.php')
 3 SYSTEMPATH\View\View.php(231): CodeIgniter\View\View->CodeIgniter\View\{closure}()
 4 SYSTEMPATH\Common.php(1178): CodeIgniter\View\View->render('scholar_info', [], true)
 5 APPPATH\Controllers\ScholarInfoController.php(12): view('scholar_info')
 6 SYSTEMPATH\CodeIgniter.php(941): App\Controllers\ScholarInfoController->home()
 7 SYSTEMPATH\CodeIgniter.php(502): CodeIgniter\CodeIgniter->runController(Object(App\Controllers\ScholarInfoController))
 8 SYSTEMPATH\CodeIgniter.php(361): CodeIgniter\CodeIgniter->handleRequest(null, Object(Config\Cache), false)
 9 FCPATH\index.php(79): CodeIgniter\CodeIgniter->run()
CRITICAL - 2024-02-11 04:36:03 --> ErrorException: Undefined variable $scholar_info
in APPPATH\Views\scholar_info.php on line 37.
 1 APPPATH\Views\scholar_info.php(37): CodeIgniter\Debug\Exceptions->errorHandler(2, 'Undefined variable $scholar_info', 'C:\\laragon\\www\\capstone\\app\\Views\\scholar_info.php', 37)
 2 SYSTEMPATH\View\View.php(228): include('C:\\laragon\\www\\capstone\\app\\Views\\scholar_info.php')
 3 SYSTEMPATH\View\View.php(231): CodeIgniter\View\View->CodeIgniter\View\{closure}()
 4 SYSTEMPATH\Common.php(1178): CodeIgniter\View\View->render('scholar_info', [], true)
 5 APPPATH\Controllers\ScholarInfoController.php(12): view('scholar_info')
 6 SYSTEMPATH\CodeIgniter.php(941): App\Controllers\ScholarInfoController->home()
 7 SYSTEMPATH\CodeIgniter.php(502): CodeIgniter\CodeIgniter->runController(Object(App\Controllers\ScholarInfoController))
 8 SYSTEMPATH\CodeIgniter.php(361): CodeIgniter\CodeIgniter->handleRequest(null, Object(Config\Cache), false)
 9 FCPATH\index.php(79): CodeIgniter\CodeIgniter->run()
CRITICAL - 2024-02-11 04:36:03 --> ErrorException: Undefined variable $scholar_info
in APPPATH\Views\scholar_info.php on line 37.
 1 APPPATH\Views\scholar_info.php(37): CodeIgniter\Debug\Exceptions->errorHandler(2, 'Undefined variable $scholar_info', 'C:\\laragon\\www\\capstone\\app\\Views\\scholar_info.php', 37)
 2 SYSTEMPATH\View\View.php(228): include('C:\\laragon\\www\\capstone\\app\\Views\\scholar_info.php')
 3 SYSTEMPATH\View\View.php(231): CodeIgniter\View\View->CodeIgniter\View\{closure}()
 4 SYSTEMPATH\Common.php(1178): CodeIgniter\View\View->render('scholar_info', [], true)
 5 APPPATH\Controllers\ScholarInfoController.php(12): view('scholar_info')
 6 SYSTEMPATH\CodeIgniter.php(941): App\Controllers\ScholarInfoController->home()
 7 SYSTEMPATH\CodeIgniter.php(502): CodeIgniter\CodeIgniter->runController(Object(App\Controllers\ScholarInfoController))
 8 SYSTEMPATH\CodeIgniter.php(361): CodeIgniter\CodeIgniter->handleRequest(null, Object(Config\Cache), false)
 9 FCPATH\index.php(79): CodeIgniter\CodeIgniter->run()
CRITICAL - 2024-02-11 04:36:13 --> ErrorException: Undefined variable $scholar_info
in APPPATH\Views\scholar_info.php on line 37.
 1 APPPATH\Views\scholar_info.php(37): CodeIgniter\Debug\Exceptions->errorHandler(2, 'Undefined variable $scholar_info', 'C:\\laragon\\www\\capstone\\app\\Views\\scholar_info.php', 37)
 2 SYSTEMPATH\View\View.php(228): include('C:\\laragon\\www\\capstone\\app\\Views\\scholar_info.php')
 3 SYSTEMPATH\View\View.php(231): CodeIgniter\View\View->CodeIgniter\View\{closure}()
 4 SYSTEMPATH\Common.php(1178): CodeIgniter\View\View->render('scholar_info', [], true)
 5 APPPATH\Controllers\ScholarInfoController.php(12): view('scholar_info')
 6 SYSTEMPATH\CodeIgniter.php(941): App\Controllers\ScholarInfoController->home()
 7 SYSTEMPATH\CodeIgniter.php(502): CodeIgniter\CodeIgniter->runController(Object(App\Controllers\ScholarInfoController))
 8 SYSTEMPATH\CodeIgniter.php(361): CodeIgniter\CodeIgniter->handleRequest(null, Object(Config\Cache), false)
 9 FCPATH\index.php(79): CodeIgniter\CodeIgniter->run()
CRITICAL - 2024-02-11 04:36:18 --> ErrorException: Undefined variable $scholar_info
in APPPATH\Views\scholar_info.php on line 37.
 1 APPPATH\Views\scholar_info.php(37): CodeIgniter\Debug\Exceptions->errorHandler(2, 'Undefined variable $scholar_info', 'C:\\laragon\\www\\capstone\\app\\Views\\scholar_info.php', 37)
 2 SYSTEMPATH\View\View.php(228): include('C:\\laragon\\www\\capstone\\app\\Views\\scholar_info.php')
 3 SYSTEMPATH\View\View.php(231): CodeIgniter\View\View->CodeIgniter\View\{closure}()
 4 SYSTEMPATH\Common.php(1178): CodeIgniter\View\View->render('scholar_info', [], true)
 5 APPPATH\Controllers\ScholarInfoController.php(12): view('scholar_info')
 6 SYSTEMPATH\CodeIgniter.php(941): App\Controllers\ScholarInfoController->home()
 7 SYSTEMPATH\CodeIgniter.php(502): CodeIgniter\CodeIgniter->runController(Object(App\Controllers\ScholarInfoController))
 8 SYSTEMPATH\CodeIgniter.php(361): CodeIgniter\CodeIgniter->handleRequest(null, Object(Config\Cache), false)
 9 FCPATH\index.php(79): CodeIgniter\CodeIgniter->run()
CRITICAL - 2024-02-11 04:36:19 --> ErrorException: Undefined variable $scholar_info
in APPPATH\Views\scholar_info.php on line 37.
 1 APPPATH\Views\scholar_info.php(37): CodeIgniter\Debug\Exceptions->errorHandler(2, 'Undefined variable $scholar_info', 'C:\\laragon\\www\\capstone\\app\\Views\\scholar_info.php', 37)
 2 SYSTEMPATH\View\View.php(228): include('C:\\laragon\\www\\capstone\\app\\Views\\scholar_info.php')
 3 SYSTEMPATH\View\View.php(231): CodeIgniter\View\View->CodeIgniter\View\{closure}()
 4 SYSTEMPATH\Common.php(1178): CodeIgniter\View\View->render('scholar_info', [], true)
 5 APPPATH\Controllers\ScholarInfoController.php(12): view('scholar_info')
 6 SYSTEMPATH\CodeIgniter.php(941): App\Controllers\ScholarInfoController->home()
 7 SYSTEMPATH\CodeIgniter.php(502): CodeIgniter\CodeIgniter->runController(Object(App\Controllers\ScholarInfoController))
 8 SYSTEMPATH\CodeIgniter.php(361): CodeIgniter\CodeIgniter->handleRequest(null, Object(Config\Cache), false)
 9 FCPATH\index.php(79): CodeIgniter\CodeIgniter->run()
CRITICAL - 2024-02-11 04:52:41 --> CodeIgniter\Router\Exceptions\RouterException: The namespace delimiter is a backslash (\), not a slash (/). Route handler: "\App\Controllers\Admin/AdminController::index"
in SYSTEMPATH\Router\Router.php on line 479.
 1 SYSTEMPATH\Router\Router.php(479): CodeIgniter\Router\Exceptions\RouterException::forInvalidControllerName('\\App\\Controllers\\Admin/AdminController::index')
 2 SYSTEMPATH\Router\Router.php(186): CodeIgniter\Router\Router->checkRoutes('admin')
 3 SYSTEMPATH\CodeIgniter.php(823): CodeIgniter\Router\Router->handle('admin')
 4 SYSTEMPATH\CodeIgniter.php(450): CodeIgniter\CodeIgniter->tryToRouteIt(Object(CodeIgniter\Router\RouteCollection))
 5 SYSTEMPATH\CodeIgniter.php(361): CodeIgniter\CodeIgniter->handleRequest(null, Object(Config\Cache), false)
 6 FCPATH\index.php(79): CodeIgniter\CodeIgniter->run()
CRITICAL - 2024-02-11 04:52:42 --> CodeIgniter\Router\Exceptions\RouterException: The namespace delimiter is a backslash (\), not a slash (/). Route handler: "\App\Controllers\Admin/AdminController::index"
in SYSTEMPATH\Router\Router.php on line 479.
 1 SYSTEMPATH\Router\Router.php(479): CodeIgniter\Router\Exceptions\RouterException::forInvalidControllerName('\\App\\Controllers\\Admin/AdminController::index')
 2 SYSTEMPATH\Router\Router.php(186): CodeIgniter\Router\Router->checkRoutes('admin')
 3 SYSTEMPATH\CodeIgniter.php(823): CodeIgniter\Router\Router->handle('admin')
 4 SYSTEMPATH\CodeIgniter.php(450): CodeIgniter\CodeIgniter->tryToRouteIt(Object(CodeIgniter\Router\RouteCollection))
 5 SYSTEMPATH\CodeIgniter.php(361): CodeIgniter\CodeIgniter->handleRequest(null, Object(Config\Cache), false)
 6 FCPATH\index.php(79): CodeIgniter\CodeIgniter->run()
CRITICAL - 2024-02-11 04:52:43 --> CodeIgniter\Router\Exceptions\RouterException: The namespace delimiter is a backslash (\), not a slash (/). Route handler: "\App\Controllers\Admin/AdminController::index"
in SYSTEMPATH\Router\Router.php on line 479.
 1 SYSTEMPATH\Router\Router.php(479): CodeIgniter\Router\Exceptions\RouterException::forInvalidControllerName('\\App\\Controllers\\Admin/AdminController::index')
 2 SYSTEMPATH\Router\Router.php(186): CodeIgniter\Router\Router->checkRoutes('admin')
 3 SYSTEMPATH\CodeIgniter.php(823): CodeIgniter\Router\Router->handle('admin')
 4 SYSTEMPATH\CodeIgniter.php(450): CodeIgniter\CodeIgniter->tryToRouteIt(Object(CodeIgniter\Router\RouteCollection))
 5 SYSTEMPATH\CodeIgniter.php(361): CodeIgniter\CodeIgniter->handleRequest(null, Object(Config\Cache), false)
 6 FCPATH\index.php(79): CodeIgniter\CodeIgniter->run()
CRITICAL - 2024-02-11 04:52:48 --> CodeIgniter\Router\Exceptions\RouterException: The namespace delimiter is a backslash (\), not a slash (/). Route handler: "\App\Controllers\Admin/AdminController::index"
in SYSTEMPATH\Router\Router.php on line 479.
 1 SYSTEMPATH\Router\Router.php(479): CodeIgniter\Router\Exceptions\RouterException::forInvalidControllerName('\\App\\Controllers\\Admin/AdminController::index')
 2 SYSTEMPATH\Router\Router.php(186): CodeIgniter\Router\Router->checkRoutes('admin')
 3 SYSTEMPATH\CodeIgniter.php(823): CodeIgniter\Router\Router->handle('admin')
 4 SYSTEMPATH\CodeIgniter.php(450): CodeIgniter\CodeIgniter->tryToRouteIt(Object(CodeIgniter\Router\RouteCollection))
 5 SYSTEMPATH\CodeIgniter.php(361): CodeIgniter\CodeIgniter->handleRequest(null, Object(Config\Cache), false)
 6 FCPATH\index.php(79): CodeIgniter\CodeIgniter->run()
CRITICAL - 2024-02-11 04:52:48 --> CodeIgniter\Router\Exceptions\RouterException: The namespace delimiter is a backslash (\), not a slash (/). Route handler: "\App\Controllers\Admin/AdminController::index"
in SYSTEMPATH\Router\Router.php on line 479.
 1 SYSTEMPATH\Router\Router.php(479): CodeIgniter\Router\Exceptions\RouterException::forInvalidControllerName('\\App\\Controllers\\Admin/AdminController::index')
 2 SYSTEMPATH\Router\Router.php(186): CodeIgniter\Router\Router->checkRoutes('admin')
 3 SYSTEMPATH\CodeIgniter.php(823): CodeIgniter\Router\Router->handle('admin')
 4 SYSTEMPATH\CodeIgniter.php(450): CodeIgniter\CodeIgniter->tryToRouteIt(Object(CodeIgniter\Router\RouteCollection))
 5 SYSTEMPATH\CodeIgniter.php(361): CodeIgniter\CodeIgniter->handleRequest(null, Object(Config\Cache), false)
 6 FCPATH\index.php(79): CodeIgniter\CodeIgniter->run()
CRITICAL - 2024-02-11 04:53:03 --> CodeIgniter\Router\Exceptions\RouterException: The namespace delimiter is a backslash (\), not a slash (/). Route handler: "\App\Controllers\Admin/AdminController::index"
in SYSTEMPATH\Router\Router.php on line 479.
 1 SYSTEMPATH\Router\Router.php(479): CodeIgniter\Router\Exceptions\RouterException::forInvalidControllerName('\\App\\Controllers\\Admin/AdminController::index')
 2 SYSTEMPATH\Router\Router.php(186): CodeIgniter\Router\Router->checkRoutes('admin')
 3 SYSTEMPATH\CodeIgniter.php(823): CodeIgniter\Router\Router->handle('admin')
 4 SYSTEMPATH\CodeIgniter.php(450): CodeIgniter\CodeIgniter->tryToRouteIt(Object(CodeIgniter\Router\RouteCollection))
 5 SYSTEMPATH\CodeIgniter.php(361): CodeIgniter\CodeIgniter->handleRequest(null, Object(Config\Cache), false)
 6 FCPATH\index.php(79): CodeIgniter\CodeIgniter->run()
CRITICAL - 2024-02-11 04:53:04 --> CodeIgniter\Router\Exceptions\RouterException: The namespace delimiter is a backslash (\), not a slash (/). Route handler: "\App\Controllers\Admin/AdminController::index"
in SYSTEMPATH\Router\Router.php on line 479.
 1 SYSTEMPATH\Router\Router.php(479): CodeIgniter\Router\Exceptions\RouterException::forInvalidControllerName('\\App\\Controllers\\Admin/AdminController::index')
 2 SYSTEMPATH\Router\Router.php(186): CodeIgniter\Router\Router->checkRoutes('admin')
 3 SYSTEMPATH\CodeIgniter.php(823): CodeIgniter\Router\Router->handle('admin')
 4 SYSTEMPATH\CodeIgniter.php(450): CodeIgniter\CodeIgniter->tryToRouteIt(Object(CodeIgniter\Router\RouteCollection))
 5 SYSTEMPATH\CodeIgniter.php(361): CodeIgniter\CodeIgniter->handleRequest(null, Object(Config\Cache), false)
 6 FCPATH\index.php(79): CodeIgniter\CodeIgniter->run()
CRITICAL - 2024-02-11 04:53:04 --> CodeIgniter\Router\Exceptions\RouterException: The namespace delimiter is a backslash (\), not a slash (/). Route handler: "\App\Controllers\Admin/AdminController::index"
in SYSTEMPATH\Router\Router.php on line 479.
 1 SYSTEMPATH\Router\Router.php(479): CodeIgniter\Router\Exceptions\RouterException::forInvalidControllerName('\\App\\Controllers\\Admin/AdminController::index')
 2 SYSTEMPATH\Router\Router.php(186): CodeIgniter\Router\Router->checkRoutes('admin')
 3 SYSTEMPATH\CodeIgniter.php(823): CodeIgniter\Router\Router->handle('admin')
 4 SYSTEMPATH\CodeIgniter.php(450): CodeIgniter\CodeIgniter->tryToRouteIt(Object(CodeIgniter\Router\RouteCollection))
 5 SYSTEMPATH\CodeIgniter.php(361): CodeIgniter\CodeIgniter->handleRequest(null, Object(Config\Cache), false)
 6 FCPATH\index.php(79): CodeIgniter\CodeIgniter->run()
CRITICAL - 2024-02-11 04:54:10 --> CodeIgniter\Router\Exceptions\RouterException: The namespace delimiter is a backslash (\), not a slash (/). Route handler: "\App\Controllers\Admin/AdminController::index"
in SYSTEMPATH\Router\Router.php on line 479.
 1 SYSTEMPATH\Router\Router.php(479): CodeIgniter\Router\Exceptions\RouterException::forInvalidControllerName('\\App\\Controllers\\Admin/AdminController::index')
 2 SYSTEMPATH\Router\Router.php(186): CodeIgniter\Router\Router->checkRoutes('admin')
 3 SYSTEMPATH\CodeIgniter.php(823): CodeIgniter\Router\Router->handle('admin')
 4 SYSTEMPATH\CodeIgniter.php(450): CodeIgniter\CodeIgniter->tryToRouteIt(Object(CodeIgniter\Router\RouteCollection))
 5 SYSTEMPATH\CodeIgniter.php(361): CodeIgniter\CodeIgniter->handleRequest(null, Object(Config\Cache), false)
 6 FCPATH\index.php(79): CodeIgniter\CodeIgniter->run()
CRITICAL - 2024-02-11 06:22:04 --> CodeIgniter\View\Exceptions\ViewException: Invalid file: "Admin/list.php"
in SYSTEMPATH\Exceptions\FrameworkException.php on line 39.
 1 SYSTEMPATH\View\View.php(216): CodeIgniter\Exceptions\FrameworkException::forInvalidFile('Admin/list.php')
 2 SYSTEMPATH\Common.php(1178): CodeIgniter\View\View->render('Admin/list', [], true)
 3 APPPATH\Controllers\Announcement.php(12): view('Admin/list')
 4 SYSTEMPATH\CodeIgniter.php(941): App\Controllers\Announcement->list()
 5 SYSTEMPATH\CodeIgniter.php(502): CodeIgniter\CodeIgniter->runController(Object(App\Controllers\Announcement))
 6 SYSTEMPATH\CodeIgniter.php(361): CodeIgniter\CodeIgniter->handleRequest(null, Object(Config\Cache), false)
 7 FCPATH\index.php(79): CodeIgniter\CodeIgniter->run()
CRITICAL - 2024-02-11 06:22:07 --> CodeIgniter\View\Exceptions\ViewException: Invalid file: "Admin/list.php"
in SYSTEMPATH\Exceptions\FrameworkException.php on line 39.
 1 SYSTEMPATH\View\View.php(216): CodeIgniter\Exceptions\FrameworkException::forInvalidFile('Admin/list.php')
 2 SYSTEMPATH\Common.php(1178): CodeIgniter\View\View->render('Admin/list', [], true)
 3 APPPATH\Controllers\Announcement.php(12): view('Admin/list')
 4 SYSTEMPATH\CodeIgniter.php(941): App\Controllers\Announcement->list()
 5 SYSTEMPATH\CodeIgniter.php(502): CodeIgniter\CodeIgniter->runController(Object(App\Controllers\Announcement))
 6 SYSTEMPATH\CodeIgniter.php(361): CodeIgniter\CodeIgniter->handleRequest(null, Object(Config\Cache), false)
 7 FCPATH\index.php(79): CodeIgniter\CodeIgniter->run()
CRITICAL - 2024-02-11 06:23:45 --> CodeIgniter\View\Exceptions\ViewException: Invalid file: "Admin/list.php"
in SYSTEMPATH\Exceptions\FrameworkException.php on line 39.
 1 SYSTEMPATH\View\View.php(216): CodeIgniter\Exceptions\FrameworkException::forInvalidFile('Admin/list.php')
 2 SYSTEMPATH\Common.php(1178): CodeIgniter\View\View->render('Admin/list', [], true)
 3 APPPATH\Controllers\Announcement.php(12): view('Admin/list')
 4 SYSTEMPATH\CodeIgniter.php(941): App\Controllers\Announcement->list()
 5 SYSTEMPATH\CodeIgniter.php(502): CodeIgniter\CodeIgniter->runController(Object(App\Controllers\Announcement))
 6 SYSTEMPATH\CodeIgniter.php(361): CodeIgniter\CodeIgniter->handleRequest(null, Object(Config\Cache), false)
 7 FCPATH\index.php(79): CodeIgniter\CodeIgniter->run()
CRITICAL - 2024-02-11 06:26:44 --> CodeIgniter\View\Exceptions\ViewException: Invalid file: "Admin/list.php"
in SYSTEMPATH\Exceptions\FrameworkException.php on line 39.
 1 SYSTEMPATH\View\View.php(216): CodeIgniter\Exceptions\FrameworkException::forInvalidFile('Admin/list.php')
 2 SYSTEMPATH\Common.php(1178): CodeIgniter\View\View->render('Admin/list', [], true)
 3 APPPATH\Controllers\Announcement.php(12): view('Admin/list')
 4 SYSTEMPATH\CodeIgniter.php(941): App\Controllers\Announcement->list()
 5 SYSTEMPATH\CodeIgniter.php(502): CodeIgniter\CodeIgniter->runController(Object(App\Controllers\Announcement))
 6 SYSTEMPATH\CodeIgniter.php(361): CodeIgniter\CodeIgniter->handleRequest(null, Object(Config\Cache), false)
 7 FCPATH\index.php(79): CodeIgniter\CodeIgniter->run()
CRITICAL - 2024-02-11 06:58:37 --> CodeIgniter\View\Exceptions\ViewException: Invalid file: "Admin/list.php"
in SYSTEMPATH\Exceptions\FrameworkException.php on line 39.
 1 SYSTEMPATH\View\View.php(216): CodeIgniter\Exceptions\FrameworkException::forInvalidFile('Admin/list.php')
 2 SYSTEMPATH\Common.php(1178): CodeIgniter\View\View->render('Admin/list', [], true)
 3 APPPATH\Controllers\Admin\Announcement.php(12): view('Admin/list')
 4 SYSTEMPATH\CodeIgniter.php(941): App\Controllers\Admin\Announcement->list()
 5 SYSTEMPATH\CodeIgniter.php(502): CodeIgniter\CodeIgniter->runController(Object(App\Controllers\Admin\Announcement))
 6 SYSTEMPATH\CodeIgniter.php(361): CodeIgniter\CodeIgniter->handleRequest(null, Object(Config\Cache), false)
 7 FCPATH\index.php(79): CodeIgniter\CodeIgniter->run()
CRITICAL - 2024-02-11 06:58:40 --> CodeIgniter\View\Exceptions\ViewException: Invalid file: "Admin/list.php"
in SYSTEMPATH\Exceptions\FrameworkException.php on line 39.
 1 SYSTEMPATH\View\View.php(216): CodeIgniter\Exceptions\FrameworkException::forInvalidFile('Admin/list.php')
 2 SYSTEMPATH\Common.php(1178): CodeIgniter\View\View->render('Admin/list', [], true)
 3 APPPATH\Controllers\Admin\Announcement.php(12): view('Admin/list')
 4 SYSTEMPATH\CodeIgniter.php(941): App\Controllers\Admin\Announcement->list()
 5 SYSTEMPATH\CodeIgniter.php(502): CodeIgniter\CodeIgniter->runController(Object(App\Controllers\Admin\Announcement))
 6 SYSTEMPATH\CodeIgniter.php(361): CodeIgniter\CodeIgniter->handleRequest(null, Object(Config\Cache), false)
 7 FCPATH\index.php(79): CodeIgniter\CodeIgniter->run()
CRITICAL - 2024-02-11 07:01:48 --> ErrorException: Undefined property: CodeIgniter\View\View::$Func_Misc
in APPPATH\Views\Admin_Components\template.php on line 16.
 1 APPPATH\Views\Admin_Components\template.php(16): CodeIgniter\Debug\Exceptions->errorHandler(2, 'Undefined property: CodeIgniter\\View\\View::$Func_Misc', 'C:\\laragon\\www\\capstone\\app\\Views\\Admin_Components\\template.php', 16)
 2 SYSTEMPATH\View\View.php(228): include('C:\\laragon\\www\\capstone\\app\\Views\\Admin_Components\\template.php')
 3 SYSTEMPATH\View\View.php(231): CodeIgniter\View\View->CodeIgniter\View\{closure}()
 4 SYSTEMPATH\View\View.php(469): CodeIgniter\View\View->render('Admin_Components/template', null, true)
 5 APPPATH\Views\Admin\Announcement\list.php(1): CodeIgniter\View\View->include('Admin_Components/template')
 6 SYSTEMPATH\View\View.php(228): include('C:\\laragon\\www\\capstone\\app\\Views\\Admin\\Announcement\\list.php')
 7 SYSTEMPATH\View\View.php(231): CodeIgniter\View\View->CodeIgniter\View\{closure}()
 8 SYSTEMPATH\Common.php(1178): CodeIgniter\View\View->render('Admin/Announcement/list', [], true)
 9 APPPATH\Controllers\Admin\Announcement.php(12): view('Admin/Announcement/list')
10 SYSTEMPATH\CodeIgniter.php(941): App\Controllers\Admin\Announcement->list()
11 SYSTEMPATH\CodeIgniter.php(502): CodeIgniter\CodeIgniter->runController(Object(App\Controllers\Admin\Announcement))
12 SYSTEMPATH\CodeIgniter.php(361): CodeIgniter\CodeIgniter->handleRequest(null, Object(Config\Cache), false)
13 FCPATH\index.php(79): CodeIgniter\CodeIgniter->run()
CRITICAL - 2024-02-11 07:01:49 --> ErrorException: Undefined property: CodeIgniter\View\View::$Func_Misc
in APPPATH\Views\Admin_Components\template.php on line 16.
 1 APPPATH\Views\Admin_Components\template.php(16): CodeIgniter\Debug\Exceptions->errorHandler(2, 'Undefined property: CodeIgniter\\View\\View::$Func_Misc', 'C:\\laragon\\www\\capstone\\app\\Views\\Admin_Components\\template.php', 16)
 2 SYSTEMPATH\View\View.php(228): include('C:\\laragon\\www\\capstone\\app\\Views\\Admin_Components\\template.php')
 3 SYSTEMPATH\View\View.php(231): CodeIgniter\View\View->CodeIgniter\View\{closure}()
 4 SYSTEMPATH\View\View.php(469): CodeIgniter\View\View->render('Admin_Components/template', null, true)
 5 APPPATH\Views\Admin\Announcement\list.php(1): CodeIgniter\View\View->include('Admin_Components/template')
 6 SYSTEMPATH\View\View.php(228): include('C:\\laragon\\www\\capstone\\app\\Views\\Admin\\Announcement\\list.php')
 7 SYSTEMPATH\View\View.php(231): CodeIgniter\View\View->CodeIgniter\View\{closure}()
 8 SYSTEMPATH\Common.php(1178): CodeIgniter\View\View->render('Admin/Announcement/list', [], true)
 9 APPPATH\Controllers\Admin\Announcement.php(12): view('Admin/Announcement/list')
10 SYSTEMPATH\CodeIgniter.php(941): App\Controllers\Admin\Announcement->list()
11 SYSTEMPATH\CodeIgniter.php(502): CodeIgniter\CodeIgniter->runController(Object(App\Controllers\Admin\Announcement))
12 SYSTEMPATH\CodeIgniter.php(361): CodeIgniter\CodeIgniter->handleRequest(null, Object(Config\Cache), false)
13 FCPATH\index.php(79): CodeIgniter\CodeIgniter->run()
CRITICAL - 2024-02-11 07:01:49 --> ErrorException: Undefined property: CodeIgniter\View\View::$Func_Misc
in APPPATH\Views\Admin_Components\template.php on line 16.
 1 APPPATH\Views\Admin_Components\template.php(16): CodeIgniter\Debug\Exceptions->errorHandler(2, 'Undefined property: CodeIgniter\\View\\View::$Func_Misc', 'C:\\laragon\\www\\capstone\\app\\Views\\Admin_Components\\template.php', 16)
 2 SYSTEMPATH\View\View.php(228): include('C:\\laragon\\www\\capstone\\app\\Views\\Admin_Components\\template.php')
 3 SYSTEMPATH\View\View.php(231): CodeIgniter\View\View->CodeIgniter\View\{closure}()
 4 SYSTEMPATH\View\View.php(469): CodeIgniter\View\View->render('Admin_Components/template', null, true)
 5 APPPATH\Views\Admin\Announcement\list.php(1): CodeIgniter\View\View->include('Admin_Components/template')
 6 SYSTEMPATH\View\View.php(228): include('C:\\laragon\\www\\capstone\\app\\Views\\Admin\\Announcement\\list.php')
 7 SYSTEMPATH\View\View.php(231): CodeIgniter\View\View->CodeIgniter\View\{closure}()
 8 SYSTEMPATH\Common.php(1178): CodeIgniter\View\View->render('Admin/Announcement/list', [], true)
 9 APPPATH\Controllers\Admin\Announcement.php(12): view('Admin/Announcement/list')
10 SYSTEMPATH\CodeIgniter.php(941): App\Controllers\Admin\Announcement->list()
11 SYSTEMPATH\CodeIgniter.php(502): CodeIgniter\CodeIgniter->runController(Object(App\Controllers\Admin\Announcement))
12 SYSTEMPATH\CodeIgniter.php(361): CodeIgniter\CodeIgniter->handleRequest(null, Object(Config\Cache), false)
13 FCPATH\index.php(79): CodeIgniter\CodeIgniter->run()
CRITICAL - 2024-02-11 07:01:49 --> ErrorException: Undefined property: CodeIgniter\View\View::$Func_Misc
in APPPATH\Views\Admin_Components\template.php on line 16.
 1 APPPATH\Views\Admin_Components\template.php(16): CodeIgniter\Debug\Exceptions->errorHandler(2, 'Undefined property: CodeIgniter\\View\\View::$Func_Misc', 'C:\\laragon\\www\\capstone\\app\\Views\\Admin_Components\\template.php', 16)
 2 SYSTEMPATH\View\View.php(228): include('C:\\laragon\\www\\capstone\\app\\Views\\Admin_Components\\template.php')
 3 SYSTEMPATH\View\View.php(231): CodeIgniter\View\View->CodeIgniter\View\{closure}()
 4 SYSTEMPATH\View\View.php(469): CodeIgniter\View\View->render('Admin_Components/template', null, true)
 5 APPPATH\Views\Admin\Announcement\list.php(1): CodeIgniter\View\View->include('Admin_Components/template')
 6 SYSTEMPATH\View\View.php(228): include('C:\\laragon\\www\\capstone\\app\\Views\\Admin\\Announcement\\list.php')
 7 SYSTEMPATH\View\View.php(231): CodeIgniter\View\View->CodeIgniter\View\{closure}()
 8 SYSTEMPATH\Common.php(1178): CodeIgniter\View\View->render('Admin/Announcement/list', [], true)
 9 APPPATH\Controllers\Admin\Announcement.php(12): view('Admin/Announcement/list')
10 SYSTEMPATH\CodeIgniter.php(941): App\Controllers\Admin\Announcement->list()
11 SYSTEMPATH\CodeIgniter.php(502): CodeIgniter\CodeIgniter->runController(Object(App\Controllers\Admin\Announcement))
12 SYSTEMPATH\CodeIgniter.php(361): CodeIgniter\CodeIgniter->handleRequest(null, Object(Config\Cache), false)
13 FCPATH\index.php(79): CodeIgniter\CodeIgniter->run()
CRITICAL - 2024-02-11 07:01:49 --> ErrorException: Undefined property: CodeIgniter\View\View::$Func_Misc
in APPPATH\Views\Admin_Components\template.php on line 16.
 1 APPPATH\Views\Admin_Components\template.php(16): CodeIgniter\Debug\Exceptions->errorHandler(2, 'Undefined property: CodeIgniter\\View\\View::$Func_Misc', 'C:\\laragon\\www\\capstone\\app\\Views\\Admin_Components\\template.php', 16)
 2 SYSTEMPATH\View\View.php(228): include('C:\\laragon\\www\\capstone\\app\\Views\\Admin_Components\\template.php')
 3 SYSTEMPATH\View\View.php(231): CodeIgniter\View\View->CodeIgniter\View\{closure}()
 4 SYSTEMPATH\View\View.php(469): CodeIgniter\View\View->render('Admin_Components/template', null, true)
 5 APPPATH\Views\Admin\Announcement\list.php(1): CodeIgniter\View\View->include('Admin_Components/template')
 6 SYSTEMPATH\View\View.php(228): include('C:\\laragon\\www\\capstone\\app\\Views\\Admin\\Announcement\\list.php')
 7 SYSTEMPATH\View\View.php(231): CodeIgniter\View\View->CodeIgniter\View\{closure}()
 8 SYSTEMPATH\Common.php(1178): CodeIgniter\View\View->render('Admin/Announcement/list', [], true)
 9 APPPATH\Controllers\Admin\Announcement.php(12): view('Admin/Announcement/list')
10 SYSTEMPATH\CodeIgniter.php(941): App\Controllers\Admin\Announcement->list()
11 SYSTEMPATH\CodeIgniter.php(502): CodeIgniter\CodeIgniter->runController(Object(App\Controllers\Admin\Announcement))
12 SYSTEMPATH\CodeIgniter.php(361): CodeIgniter\CodeIgniter->handleRequest(null, Object(Config\Cache), false)
13 FCPATH\index.php(79): CodeIgniter\CodeIgniter->run()
CRITICAL - 2024-02-11 07:01:50 --> ErrorException: Undefined property: CodeIgniter\View\View::$Func_Misc
in APPPATH\Views\Admin_Components\template.php on line 16.
 1 APPPATH\Views\Admin_Components\template.php(16): CodeIgniter\Debug\Exceptions->errorHandler(2, 'Undefined property: CodeIgniter\\View\\View::$Func_Misc', 'C:\\laragon\\www\\capstone\\app\\Views\\Admin_Components\\template.php', 16)
 2 SYSTEMPATH\View\View.php(228): include('C:\\laragon\\www\\capstone\\app\\Views\\Admin_Components\\template.php')
 3 SYSTEMPATH\View\View.php(231): CodeIgniter\View\View->CodeIgniter\View\{closure}()
 4 SYSTEMPATH\View\View.php(469): CodeIgniter\View\View->render('Admin_Components/template', null, true)
 5 APPPATH\Views\Admin\Announcement\list.php(1): CodeIgniter\View\View->include('Admin_Components/template')
 6 SYSTEMPATH\View\View.php(228): include('C:\\laragon\\www\\capstone\\app\\Views\\Admin\\Announcement\\list.php')
 7 SYSTEMPATH\View\View.php(231): CodeIgniter\View\View->CodeIgniter\View\{closure}()
 8 SYSTEMPATH\Common.php(1178): CodeIgniter\View\View->render('Admin/Announcement/list', [], true)
 9 APPPATH\Controllers\Admin\Announcement.php(12): view('Admin/Announcement/list')
10 SYSTEMPATH\CodeIgniter.php(941): App\Controllers\Admin\Announcement->list()
11 SYSTEMPATH\CodeIgniter.php(502): CodeIgniter\CodeIgniter->runController(Object(App\Controllers\Admin\Announcement))
12 SYSTEMPATH\CodeIgniter.php(361): CodeIgniter\CodeIgniter->handleRequest(null, Object(Config\Cache), false)
13 FCPATH\index.php(79): CodeIgniter\CodeIgniter->run()
CRITICAL - 2024-02-11 07:04:13 --> ErrorException: Undefined property: CodeIgniter\View\View::$Func_Misc
in APPPATH\Views\Admin_Components\template.php on line 16.
 1 APPPATH\Views\Admin_Components\template.php(16): CodeIgniter\Debug\Exceptions->errorHandler(2, 'Undefined property: CodeIgniter\\View\\View::$Func_Misc', 'C:\\laragon\\www\\capstone\\app\\Views\\Admin_Components\\template.php', 16)
 2 SYSTEMPATH\View\View.php(228): include('C:\\laragon\\www\\capstone\\app\\Views\\Admin_Components\\template.php')
 3 SYSTEMPATH\View\View.php(231): CodeIgniter\View\View->CodeIgniter\View\{closure}()
 4 SYSTEMPATH\View\View.php(469): CodeIgniter\View\View->render('Admin_Components/template', null, true)
 5 APPPATH\Views\Admin\Announcement\list.php(1): CodeIgniter\View\View->include('Admin_Components/template')
 6 SYSTEMPATH\View\View.php(228): include('C:\\laragon\\www\\capstone\\app\\Views\\Admin\\Announcement\\list.php')
 7 SYSTEMPATH\View\View.php(231): CodeIgniter\View\View->CodeIgniter\View\{closure}()
 8 SYSTEMPATH\Common.php(1178): CodeIgniter\View\View->render('Admin/Announcement/list', [], true)
 9 APPPATH\Controllers\Admin\Announcement.php(12): view('Admin/Announcement/list')
10 SYSTEMPATH\CodeIgniter.php(941): App\Controllers\Admin\Announcement->list()
11 SYSTEMPATH\CodeIgniter.php(502): CodeIgniter\CodeIgniter->runController(Object(App\Controllers\Admin\Announcement))
12 SYSTEMPATH\CodeIgniter.php(361): CodeIgniter\CodeIgniter->handleRequest(null, Object(Config\Cache), false)
13 FCPATH\index.php(79): CodeIgniter\CodeIgniter->run()
CRITICAL - 2024-02-11 07:06:17 --> ErrorException: Undefined property: CodeIgniter\View\View::$Func_Misc
in APPPATH\Views\Admin_Components\template.php on line 16.
 1 APPPATH\Views\Admin_Components\template.php(16): CodeIgniter\Debug\Exceptions->errorHandler(2, 'Undefined property: CodeIgniter\\View\\View::$Func_Misc', 'C:\\laragon\\www\\capstone\\app\\Views\\Admin_Components\\template.php', 16)
 2 SYSTEMPATH\View\View.php(228): include('C:\\laragon\\www\\capstone\\app\\Views\\Admin_Components\\template.php')
 3 SYSTEMPATH\View\View.php(231): CodeIgniter\View\View->CodeIgniter\View\{closure}()
 4 SYSTEMPATH\View\View.php(469): CodeIgniter\View\View->render('Admin_Components/template', null, true)
 5 APPPATH\Views\Admin\Announcement\list.php(1): CodeIgniter\View\View->include('Admin_Components/template')
 6 SYSTEMPATH\View\View.php(228): include('C:\\laragon\\www\\capstone\\app\\Views\\Admin\\Announcement\\list.php')
 7 SYSTEMPATH\View\View.php(231): CodeIgniter\View\View->CodeIgniter\View\{closure}()
 8 SYSTEMPATH\Common.php(1178): CodeIgniter\View\View->render('Admin/Announcement/list', [], true)
 9 APPPATH\Controllers\Admin\Announcement.php(12): view('Admin/Announcement/list')
10 SYSTEMPATH\CodeIgniter.php(941): App\Controllers\Admin\Announcement->list()
11 SYSTEMPATH\CodeIgniter.php(502): CodeIgniter\CodeIgniter->runController(Object(App\Controllers\Admin\Announcement))
12 SYSTEMPATH\CodeIgniter.php(361): CodeIgniter\CodeIgniter->handleRequest(null, Object(Config\Cache), false)
13 FCPATH\index.php(79): CodeIgniter\CodeIgniter->run()
CRITICAL - 2024-02-11 07:21:12 --> ErrorException: Undefined property: CodeIgniter\View\View::$Func_Misc
in APPPATH\Views\Admin_Components\template.php on line 16.
 1 APPPATH\Views\Admin_Components\template.php(16): CodeIgniter\Debug\Exceptions->errorHandler(2, 'Undefined property: CodeIgniter\\View\\View::$Func_Misc', 'C:\\laragon\\www\\capstone\\app\\Views\\Admin_Components\\template.php', 16)
 2 SYSTEMPATH\View\View.php(228): include('C:\\laragon\\www\\capstone\\app\\Views\\Admin_Components\\template.php')
 3 SYSTEMPATH\View\View.php(231): CodeIgniter\View\View->CodeIgniter\View\{closure}()
 4 SYSTEMPATH\View\View.php(469): CodeIgniter\View\View->render('Admin_Components/template', null, true)
 5 APPPATH\Views\Admin\Announcement\list.php(1): CodeIgniter\View\View->include('Admin_Components/template')
 6 SYSTEMPATH\View\View.php(228): include('C:\\laragon\\www\\capstone\\app\\Views\\Admin\\Announcement\\list.php')
 7 SYSTEMPATH\View\View.php(231): CodeIgniter\View\View->CodeIgniter\View\{closure}()
 8 SYSTEMPATH\Common.php(1178): CodeIgniter\View\View->render('Admin/Announcement/list', [], true)
 9 APPPATH\Controllers\Admin\Announcement.php(12): view('Admin/Announcement/list')
10 SYSTEMPATH\CodeIgniter.php(941): App\Controllers\Admin\Announcement->list()
11 SYSTEMPATH\CodeIgniter.php(502): CodeIgniter\CodeIgniter->runController(Object(App\Controllers\Admin\Announcement))
12 SYSTEMPATH\CodeIgniter.php(361): CodeIgniter\CodeIgniter->handleRequest(null, Object(Config\Cache), false)
13 FCPATH\index.php(79): CodeIgniter\CodeIgniter->run()
CRITICAL - 2024-02-11 07:21:12 --> ErrorException: Undefined property: CodeIgniter\View\View::$Func_Misc
in APPPATH\Views\Admin_Components\template.php on line 16.
 1 APPPATH\Views\Admin_Components\template.php(16): CodeIgniter\Debug\Exceptions->errorHandler(2, 'Undefined property: CodeIgniter\\View\\View::$Func_Misc', 'C:\\laragon\\www\\capstone\\app\\Views\\Admin_Components\\template.php', 16)
 2 SYSTEMPATH\View\View.php(228): include('C:\\laragon\\www\\capstone\\app\\Views\\Admin_Components\\template.php')
 3 SYSTEMPATH\View\View.php(231): CodeIgniter\View\View->CodeIgniter\View\{closure}()
 4 SYSTEMPATH\View\View.php(469): CodeIgniter\View\View->render('Admin_Components/template', null, true)
 5 APPPATH\Views\Admin\Announcement\list.php(1): CodeIgniter\View\View->include('Admin_Components/template')
 6 SYSTEMPATH\View\View.php(228): include('C:\\laragon\\www\\capstone\\app\\Views\\Admin\\Announcement\\list.php')
 7 SYSTEMPATH\View\View.php(231): CodeIgniter\View\View->CodeIgniter\View\{closure}()
 8 SYSTEMPATH\Common.php(1178): CodeIgniter\View\View->render('Admin/Announcement/list', [], true)
 9 APPPATH\Controllers\Admin\Announcement.php(12): view('Admin/Announcement/list')
10 SYSTEMPATH\CodeIgniter.php(941): App\Controllers\Admin\Announcement->list()
11 SYSTEMPATH\CodeIgniter.php(502): CodeIgniter\CodeIgniter->runController(Object(App\Controllers\Admin\Announcement))
12 SYSTEMPATH\CodeIgniter.php(361): CodeIgniter\CodeIgniter->handleRequest(null, Object(Config\Cache), false)
13 FCPATH\index.php(79): CodeIgniter\CodeIgniter->run()
CRITICAL - 2024-02-11 07:21:13 --> ErrorException: Undefined property: CodeIgniter\View\View::$Func_Misc
in APPPATH\Views\Admin_Components\template.php on line 16.
 1 APPPATH\Views\Admin_Components\template.php(16): CodeIgniter\Debug\Exceptions->errorHandler(2, 'Undefined property: CodeIgniter\\View\\View::$Func_Misc', 'C:\\laragon\\www\\capstone\\app\\Views\\Admin_Components\\template.php', 16)
 2 SYSTEMPATH\View\View.php(228): include('C:\\laragon\\www\\capstone\\app\\Views\\Admin_Components\\template.php')
 3 SYSTEMPATH\View\View.php(231): CodeIgniter\View\View->CodeIgniter\View\{closure}()
 4 SYSTEMPATH\View\View.php(469): CodeIgniter\View\View->render('Admin_Components/template', null, true)
 5 APPPATH\Views\Admin\Announcement\list.php(1): CodeIgniter\View\View->include('Admin_Components/template')
 6 SYSTEMPATH\View\View.php(228): include('C:\\laragon\\www\\capstone\\app\\Views\\Admin\\Announcement\\list.php')
 7 SYSTEMPATH\View\View.php(231): CodeIgniter\View\View->CodeIgniter\View\{closure}()
 8 SYSTEMPATH\Common.php(1178): CodeIgniter\View\View->render('Admin/Announcement/list', [], true)
 9 APPPATH\Controllers\Admin\Announcement.php(12): view('Admin/Announcement/list')
10 SYSTEMPATH\CodeIgniter.php(941): App\Controllers\Admin\Announcement->list()
11 SYSTEMPATH\CodeIgniter.php(502): CodeIgniter\CodeIgniter->runController(Object(App\Controllers\Admin\Announcement))
12 SYSTEMPATH\CodeIgniter.php(361): CodeIgniter\CodeIgniter->handleRequest(null, Object(Config\Cache), false)
13 FCPATH\index.php(79): CodeIgniter\CodeIgniter->run()
CRITICAL - 2024-02-11 07:21:25 --> ErrorException: Undefined property: CodeIgniter\View\View::$Func_Misc
in APPPATH\Views\Admin_Components\template.php on line 16.
 1 APPPATH\Views\Admin_Components\template.php(16): CodeIgniter\Debug\Exceptions->errorHandler(2, 'Undefined property: CodeIgniter\\View\\View::$Func_Misc', 'C:\\laragon\\www\\capstone\\app\\Views\\Admin_Components\\template.php', 16)
 2 SYSTEMPATH\View\View.php(228): include('C:\\laragon\\www\\capstone\\app\\Views\\Admin_Components\\template.php')
 3 SYSTEMPATH\View\View.php(231): CodeIgniter\View\View->CodeIgniter\View\{closure}()
 4 SYSTEMPATH\View\View.php(469): CodeIgniter\View\View->render('Admin_Components/template', null, true)
 5 APPPATH\Views\Admin\Announcement\list.php(1): CodeIgniter\View\View->include('Admin_Components/template')
 6 SYSTEMPATH\View\View.php(228): include('C:\\laragon\\www\\capstone\\app\\Views\\Admin\\Announcement\\list.php')
 7 SYSTEMPATH\View\View.php(231): CodeIgniter\View\View->CodeIgniter\View\{closure}()
 8 SYSTEMPATH\Common.php(1178): CodeIgniter\View\View->render('Admin/Announcement/list', [], true)
 9 APPPATH\Controllers\Admin\Announcement.php(12): view('Admin/Announcement/list')
10 SYSTEMPATH\CodeIgniter.php(941): App\Controllers\Admin\Announcement->list()
11 SYSTEMPATH\CodeIgniter.php(502): CodeIgniter\CodeIgniter->runController(Object(App\Controllers\Admin\Announcement))
12 SYSTEMPATH\CodeIgniter.php(361): CodeIgniter\CodeIgniter->handleRequest(null, Object(Config\Cache), false)
13 FCPATH\index.php(79): CodeIgniter\CodeIgniter->run()
CRITICAL - 2024-02-11 07:21:29 --> ErrorException: Undefined property: CodeIgniter\View\View::$Func_Misc
in APPPATH\Views\Admin_Components\template.php on line 16.
 1 APPPATH\Views\Admin_Components\template.php(16): CodeIgniter\Debug\Exceptions->errorHandler(2, 'Undefined property: CodeIgniter\\View\\View::$Func_Misc', 'C:\\laragon\\www\\capstone\\app\\Views\\Admin_Components\\template.php', 16)
 2 SYSTEMPATH\View\View.php(228): include('C:\\laragon\\www\\capstone\\app\\Views\\Admin_Components\\template.php')
 3 SYSTEMPATH\View\View.php(231): CodeIgniter\View\View->CodeIgniter\View\{closure}()
 4 SYSTEMPATH\View\View.php(469): CodeIgniter\View\View->render('Admin_Components/template', null, true)
 5 APPPATH\Views\Admin\Announcement\list.php(1): CodeIgniter\View\View->include('Admin_Components/template')
 6 SYSTEMPATH\View\View.php(228): include('C:\\laragon\\www\\capstone\\app\\Views\\Admin\\Announcement\\list.php')
 7 SYSTEMPATH\View\View.php(231): CodeIgniter\View\View->CodeIgniter\View\{closure}()
 8 SYSTEMPATH\Common.php(1178): CodeIgniter\View\View->render('Admin/Announcement/list', [], true)
 9 APPPATH\Controllers\Admin\Announcement.php(12): view('Admin/Announcement/list')
10 SYSTEMPATH\CodeIgniter.php(941): App\Controllers\Admin\Announcement->list()
11 SYSTEMPATH\CodeIgniter.php(502): CodeIgniter\CodeIgniter->runController(Object(App\Controllers\Admin\Announcement))
12 SYSTEMPATH\CodeIgniter.php(361): CodeIgniter\CodeIgniter->handleRequest(null, Object(Config\Cache), false)
13 FCPATH\index.php(79): CodeIgniter\CodeIgniter->run()
CRITICAL - 2024-02-11 07:22:16 --> ErrorException: Undefined property: CodeIgniter\View\View::$Func_Misc
in APPPATH\Views\Admin_Components\template.php on line 16.
 1 APPPATH\Views\Admin_Components\template.php(16): CodeIgniter\Debug\Exceptions->errorHandler(2, 'Undefined property: CodeIgniter\\View\\View::$Func_Misc', 'C:\\laragon\\www\\capstone\\app\\Views\\Admin_Components\\template.php', 16)
 2 SYSTEMPATH\View\View.php(228): include('C:\\laragon\\www\\capstone\\app\\Views\\Admin_Components\\template.php')
 3 SYSTEMPATH\View\View.php(231): CodeIgniter\View\View->CodeIgniter\View\{closure}()
 4 SYSTEMPATH\View\View.php(469): CodeIgniter\View\View->render('Admin_Components/template', null, true)
 5 APPPATH\Views\Admin\Announcement\list.php(1): CodeIgniter\View\View->include('Admin_Components/template')
 6 SYSTEMPATH\View\View.php(228): include('C:\\laragon\\www\\capstone\\app\\Views\\Admin\\Announcement\\list.php')
 7 SYSTEMPATH\View\View.php(231): CodeIgniter\View\View->CodeIgniter\View\{closure}()
 8 SYSTEMPATH\Common.php(1178): CodeIgniter\View\View->render('Admin/Announcement/list', [], true)
 9 APPPATH\Controllers\Admin\Announcement.php(12): view('Admin/Announcement/list')
10 SYSTEMPATH\CodeIgniter.php(941): App\Controllers\Admin\Announcement->list()
11 SYSTEMPATH\CodeIgniter.php(502): CodeIgniter\CodeIgniter->runController(Object(App\Controllers\Admin\Announcement))
12 SYSTEMPATH\CodeIgniter.php(361): CodeIgniter\CodeIgniter->handleRequest(null, Object(Config\Cache), false)
13 FCPATH\index.php(79): CodeIgniter\CodeIgniter->run()
CRITICAL - 2024-02-11 07:22:17 --> ErrorException: Undefined property: CodeIgniter\View\View::$Func_Misc
in APPPATH\Views\Admin_Components\template.php on line 16.
 1 APPPATH\Views\Admin_Components\template.php(16): CodeIgniter\Debug\Exceptions->errorHandler(2, 'Undefined property: CodeIgniter\\View\\View::$Func_Misc', 'C:\\laragon\\www\\capstone\\app\\Views\\Admin_Components\\template.php', 16)
 2 SYSTEMPATH\View\View.php(228): include('C:\\laragon\\www\\capstone\\app\\Views\\Admin_Components\\template.php')
 3 SYSTEMPATH\View\View.php(231): CodeIgniter\View\View->CodeIgniter\View\{closure}()
 4 SYSTEMPATH\View\View.php(469): CodeIgniter\View\View->render('Admin_Components/template', null, true)
 5 APPPATH\Views\Admin\Announcement\list.php(1): CodeIgniter\View\View->include('Admin_Components/template')
 6 SYSTEMPATH\View\View.php(228): include('C:\\laragon\\www\\capstone\\app\\Views\\Admin\\Announcement\\list.php')
 7 SYSTEMPATH\View\View.php(231): CodeIgniter\View\View->CodeIgniter\View\{closure}()
 8 SYSTEMPATH\Common.php(1178): CodeIgniter\View\View->render('Admin/Announcement/list', [], true)
 9 APPPATH\Controllers\Admin\Announcement.php(12): view('Admin/Announcement/list')
10 SYSTEMPATH\CodeIgniter.php(941): App\Controllers\Admin\Announcement->list()
11 SYSTEMPATH\CodeIgniter.php(502): CodeIgniter\CodeIgniter->runController(Object(App\Controllers\Admin\Announcement))
12 SYSTEMPATH\CodeIgniter.php(361): CodeIgniter\CodeIgniter->handleRequest(null, Object(Config\Cache), false)
13 FCPATH\index.php(79): CodeIgniter\CodeIgniter->run()
CRITICAL - 2024-02-11 07:22:21 --> ErrorException: Undefined property: CodeIgniter\View\View::$Func_Misc
in APPPATH\Views\Admin_Components\template.php on line 16.
 1 APPPATH\Views\Admin_Components\template.php(16): CodeIgniter\Debug\Exceptions->errorHandler(2, 'Undefined property: CodeIgniter\\View\\View::$Func_Misc', 'C:\\laragon\\www\\capstone\\app\\Views\\Admin_Components\\template.php', 16)
 2 SYSTEMPATH\View\View.php(228): include('C:\\laragon\\www\\capstone\\app\\Views\\Admin_Components\\template.php')
 3 SYSTEMPATH\View\View.php(231): CodeIgniter\View\View->CodeIgniter\View\{closure}()
 4 SYSTEMPATH\View\View.php(469): CodeIgniter\View\View->render('Admin_Components/template', null, true)
 5 APPPATH\Views\Admin\Announcement\list.php(1): CodeIgniter\View\View->include('Admin_Components/template')
 6 SYSTEMPATH\View\View.php(228): include('C:\\laragon\\www\\capstone\\app\\Views\\Admin\\Announcement\\list.php')
 7 SYSTEMPATH\View\View.php(231): CodeIgniter\View\View->CodeIgniter\View\{closure}()
 8 SYSTEMPATH\Common.php(1178): CodeIgniter\View\View->render('Admin/Announcement/list', [], true)
 9 APPPATH\Controllers\Admin\Announcement.php(12): view('Admin/Announcement/list')
10 SYSTEMPATH\CodeIgniter.php(941): App\Controllers\Admin\Announcement->list()
11 SYSTEMPATH\CodeIgniter.php(502): CodeIgniter\CodeIgniter->runController(Object(App\Controllers\Admin\Announcement))
12 SYSTEMPATH\CodeIgniter.php(361): CodeIgniter\CodeIgniter->handleRequest(null, Object(Config\Cache), false)
13 FCPATH\index.php(79): CodeIgniter\CodeIgniter->run()
CRITICAL - 2024-02-11 07:22:22 --> ErrorException: Undefined property: CodeIgniter\View\View::$Func_Misc
in APPPATH\Views\Admin_Components\template.php on line 16.
 1 APPPATH\Views\Admin_Components\template.php(16): CodeIgniter\Debug\Exceptions->errorHandler(2, 'Undefined property: CodeIgniter\\View\\View::$Func_Misc', 'C:\\laragon\\www\\capstone\\app\\Views\\Admin_Components\\template.php', 16)
 2 SYSTEMPATH\View\View.php(228): include('C:\\laragon\\www\\capstone\\app\\Views\\Admin_Components\\template.php')
 3 SYSTEMPATH\View\View.php(231): CodeIgniter\View\View->CodeIgniter\View\{closure}()
 4 SYSTEMPATH\View\View.php(469): CodeIgniter\View\View->render('Admin_Components/template', null, true)
 5 APPPATH\Views\Admin\Announcement\list.php(1): CodeIgniter\View\View->include('Admin_Components/template')
 6 SYSTEMPATH\View\View.php(228): include('C:\\laragon\\www\\capstone\\app\\Views\\Admin\\Announcement\\list.php')
 7 SYSTEMPATH\View\View.php(231): CodeIgniter\View\View->CodeIgniter\View\{closure}()
 8 SYSTEMPATH\Common.php(1178): CodeIgniter\View\View->render('Admin/Announcement/list', [], true)
 9 APPPATH\Controllers\Admin\Announcement.php(12): view('Admin/Announcement/list')
10 SYSTEMPATH\CodeIgniter.php(941): App\Controllers\Admin\Announcement->list()
11 SYSTEMPATH\CodeIgniter.php(502): CodeIgniter\CodeIgniter->runController(Object(App\Controllers\Admin\Announcement))
12 SYSTEMPATH\CodeIgniter.php(361): CodeIgniter\CodeIgniter->handleRequest(null, Object(Config\Cache), false)
13 FCPATH\index.php(79): CodeIgniter\CodeIgniter->run()
CRITICAL - 2024-02-11 07:22:22 --> ErrorException: Undefined property: CodeIgniter\View\View::$Func_Misc
in APPPATH\Views\Admin_Components\template.php on line 16.
 1 APPPATH\Views\Admin_Components\template.php(16): CodeIgniter\Debug\Exceptions->errorHandler(2, 'Undefined property: CodeIgniter\\View\\View::$Func_Misc', 'C:\\laragon\\www\\capstone\\app\\Views\\Admin_Components\\template.php', 16)
 2 SYSTEMPATH\View\View.php(228): include('C:\\laragon\\www\\capstone\\app\\Views\\Admin_Components\\template.php')
 3 SYSTEMPATH\View\View.php(231): CodeIgniter\View\View->CodeIgniter\View\{closure}()
 4 SYSTEMPATH\View\View.php(469): CodeIgniter\View\View->render('Admin_Components/template', null, true)
 5 APPPATH\Views\Admin\Announcement\list.php(1): CodeIgniter\View\View->include('Admin_Components/template')
 6 SYSTEMPATH\View\View.php(228): include('C:\\laragon\\www\\capstone\\app\\Views\\Admin\\Announcement\\list.php')
 7 SYSTEMPATH\View\View.php(231): CodeIgniter\View\View->CodeIgniter\View\{closure}()
 8 SYSTEMPATH\Common.php(1178): CodeIgniter\View\View->render('Admin/Announcement/list', [], true)
 9 APPPATH\Controllers\Admin\Announcement.php(12): view('Admin/Announcement/list')
10 SYSTEMPATH\CodeIgniter.php(941): App\Controllers\Admin\Announcement->list()
11 SYSTEMPATH\CodeIgniter.php(502): CodeIgniter\CodeIgniter->runController(Object(App\Controllers\Admin\Announcement))
12 SYSTEMPATH\CodeIgniter.php(361): CodeIgniter\CodeIgniter->handleRequest(null, Object(Config\Cache), false)
13 FCPATH\index.php(79): CodeIgniter\CodeIgniter->run()
CRITICAL - 2024-02-11 07:22:55 --> ErrorException: Undefined property: CodeIgniter\View\View::$Func_Misc
in APPPATH\Views\Admin_Components\template.php on line 16.
 1 APPPATH\Views\Admin_Components\template.php(16): CodeIgniter\Debug\Exceptions->errorHandler(2, 'Undefined property: CodeIgniter\\View\\View::$Func_Misc', 'C:\\laragon\\www\\capstone\\app\\Views\\Admin_Components\\template.php', 16)
 2 SYSTEMPATH\View\View.php(228): include('C:\\laragon\\www\\capstone\\app\\Views\\Admin_Components\\template.php')
 3 SYSTEMPATH\View\View.php(231): CodeIgniter\View\View->CodeIgniter\View\{closure}()
 4 SYSTEMPATH\View\View.php(469): CodeIgniter\View\View->render('Admin_Components/template', null, true)
 5 APPPATH\Views\Admin\Announcement\list.php(1): CodeIgniter\View\View->include('Admin_Components/template')
 6 SYSTEMPATH\View\View.php(228): include('C:\\laragon\\www\\capstone\\app\\Views\\Admin\\Announcement\\list.php')
 7 SYSTEMPATH\View\View.php(231): CodeIgniter\View\View->CodeIgniter\View\{closure}()
 8 SYSTEMPATH\Common.php(1178): CodeIgniter\View\View->render('Admin/Announcement/list', [], true)
 9 APPPATH\Controllers\Admin\Announcement.php(12): view('Admin/Announcement/list')
10 SYSTEMPATH\CodeIgniter.php(941): App\Controllers\Admin\Announcement->list()
11 SYSTEMPATH\CodeIgniter.php(502): CodeIgniter\CodeIgniter->runController(Object(App\Controllers\Admin\Announcement))
12 SYSTEMPATH\CodeIgniter.php(361): CodeIgniter\CodeIgniter->handleRequest(null, Object(Config\Cache), false)
13 FCPATH\index.php(79): CodeIgniter\CodeIgniter->run()
CRITICAL - 2024-02-11 07:23:06 --> ErrorException: Undefined property: CodeIgniter\View\View::$Func_Misc
in APPPATH\Views\Admin_Components\template.php on line 16.
 1 APPPATH\Views\Admin_Components\template.php(16): CodeIgniter\Debug\Exceptions->errorHandler(2, 'Undefined property: CodeIgniter\\View\\View::$Func_Misc', 'C:\\laragon\\www\\capstone\\app\\Views\\Admin_Components\\template.php', 16)
 2 SYSTEMPATH\View\View.php(228): include('C:\\laragon\\www\\capstone\\app\\Views\\Admin_Components\\template.php')
 3 SYSTEMPATH\View\View.php(231): CodeIgniter\View\View->CodeIgniter\View\{closure}()
 4 SYSTEMPATH\View\View.php(469): CodeIgniter\View\View->render('Admin_Components/template', null, true)
 5 APPPATH\Views\Admin\Announcement\list.php(1): CodeIgniter\View\View->include('Admin_Components/template')
 6 SYSTEMPATH\View\View.php(228): include('C:\\laragon\\www\\capstone\\app\\Views\\Admin\\Announcement\\list.php')
 7 SYSTEMPATH\View\View.php(231): CodeIgniter\View\View->CodeIgniter\View\{closure}()
 8 SYSTEMPATH\Common.php(1178): CodeIgniter\View\View->render('Admin/Announcement/list', [], true)
 9 APPPATH\Controllers\Admin\Announcement.php(12): view('Admin/Announcement/list')
10 SYSTEMPATH\CodeIgniter.php(941): App\Controllers\Admin\Announcement->list()
11 SYSTEMPATH\CodeIgniter.php(502): CodeIgniter\CodeIgniter->runController(Object(App\Controllers\Admin\Announcement))
12 SYSTEMPATH\CodeIgniter.php(361): CodeIgniter\CodeIgniter->handleRequest(null, Object(Config\Cache), false)
13 FCPATH\index.php(79): CodeIgniter\CodeIgniter->run()
CRITICAL - 2024-02-11 07:23:46 --> ErrorException: Undefined property: CodeIgniter\View\View::$Func_Misc
in APPPATH\Views\Admin_Components\template.php on line 16.
 1 APPPATH\Views\Admin_Components\template.php(16): CodeIgniter\Debug\Exceptions->errorHandler(2, 'Undefined property: CodeIgniter\\View\\View::$Func_Misc', 'C:\\laragon\\www\\capstone\\app\\Views\\Admin_Components\\template.php', 16)
 2 SYSTEMPATH\View\View.php(228): include('C:\\laragon\\www\\capstone\\app\\Views\\Admin_Components\\template.php')
 3 SYSTEMPATH\View\View.php(231): CodeIgniter\View\View->CodeIgniter\View\{closure}()
 4 SYSTEMPATH\View\View.php(469): CodeIgniter\View\View->render('Admin_Components/template', null, true)
 5 APPPATH\Views\Admin\Announcement\list.php(1): CodeIgniter\View\View->include('Admin_Components/template')
 6 SYSTEMPATH\View\View.php(228): include('C:\\laragon\\www\\capstone\\app\\Views\\Admin\\Announcement\\list.php')
 7 SYSTEMPATH\View\View.php(231): CodeIgniter\View\View->CodeIgniter\View\{closure}()
 8 SYSTEMPATH\Common.php(1178): CodeIgniter\View\View->render('Admin/Announcement/list', [], true)
 9 APPPATH\Controllers\Admin\Announcement.php(12): view('Admin/Announcement/list')
10 SYSTEMPATH\CodeIgniter.php(941): App\Controllers\Admin\Announcement->list()
11 SYSTEMPATH\CodeIgniter.php(502): CodeIgniter\CodeIgniter->runController(Object(App\Controllers\Admin\Announcement))
12 SYSTEMPATH\CodeIgniter.php(361): CodeIgniter\CodeIgniter->handleRequest(null, Object(Config\Cache), false)
13 FCPATH\index.php(79): CodeIgniter\CodeIgniter->run()
CRITICAL - 2024-02-11 07:23:46 --> ErrorException: Undefined property: CodeIgniter\View\View::$Func_Misc
in APPPATH\Views\Admin_Components\template.php on line 16.
 1 APPPATH\Views\Admin_Components\template.php(16): CodeIgniter\Debug\Exceptions->errorHandler(2, 'Undefined property: CodeIgniter\\View\\View::$Func_Misc', 'C:\\laragon\\www\\capstone\\app\\Views\\Admin_Components\\template.php', 16)
 2 SYSTEMPATH\View\View.php(228): include('C:\\laragon\\www\\capstone\\app\\Views\\Admin_Components\\template.php')
 3 SYSTEMPATH\View\View.php(231): CodeIgniter\View\View->CodeIgniter\View\{closure}()
 4 SYSTEMPATH\View\View.php(469): CodeIgniter\View\View->render('Admin_Components/template', null, true)
 5 APPPATH\Views\Admin\Announcement\list.php(1): CodeIgniter\View\View->include('Admin_Components/template')
 6 SYSTEMPATH\View\View.php(228): include('C:\\laragon\\www\\capstone\\app\\Views\\Admin\\Announcement\\list.php')
 7 SYSTEMPATH\View\View.php(231): CodeIgniter\View\View->CodeIgniter\View\{closure}()
 8 SYSTEMPATH\Common.php(1178): CodeIgniter\View\View->render('Admin/Announcement/list', [], true)
 9 APPPATH\Controllers\Admin\Announcement.php(12): view('Admin/Announcement/list')
10 SYSTEMPATH\CodeIgniter.php(941): App\Controllers\Admin\Announcement->list()
11 SYSTEMPATH\CodeIgniter.php(502): CodeIgniter\CodeIgniter->runController(Object(App\Controllers\Admin\Announcement))
12 SYSTEMPATH\CodeIgniter.php(361): CodeIgniter\CodeIgniter->handleRequest(null, Object(Config\Cache), false)
13 FCPATH\index.php(79): CodeIgniter\CodeIgniter->run()
CRITICAL - 2024-02-11 07:23:57 --> ErrorException: Undefined property: CodeIgniter\View\View::$Func_Misc
in APPPATH\Views\Admin_Components\template.php on line 16.
 1 APPPATH\Views\Admin_Components\template.php(16): CodeIgniter\Debug\Exceptions->errorHandler(2, 'Undefined property: CodeIgniter\\View\\View::$Func_Misc', 'C:\\laragon\\www\\capstone\\app\\Views\\Admin_Components\\template.php', 16)
 2 SYSTEMPATH\View\View.php(228): include('C:\\laragon\\www\\capstone\\app\\Views\\Admin_Components\\template.php')
 3 SYSTEMPATH\View\View.php(231): CodeIgniter\View\View->CodeIgniter\View\{closure}()
 4 SYSTEMPATH\View\View.php(469): CodeIgniter\View\View->render('Admin_Components/template', null, true)
 5 APPPATH\Views\Admin\Announcement\list.php(1): CodeIgniter\View\View->include('Admin_Components/template')
 6 SYSTEMPATH\View\View.php(228): include('C:\\laragon\\www\\capstone\\app\\Views\\Admin\\Announcement\\list.php')
 7 SYSTEMPATH\View\View.php(231): CodeIgniter\View\View->CodeIgniter\View\{closure}()
 8 SYSTEMPATH\Common.php(1178): CodeIgniter\View\View->render('Admin/Announcement/list', [], true)
 9 APPPATH\Controllers\Admin\Announcement.php(12): view('Admin/Announcement/list')
10 SYSTEMPATH\CodeIgniter.php(941): App\Controllers\Admin\Announcement->list()
11 SYSTEMPATH\CodeIgniter.php(502): CodeIgniter\CodeIgniter->runController(Object(App\Controllers\Admin\Announcement))
12 SYSTEMPATH\CodeIgniter.php(361): CodeIgniter\CodeIgniter->handleRequest(null, Object(Config\Cache), false)
13 FCPATH\index.php(79): CodeIgniter\CodeIgniter->run()
CRITICAL - 2024-02-11 07:24:04 --> ErrorException: Undefined property: CodeIgniter\View\View::$Func_Misc
in APPPATH\Views\Admin_Components\template.php on line 16.
 1 APPPATH\Views\Admin_Components\template.php(16): CodeIgniter\Debug\Exceptions->errorHandler(2, 'Undefined property: CodeIgniter\\View\\View::$Func_Misc', 'C:\\laragon\\www\\capstone\\app\\Views\\Admin_Components\\template.php', 16)
 2 SYSTEMPATH\View\View.php(228): include('C:\\laragon\\www\\capstone\\app\\Views\\Admin_Components\\template.php')
 3 SYSTEMPATH\View\View.php(231): CodeIgniter\View\View->CodeIgniter\View\{closure}()
 4 SYSTEMPATH\View\View.php(469): CodeIgniter\View\View->render('Admin_Components/template', null, true)
 5 APPPATH\Views\Admin\Announcement\list.php(1): CodeIgniter\View\View->include('Admin_Components/template')
 6 SYSTEMPATH\View\View.php(228): include('C:\\laragon\\www\\capstone\\app\\Views\\Admin\\Announcement\\list.php')
 7 SYSTEMPATH\View\View.php(231): CodeIgniter\View\View->CodeIgniter\View\{closure}()
 8 SYSTEMPATH\Common.php(1178): CodeIgniter\View\View->render('Admin/Announcement/list', [], true)
 9 APPPATH\Controllers\Admin\Announcement.php(12): view('Admin/Announcement/list')
10 SYSTEMPATH\CodeIgniter.php(941): App\Controllers\Admin\Announcement->list()
11 SYSTEMPATH\CodeIgniter.php(502): CodeIgniter\CodeIgniter->runController(Object(App\Controllers\Admin\Announcement))
12 SYSTEMPATH\CodeIgniter.php(361): CodeIgniter\CodeIgniter->handleRequest(null, Object(Config\Cache), false)
13 FCPATH\index.php(79): CodeIgniter\CodeIgniter->run()
CRITICAL - 2024-02-11 07:24:04 --> ErrorException: Undefined property: CodeIgniter\View\View::$Func_Misc
in APPPATH\Views\Admin_Components\template.php on line 16.
 1 APPPATH\Views\Admin_Components\template.php(16): CodeIgniter\Debug\Exceptions->errorHandler(2, 'Undefined property: CodeIgniter\\View\\View::$Func_Misc', 'C:\\laragon\\www\\capstone\\app\\Views\\Admin_Components\\template.php', 16)
 2 SYSTEMPATH\View\View.php(228): include('C:\\laragon\\www\\capstone\\app\\Views\\Admin_Components\\template.php')
 3 SYSTEMPATH\View\View.php(231): CodeIgniter\View\View->CodeIgniter\View\{closure}()
 4 SYSTEMPATH\View\View.php(469): CodeIgniter\View\View->render('Admin_Components/template', null, true)
 5 APPPATH\Views\Admin\Announcement\list.php(1): CodeIgniter\View\View->include('Admin_Components/template')
 6 SYSTEMPATH\View\View.php(228): include('C:\\laragon\\www\\capstone\\app\\Views\\Admin\\Announcement\\list.php')
 7 SYSTEMPATH\View\View.php(231): CodeIgniter\View\View->CodeIgniter\View\{closure}()
 8 SYSTEMPATH\Common.php(1178): CodeIgniter\View\View->render('Admin/Announcement/list', [], true)
 9 APPPATH\Controllers\Admin\Announcement.php(12): view('Admin/Announcement/list')
10 SYSTEMPATH\CodeIgniter.php(941): App\Controllers\Admin\Announcement->list()
11 SYSTEMPATH\CodeIgniter.php(502): CodeIgniter\CodeIgniter->runController(Object(App\Controllers\Admin\Announcement))
12 SYSTEMPATH\CodeIgniter.php(361): CodeIgniter\CodeIgniter->handleRequest(null, Object(Config\Cache), false)
13 FCPATH\index.php(79): CodeIgniter\CodeIgniter->run()
CRITICAL - 2024-02-11 07:25:22 --> ErrorException: Undefined property: CodeIgniter\View\View::$Func_Misc
in APPPATH\Views\Admin_Components\template.php on line 16.
 1 APPPATH\Views\Admin_Components\template.php(16): CodeIgniter\Debug\Exceptions->errorHandler(2, 'Undefined property: CodeIgniter\\View\\View::$Func_Misc', 'C:\\laragon\\www\\capstone\\app\\Views\\Admin_Components\\template.php', 16)
 2 SYSTEMPATH\View\View.php(228): include('C:\\laragon\\www\\capstone\\app\\Views\\Admin_Components\\template.php')
 3 SYSTEMPATH\View\View.php(231): CodeIgniter\View\View->CodeIgniter\View\{closure}()
 4 SYSTEMPATH\View\View.php(469): CodeIgniter\View\View->render('Admin_Components/template', null, true)
 5 APPPATH\Views\Admin\Announcement\list.php(1): CodeIgniter\View\View->include('Admin_Components/template')
 6 SYSTEMPATH\View\View.php(228): include('C:\\laragon\\www\\capstone\\app\\Views\\Admin\\Announcement\\list.php')
 7 SYSTEMPATH\View\View.php(231): CodeIgniter\View\View->CodeIgniter\View\{closure}()
 8 SYSTEMPATH\Common.php(1178): CodeIgniter\View\View->render('Admin/Announcement/list', [], true)
 9 APPPATH\Controllers\Admin\Announcement.php(12): view('Admin/Announcement/list')
10 SYSTEMPATH\CodeIgniter.php(941): App\Controllers\Admin\Announcement->list()
11 SYSTEMPATH\CodeIgniter.php(502): CodeIgniter\CodeIgniter->runController(Object(App\Controllers\Admin\Announcement))
12 SYSTEMPATH\CodeIgniter.php(361): CodeIgniter\CodeIgniter->handleRequest(null, Object(Config\Cache), false)
13 FCPATH\index.php(79): CodeIgniter\CodeIgniter->run()
CRITICAL - 2024-02-11 07:26:00 --> ErrorException: Undefined property: CodeIgniter\View\View::$Func_Misc
in APPPATH\Views\Admin_Components\template.php on line 16.
 1 APPPATH\Views\Admin_Components\template.php(16): CodeIgniter\Debug\Exceptions->errorHandler(2, 'Undefined property: CodeIgniter\\View\\View::$Func_Misc', 'C:\\laragon\\www\\capstone\\app\\Views\\Admin_Components\\template.php', 16)
 2 SYSTEMPATH\View\View.php(228): include('C:\\laragon\\www\\capstone\\app\\Views\\Admin_Components\\template.php')
 3 SYSTEMPATH\View\View.php(231): CodeIgniter\View\View->CodeIgniter\View\{closure}()
 4 SYSTEMPATH\View\View.php(469): CodeIgniter\View\View->render('Admin_Components/template', null, true)
 5 APPPATH\Views\Admin\Announcement\list.php(1): CodeIgniter\View\View->include('Admin_Components/template')
 6 SYSTEMPATH\View\View.php(228): include('C:\\laragon\\www\\capstone\\app\\Views\\Admin\\Announcement\\list.php')
 7 SYSTEMPATH\View\View.php(231): CodeIgniter\View\View->CodeIgniter\View\{closure}()
 8 SYSTEMPATH\Common.php(1178): CodeIgniter\View\View->render('Admin/Announcement/list', [], true)
 9 APPPATH\Controllers\Admin\Announcement.php(12): view('Admin/Announcement/list')
10 SYSTEMPATH\CodeIgniter.php(941): App\Controllers\Admin\Announcement->list()
11 SYSTEMPATH\CodeIgniter.php(502): CodeIgniter\CodeIgniter->runController(Object(App\Controllers\Admin\Announcement))
12 SYSTEMPATH\CodeIgniter.php(361): CodeIgniter\CodeIgniter->handleRequest(null, Object(Config\Cache), false)
13 FCPATH\index.php(79): CodeIgniter\CodeIgniter->run()
CRITICAL - 2024-02-11 07:26:00 --> ErrorException: Undefined property: CodeIgniter\View\View::$Func_Misc
in APPPATH\Views\Admin_Components\template.php on line 16.
 1 APPPATH\Views\Admin_Components\template.php(16): CodeIgniter\Debug\Exceptions->errorHandler(2, 'Undefined property: CodeIgniter\\View\\View::$Func_Misc', 'C:\\laragon\\www\\capstone\\app\\Views\\Admin_Components\\template.php', 16)
 2 SYSTEMPATH\View\View.php(228): include('C:\\laragon\\www\\capstone\\app\\Views\\Admin_Components\\template.php')
 3 SYSTEMPATH\View\View.php(231): CodeIgniter\View\View->CodeIgniter\View\{closure}()
 4 SYSTEMPATH\View\View.php(469): CodeIgniter\View\View->render('Admin_Components/template', null, true)
 5 APPPATH\Views\Admin\Announcement\list.php(1): CodeIgniter\View\View->include('Admin_Components/template')
 6 SYSTEMPATH\View\View.php(228): include('C:\\laragon\\www\\capstone\\app\\Views\\Admin\\Announcement\\list.php')
 7 SYSTEMPATH\View\View.php(231): CodeIgniter\View\View->CodeIgniter\View\{closure}()
 8 SYSTEMPATH\Common.php(1178): CodeIgniter\View\View->render('Admin/Announcement/list', [], true)
 9 APPPATH\Controllers\Admin\Announcement.php(12): view('Admin/Announcement/list')
10 SYSTEMPATH\CodeIgniter.php(941): App\Controllers\Admin\Announcement->list()
11 SYSTEMPATH\CodeIgniter.php(502): CodeIgniter\CodeIgniter->runController(Object(App\Controllers\Admin\Announcement))
12 SYSTEMPATH\CodeIgniter.php(361): CodeIgniter\CodeIgniter->handleRequest(null, Object(Config\Cache), false)
13 FCPATH\index.php(79): CodeIgniter\CodeIgniter->run()
CRITICAL - 2024-02-11 07:26:01 --> ErrorException: Undefined property: CodeIgniter\View\View::$Func_Misc
in APPPATH\Views\Admin_Components\template.php on line 16.
 1 APPPATH\Views\Admin_Components\template.php(16): CodeIgniter\Debug\Exceptions->errorHandler(2, 'Undefined property: CodeIgniter\\View\\View::$Func_Misc', 'C:\\laragon\\www\\capstone\\app\\Views\\Admin_Components\\template.php', 16)
 2 SYSTEMPATH\View\View.php(228): include('C:\\laragon\\www\\capstone\\app\\Views\\Admin_Components\\template.php')
 3 SYSTEMPATH\View\View.php(231): CodeIgniter\View\View->CodeIgniter\View\{closure}()
 4 SYSTEMPATH\View\View.php(469): CodeIgniter\View\View->render('Admin_Components/template', null, true)
 5 APPPATH\Views\Admin\Announcement\list.php(1): CodeIgniter\View\View->include('Admin_Components/template')
 6 SYSTEMPATH\View\View.php(228): include('C:\\laragon\\www\\capstone\\app\\Views\\Admin\\Announcement\\list.php')
 7 SYSTEMPATH\View\View.php(231): CodeIgniter\View\View->CodeIgniter\View\{closure}()
 8 SYSTEMPATH\Common.php(1178): CodeIgniter\View\View->render('Admin/Announcement/list', [], true)
 9 APPPATH\Controllers\Admin\Announcement.php(12): view('Admin/Announcement/list')
10 SYSTEMPATH\CodeIgniter.php(941): App\Controllers\Admin\Announcement->list()
11 SYSTEMPATH\CodeIgniter.php(502): CodeIgniter\CodeIgniter->runController(Object(App\Controllers\Admin\Announcement))
12 SYSTEMPATH\CodeIgniter.php(361): CodeIgniter\CodeIgniter->handleRequest(null, Object(Config\Cache), false)
13 FCPATH\index.php(79): CodeIgniter\CodeIgniter->run()
CRITICAL - 2024-02-11 07:26:01 --> ErrorException: Undefined property: CodeIgniter\View\View::$Func_Misc
in APPPATH\Views\Admin_Components\template.php on line 16.
 1 APPPATH\Views\Admin_Components\template.php(16): CodeIgniter\Debug\Exceptions->errorHandler(2, 'Undefined property: CodeIgniter\\View\\View::$Func_Misc', 'C:\\laragon\\www\\capstone\\app\\Views\\Admin_Components\\template.php', 16)
 2 SYSTEMPATH\View\View.php(228): include('C:\\laragon\\www\\capstone\\app\\Views\\Admin_Components\\template.php')
 3 SYSTEMPATH\View\View.php(231): CodeIgniter\View\View->CodeIgniter\View\{closure}()
 4 SYSTEMPATH\View\View.php(469): CodeIgniter\View\View->render('Admin_Components/template', null, true)
 5 APPPATH\Views\Admin\Announcement\list.php(1): CodeIgniter\View\View->include('Admin_Components/template')
 6 SYSTEMPATH\View\View.php(228): include('C:\\laragon\\www\\capstone\\app\\Views\\Admin\\Announcement\\list.php')
 7 SYSTEMPATH\View\View.php(231): CodeIgniter\View\View->CodeIgniter\View\{closure}()
 8 SYSTEMPATH\Common.php(1178): CodeIgniter\View\View->render('Admin/Announcement/list', [], true)
 9 APPPATH\Controllers\Admin\Announcement.php(12): view('Admin/Announcement/list')
10 SYSTEMPATH\CodeIgniter.php(941): App\Controllers\Admin\Announcement->list()
11 SYSTEMPATH\CodeIgniter.php(502): CodeIgniter\CodeIgniter->runController(Object(App\Controllers\Admin\Announcement))
12 SYSTEMPATH\CodeIgniter.php(361): CodeIgniter\CodeIgniter->handleRequest(null, Object(Config\Cache), false)
13 FCPATH\index.php(79): CodeIgniter\CodeIgniter->run()
CRITICAL - 2024-02-11 07:26:02 --> ErrorException: Undefined property: CodeIgniter\View\View::$Func_Misc
in APPPATH\Views\Admin_Components\template.php on line 16.
 1 APPPATH\Views\Admin_Components\template.php(16): CodeIgniter\Debug\Exceptions->errorHandler(2, 'Undefined property: CodeIgniter\\View\\View::$Func_Misc', 'C:\\laragon\\www\\capstone\\app\\Views\\Admin_Components\\template.php', 16)
 2 SYSTEMPATH\View\View.php(228): include('C:\\laragon\\www\\capstone\\app\\Views\\Admin_Components\\template.php')
 3 SYSTEMPATH\View\View.php(231): CodeIgniter\View\View->CodeIgniter\View\{closure}()
 4 SYSTEMPATH\View\View.php(469): CodeIgniter\View\View->render('Admin_Components/template', null, true)
 5 APPPATH\Views\Admin\Announcement\list.php(1): CodeIgniter\View\View->include('Admin_Components/template')
 6 SYSTEMPATH\View\View.php(228): include('C:\\laragon\\www\\capstone\\app\\Views\\Admin\\Announcement\\list.php')
 7 SYSTEMPATH\View\View.php(231): CodeIgniter\View\View->CodeIgniter\View\{closure}()
 8 SYSTEMPATH\Common.php(1178): CodeIgniter\View\View->render('Admin/Announcement/list', [], true)
 9 APPPATH\Controllers\Admin\Announcement.php(12): view('Admin/Announcement/list')
10 SYSTEMPATH\CodeIgniter.php(941): App\Controllers\Admin\Announcement->list()
11 SYSTEMPATH\CodeIgniter.php(502): CodeIgniter\CodeIgniter->runController(Object(App\Controllers\Admin\Announcement))
12 SYSTEMPATH\CodeIgniter.php(361): CodeIgniter\CodeIgniter->handleRequest(null, Object(Config\Cache), false)
13 FCPATH\index.php(79): CodeIgniter\CodeIgniter->run()
CRITICAL - 2024-02-11 07:26:02 --> ErrorException: Undefined property: CodeIgniter\View\View::$Func_Misc
in APPPATH\Views\Admin_Components\template.php on line 16.
 1 APPPATH\Views\Admin_Components\template.php(16): CodeIgniter\Debug\Exceptions->errorHandler(2, 'Undefined property: CodeIgniter\\View\\View::$Func_Misc', 'C:\\laragon\\www\\capstone\\app\\Views\\Admin_Components\\template.php', 16)
 2 SYSTEMPATH\View\View.php(228): include('C:\\laragon\\www\\capstone\\app\\Views\\Admin_Components\\template.php')
 3 SYSTEMPATH\View\View.php(231): CodeIgniter\View\View->CodeIgniter\View\{closure}()
 4 SYSTEMPATH\View\View.php(469): CodeIgniter\View\View->render('Admin_Components/template', null, true)
 5 APPPATH\Views\Admin\Announcement\list.php(1): CodeIgniter\View\View->include('Admin_Components/template')
 6 SYSTEMPATH\View\View.php(228): include('C:\\laragon\\www\\capstone\\app\\Views\\Admin\\Announcement\\list.php')
 7 SYSTEMPATH\View\View.php(231): CodeIgniter\View\View->CodeIgniter\View\{closure}()
 8 SYSTEMPATH\Common.php(1178): CodeIgniter\View\View->render('Admin/Announcement/list', [], true)
 9 APPPATH\Controllers\Admin\Announcement.php(12): view('Admin/Announcement/list')
10 SYSTEMPATH\CodeIgniter.php(941): App\Controllers\Admin\Announcement->list()
11 SYSTEMPATH\CodeIgniter.php(502): CodeIgniter\CodeIgniter->runController(Object(App\Controllers\Admin\Announcement))
12 SYSTEMPATH\CodeIgniter.php(361): CodeIgniter\CodeIgniter->handleRequest(null, Object(Config\Cache), false)
13 FCPATH\index.php(79): CodeIgniter\CodeIgniter->run()
CRITICAL - 2024-02-11 07:26:09 --> ErrorException: Undefined property: CodeIgniter\View\View::$Func_Misc
in APPPATH\Views\Admin_Components\template.php on line 19.
 1 APPPATH\Views\Admin_Components\template.php(19): CodeIgniter\Debug\Exceptions->errorHandler(2, 'Undefined property: CodeIgniter\\View\\View::$Func_Misc', 'C:\\laragon\\www\\capstone\\app\\Views\\Admin_Components\\template.php', 19)
 2 SYSTEMPATH\View\View.php(228): include('C:\\laragon\\www\\capstone\\app\\Views\\Admin_Components\\template.php')
 3 SYSTEMPATH\View\View.php(231): CodeIgniter\View\View->CodeIgniter\View\{closure}()
 4 SYSTEMPATH\View\View.php(469): CodeIgniter\View\View->render('Admin_Components/template', null, true)
 5 APPPATH\Views\Admin\Announcement\list.php(1): CodeIgniter\View\View->include('Admin_Components/template')
 6 SYSTEMPATH\View\View.php(228): include('C:\\laragon\\www\\capstone\\app\\Views\\Admin\\Announcement\\list.php')
 7 SYSTEMPATH\View\View.php(231): CodeIgniter\View\View->CodeIgniter\View\{closure}()
 8 SYSTEMPATH\Common.php(1178): CodeIgniter\View\View->render('Admin/Announcement/list', [], true)
 9 APPPATH\Controllers\Admin\Announcement.php(12): view('Admin/Announcement/list')
10 SYSTEMPATH\CodeIgniter.php(941): App\Controllers\Admin\Announcement->list()
11 SYSTEMPATH\CodeIgniter.php(502): CodeIgniter\CodeIgniter->runController(Object(App\Controllers\Admin\Announcement))
12 SYSTEMPATH\CodeIgniter.php(361): CodeIgniter\CodeIgniter->handleRequest(null, Object(Config\Cache), false)
13 FCPATH\index.php(79): CodeIgniter\CodeIgniter->run()
CRITICAL - 2024-02-11 07:26:10 --> ErrorException: Undefined property: CodeIgniter\View\View::$Func_Misc
in APPPATH\Views\Admin_Components\template.php on line 19.
 1 APPPATH\Views\Admin_Components\template.php(19): CodeIgniter\Debug\Exceptions->errorHandler(2, 'Undefined property: CodeIgniter\\View\\View::$Func_Misc', 'C:\\laragon\\www\\capstone\\app\\Views\\Admin_Components\\template.php', 19)
 2 SYSTEMPATH\View\View.php(228): include('C:\\laragon\\www\\capstone\\app\\Views\\Admin_Components\\template.php')
 3 SYSTEMPATH\View\View.php(231): CodeIgniter\View\View->CodeIgniter\View\{closure}()
 4 SYSTEMPATH\View\View.php(469): CodeIgniter\View\View->render('Admin_Components/template', null, true)
 5 APPPATH\Views\Admin\Announcement\list.php(1): CodeIgniter\View\View->include('Admin_Components/template')
 6 SYSTEMPATH\View\View.php(228): include('C:\\laragon\\www\\capstone\\app\\Views\\Admin\\Announcement\\list.php')
 7 SYSTEMPATH\View\View.php(231): CodeIgniter\View\View->CodeIgniter\View\{closure}()
 8 SYSTEMPATH\Common.php(1178): CodeIgniter\View\View->render('Admin/Announcement/list', [], true)
 9 APPPATH\Controllers\Admin\Announcement.php(12): view('Admin/Announcement/list')
10 SYSTEMPATH\CodeIgniter.php(941): App\Controllers\Admin\Announcement->list()
11 SYSTEMPATH\CodeIgniter.php(502): CodeIgniter\CodeIgniter->runController(Object(App\Controllers\Admin\Announcement))
12 SYSTEMPATH\CodeIgniter.php(361): CodeIgniter\CodeIgniter->handleRequest(null, Object(Config\Cache), false)
13 FCPATH\index.php(79): CodeIgniter\CodeIgniter->run()
CRITICAL - 2024-02-11 07:26:14 --> ErrorException: Undefined property: CodeIgniter\View\View::$Func_Misc
in APPPATH\Views\Admin_Components\template.php on line 16.
 1 APPPATH\Views\Admin_Components\template.php(16): CodeIgniter\Debug\Exceptions->errorHandler(2, 'Undefined property: CodeIgniter\\View\\View::$Func_Misc', 'C:\\laragon\\www\\capstone\\app\\Views\\Admin_Components\\template.php', 16)
 2 SYSTEMPATH\View\View.php(228): include('C:\\laragon\\www\\capstone\\app\\Views\\Admin_Components\\template.php')
 3 SYSTEMPATH\View\View.php(231): CodeIgniter\View\View->CodeIgniter\View\{closure}()
 4 SYSTEMPATH\View\View.php(469): CodeIgniter\View\View->render('Admin_Components/template', null, true)
 5 APPPATH\Views\Admin\Announcement\list.php(1): CodeIgniter\View\View->include('Admin_Components/template')
 6 SYSTEMPATH\View\View.php(228): include('C:\\laragon\\www\\capstone\\app\\Views\\Admin\\Announcement\\list.php')
 7 SYSTEMPATH\View\View.php(231): CodeIgniter\View\View->CodeIgniter\View\{closure}()
 8 SYSTEMPATH\Common.php(1178): CodeIgniter\View\View->render('Admin/Announcement/list', [], true)
 9 APPPATH\Controllers\Admin\Announcement.php(12): view('Admin/Announcement/list')
10 SYSTEMPATH\CodeIgniter.php(941): App\Controllers\Admin\Announcement->list()
11 SYSTEMPATH\CodeIgniter.php(502): CodeIgniter\CodeIgniter->runController(Object(App\Controllers\Admin\Announcement))
12 SYSTEMPATH\CodeIgniter.php(361): CodeIgniter\CodeIgniter->handleRequest(null, Object(Config\Cache), false)
13 FCPATH\index.php(79): CodeIgniter\CodeIgniter->run()
CRITICAL - 2024-02-11 07:26:14 --> ErrorException: Undefined property: CodeIgniter\View\View::$Func_Misc
in APPPATH\Views\Admin_Components\template.php on line 16.
 1 APPPATH\Views\Admin_Components\template.php(16): CodeIgniter\Debug\Exceptions->errorHandler(2, 'Undefined property: CodeIgniter\\View\\View::$Func_Misc', 'C:\\laragon\\www\\capstone\\app\\Views\\Admin_Components\\template.php', 16)
 2 SYSTEMPATH\View\View.php(228): include('C:\\laragon\\www\\capstone\\app\\Views\\Admin_Components\\template.php')
 3 SYSTEMPATH\View\View.php(231): CodeIgniter\View\View->CodeIgniter\View\{closure}()
 4 SYSTEMPATH\View\View.php(469): CodeIgniter\View\View->render('Admin_Components/template', null, true)
 5 APPPATH\Views\Admin\Announcement\list.php(1): CodeIgniter\View\View->include('Admin_Components/template')
 6 SYSTEMPATH\View\View.php(228): include('C:\\laragon\\www\\capstone\\app\\Views\\Admin\\Announcement\\list.php')
 7 SYSTEMPATH\View\View.php(231): CodeIgniter\View\View->CodeIgniter\View\{closure}()
 8 SYSTEMPATH\Common.php(1178): CodeIgniter\View\View->render('Admin/Announcement/list', [], true)
 9 APPPATH\Controllers\Admin\Announcement.php(12): view('Admin/Announcement/list')
10 SYSTEMPATH\CodeIgniter.php(941): App\Controllers\Admin\Announcement->list()
11 SYSTEMPATH\CodeIgniter.php(502): CodeIgniter\CodeIgniter->runController(Object(App\Controllers\Admin\Announcement))
12 SYSTEMPATH\CodeIgniter.php(361): CodeIgniter\CodeIgniter->handleRequest(null, Object(Config\Cache), false)
13 FCPATH\index.php(79): CodeIgniter\CodeIgniter->run()
CRITICAL - 2024-02-11 08:35:16 --> ErrorException: Undefined variable $response
in APPPATH\Views\Pages\Admin\announcements.php on line 101.
 1 APPPATH\Views\Pages\Admin\announcements.php(101): CodeIgniter\Debug\Exceptions->errorHandler(2, 'Undefined variable $response', 'C:\\laragon\\www\\capstone\\app\\Views\\Pages\\Admin\\announcements.php', 101)
 2 SYSTEMPATH\View\View.php(228): include('C:\\laragon\\www\\capstone\\app\\Views\\Pages\\Admin\\announcements.php')
 3 SYSTEMPATH\View\View.php(231): CodeIgniter\View\View->CodeIgniter\View\{closure}()
 4 SYSTEMPATH\Common.php(1178): CodeIgniter\View\View->render('pages/admin/announcements', [], true)
 5 APPPATH\Controllers\Admin\AnnouncementController.php(12): view('pages/admin/announcements')
 6 SYSTEMPATH\CodeIgniter.php(941): App\Controllers\Admin\AnnouncementController->index()
 7 SYSTEMPATH\CodeIgniter.php(502): CodeIgniter\CodeIgniter->runController(Object(App\Controllers\Admin\AnnouncementController))
 8 SYSTEMPATH\CodeIgniter.php(361): CodeIgniter\CodeIgniter->handleRequest(null, Object(Config\Cache), false)
 9 FCPATH\index.php(79): CodeIgniter\CodeIgniter->run()
CRITICAL - 2024-02-11 08:35:17 --> ErrorException: Undefined variable $response
in APPPATH\Views\Pages\Admin\announcements.php on line 101.
 1 APPPATH\Views\Pages\Admin\announcements.php(101): CodeIgniter\Debug\Exceptions->errorHandler(2, 'Undefined variable $response', 'C:\\laragon\\www\\capstone\\app\\Views\\Pages\\Admin\\announcements.php', 101)
 2 SYSTEMPATH\View\View.php(228): include('C:\\laragon\\www\\capstone\\app\\Views\\Pages\\Admin\\announcements.php')
 3 SYSTEMPATH\View\View.php(231): CodeIgniter\View\View->CodeIgniter\View\{closure}()
 4 SYSTEMPATH\Common.php(1178): CodeIgniter\View\View->render('pages/admin/announcements', [], true)
 5 APPPATH\Controllers\Admin\AnnouncementController.php(12): view('pages/admin/announcements')
 6 SYSTEMPATH\CodeIgniter.php(941): App\Controllers\Admin\AnnouncementController->index()
 7 SYSTEMPATH\CodeIgniter.php(502): CodeIgniter\CodeIgniter->runController(Object(App\Controllers\Admin\AnnouncementController))
 8 SYSTEMPATH\CodeIgniter.php(361): CodeIgniter\CodeIgniter->handleRequest(null, Object(Config\Cache), false)
 9 FCPATH\index.php(79): CodeIgniter\CodeIgniter->run()
CRITICAL - 2024-02-11 08:35:47 --> ErrorException: Undefined variable $link
in APPPATH\Views\Pages\Admin\announcements.php on line 106.
 1 APPPATH\Views\Pages\Admin\announcements.php(106): CodeIgniter\Debug\Exceptions->errorHandler(2, 'Undefined variable $link', 'C:\\laragon\\www\\capstone\\app\\Views\\Pages\\Admin\\announcements.php', 106)
 2 SYSTEMPATH\View\View.php(228): include('C:\\laragon\\www\\capstone\\app\\Views\\Pages\\Admin\\announcements.php')
 3 SYSTEMPATH\View\View.php(231): CodeIgniter\View\View->CodeIgniter\View\{closure}()
 4 SYSTEMPATH\Common.php(1178): CodeIgniter\View\View->render('pages/admin/announcements', [], true)
 5 APPPATH\Controllers\Admin\AnnouncementController.php(12): view('pages/admin/announcements')
 6 SYSTEMPATH\CodeIgniter.php(941): App\Controllers\Admin\AnnouncementController->index()
 7 SYSTEMPATH\CodeIgniter.php(502): CodeIgniter\CodeIgniter->runController(Object(App\Controllers\Admin\AnnouncementController))
 8 SYSTEMPATH\CodeIgniter.php(361): CodeIgniter\CodeIgniter->handleRequest(null, Object(Config\Cache), false)
 9 FCPATH\index.php(79): CodeIgniter\CodeIgniter->run()
CRITICAL - 2024-02-11 08:35:48 --> ErrorException: Undefined variable $link
in APPPATH\Views\Pages\Admin\announcements.php on line 106.
 1 APPPATH\Views\Pages\Admin\announcements.php(106): CodeIgniter\Debug\Exceptions->errorHandler(2, 'Undefined variable $link', 'C:\\laragon\\www\\capstone\\app\\Views\\Pages\\Admin\\announcements.php', 106)
 2 SYSTEMPATH\View\View.php(228): include('C:\\laragon\\www\\capstone\\app\\Views\\Pages\\Admin\\announcements.php')
 3 SYSTEMPATH\View\View.php(231): CodeIgniter\View\View->CodeIgniter\View\{closure}()
 4 SYSTEMPATH\Common.php(1178): CodeIgniter\View\View->render('pages/admin/announcements', [], true)
 5 APPPATH\Controllers\Admin\AnnouncementController.php(12): view('pages/admin/announcements')
 6 SYSTEMPATH\CodeIgniter.php(941): App\Controllers\Admin\AnnouncementController->index()
 7 SYSTEMPATH\CodeIgniter.php(502): CodeIgniter\CodeIgniter->runController(Object(App\Controllers\Admin\AnnouncementController))
 8 SYSTEMPATH\CodeIgniter.php(361): CodeIgniter\CodeIgniter->handleRequest(null, Object(Config\Cache), false)
 9 FCPATH\index.php(79): CodeIgniter\CodeIgniter->run()
CRITICAL - 2024-02-11 08:47:29 --> CodeIgniter\View\Exceptions\ViewException: Invalid file: "pages/admin/add_announcement/.php"
in SYSTEMPATH\Exceptions\FrameworkException.php on line 39.
 1 SYSTEMPATH\View\View.php(216): CodeIgniter\Exceptions\FrameworkException::forInvalidFile('pages/admin/add_announcement/.php')
 2 SYSTEMPATH\Common.php(1178): CodeIgniter\View\View->render('pages/admin/add_announcement/', [], true)
 3 APPPATH\Controllers\Admin\AnnouncementController.php(18): view('pages/admin/add_announcement/')
 4 SYSTEMPATH\CodeIgniter.php(941): App\Controllers\Admin\AnnouncementController->addAnnouncement()
 5 SYSTEMPATH\CodeIgniter.php(502): CodeIgniter\CodeIgniter->runController(Object(App\Controllers\Admin\AnnouncementController))
 6 SYSTEMPATH\CodeIgniter.php(361): CodeIgniter\CodeIgniter->handleRequest(null, Object(Config\Cache), false)
 7 FCPATH\index.php(79): CodeIgniter\CodeIgniter->run()
CRITICAL - 2024-02-11 08:47:40 --> CodeIgniter\View\Exceptions\ViewException: Invalid file: "pages/admin/add_announcement/.php"
in SYSTEMPATH\Exceptions\FrameworkException.php on line 39.
 1 SYSTEMPATH\View\View.php(216): CodeIgniter\Exceptions\FrameworkException::forInvalidFile('pages/admin/add_announcement/.php')
 2 SYSTEMPATH\Common.php(1178): CodeIgniter\View\View->render('pages/admin/add_announcement/', [], true)
 3 APPPATH\Controllers\Admin\AnnouncementController.php(18): view('pages/admin/add_announcement/')
 4 SYSTEMPATH\CodeIgniter.php(941): App\Controllers\Admin\AnnouncementController->addAnnouncement()
 5 SYSTEMPATH\CodeIgniter.php(502): CodeIgniter\CodeIgniter->runController(Object(App\Controllers\Admin\AnnouncementController))
 6 SYSTEMPATH\CodeIgniter.php(361): CodeIgniter\CodeIgniter->handleRequest(null, Object(Config\Cache), false)
 7 FCPATH\index.php(79): CodeIgniter\CodeIgniter->run()
CRITICAL - 2024-02-11 08:48:18 --> CodeIgniter\View\Exceptions\ViewException: Invalid file: "pages/admin/add_announcement/.php"
in SYSTEMPATH\Exceptions\FrameworkException.php on line 39.
 1 SYSTEMPATH\View\View.php(216): CodeIgniter\Exceptions\FrameworkException::forInvalidFile('pages/admin/add_announcement/.php')
 2 SYSTEMPATH\Common.php(1178): CodeIgniter\View\View->render('pages/admin/add_announcement/', [], true)
 3 APPPATH\Controllers\Admin\AnnouncementController.php(18): view('pages/admin/add_announcement/')
 4 SYSTEMPATH\CodeIgniter.php(941): App\Controllers\Admin\AnnouncementController->addAnnouncement()
 5 SYSTEMPATH\CodeIgniter.php(502): CodeIgniter\CodeIgniter->runController(Object(App\Controllers\Admin\AnnouncementController))
 6 SYSTEMPATH\CodeIgniter.php(361): CodeIgniter\CodeIgniter->handleRequest(null, Object(Config\Cache), false)
 7 FCPATH\index.php(79): CodeIgniter\CodeIgniter->run()
CRITICAL - 2024-02-11 08:48:19 --> CodeIgniter\View\Exceptions\ViewException: Invalid file: "pages/admin/add_announcement/.php"
in SYSTEMPATH\Exceptions\FrameworkException.php on line 39.
 1 SYSTEMPATH\View\View.php(216): CodeIgniter\Exceptions\FrameworkException::forInvalidFile('pages/admin/add_announcement/.php')
 2 SYSTEMPATH\Common.php(1178): CodeIgniter\View\View->render('pages/admin/add_announcement/', [], true)
 3 APPPATH\Controllers\Admin\AnnouncementController.php(18): view('pages/admin/add_announcement/')
 4 SYSTEMPATH\CodeIgniter.php(941): App\Controllers\Admin\AnnouncementController->addAnnouncement()
 5 SYSTEMPATH\CodeIgniter.php(502): CodeIgniter\CodeIgniter->runController(Object(App\Controllers\Admin\AnnouncementController))
 6 SYSTEMPATH\CodeIgniter.php(361): CodeIgniter\CodeIgniter->handleRequest(null, Object(Config\Cache), false)
 7 FCPATH\index.php(79): CodeIgniter\CodeIgniter->run()
CRITICAL - 2024-02-11 08:48:19 --> CodeIgniter\View\Exceptions\ViewException: Invalid file: "pages/admin/add_announcement/.php"
in SYSTEMPATH\Exceptions\FrameworkException.php on line 39.
 1 SYSTEMPATH\View\View.php(216): CodeIgniter\Exceptions\FrameworkException::forInvalidFile('pages/admin/add_announcement/.php')
 2 SYSTEMPATH\Common.php(1178): CodeIgniter\View\View->render('pages/admin/add_announcement/', [], true)
 3 APPPATH\Controllers\Admin\AnnouncementController.php(18): view('pages/admin/add_announcement/')
 4 SYSTEMPATH\CodeIgniter.php(941): App\Controllers\Admin\AnnouncementController->addAnnouncement()
 5 SYSTEMPATH\CodeIgniter.php(502): CodeIgniter\CodeIgniter->runController(Object(App\Controllers\Admin\AnnouncementController))
 6 SYSTEMPATH\CodeIgniter.php(361): CodeIgniter\CodeIgniter->handleRequest(null, Object(Config\Cache), false)
 7 FCPATH\index.php(79): CodeIgniter\CodeIgniter->run()
CRITICAL - 2024-02-11 08:49:57 --> CodeIgniter\View\Exceptions\ViewException: Invalid file: "pages/admin/add_announcement/.php"
in SYSTEMPATH\Exceptions\FrameworkException.php on line 39.
 1 SYSTEMPATH\View\View.php(216): CodeIgniter\Exceptions\FrameworkException::forInvalidFile('pages/admin/add_announcement/.php')
 2 SYSTEMPATH\Common.php(1178): CodeIgniter\View\View->render('pages/admin/add_announcement/', [], true)
 3 APPPATH\Controllers\Admin\AnnouncementController.php(18): view('pages/admin/add_announcement/')
 4 SYSTEMPATH\CodeIgniter.php(941): App\Controllers\Admin\AnnouncementController->addAnnouncement()
 5 SYSTEMPATH\CodeIgniter.php(502): CodeIgniter\CodeIgniter->runController(Object(App\Controllers\Admin\AnnouncementController))
 6 SYSTEMPATH\CodeIgniter.php(361): CodeIgniter\CodeIgniter->handleRequest(null, Object(Config\Cache), false)
 7 FCPATH\index.php(79): CodeIgniter\CodeIgniter->run()
CRITICAL - 2024-02-11 08:50:10 --> CodeIgniter\View\Exceptions\ViewException: Invalid file: "pages/admin/add_announcement/.php"
in SYSTEMPATH\Exceptions\FrameworkException.php on line 39.
 1 SYSTEMPATH\View\View.php(216): CodeIgniter\Exceptions\FrameworkException::forInvalidFile('pages/admin/add_announcement/.php')
 2 SYSTEMPATH\Common.php(1178): CodeIgniter\View\View->render('pages/admin/add_announcement/', [], true)
 3 APPPATH\Controllers\Admin\AnnouncementController.php(18): view('pages/admin/add_announcement/')
 4 SYSTEMPATH\CodeIgniter.php(941): App\Controllers\Admin\AnnouncementController->addAnnouncement()
 5 SYSTEMPATH\CodeIgniter.php(502): CodeIgniter\CodeIgniter->runController(Object(App\Controllers\Admin\AnnouncementController))
 6 SYSTEMPATH\CodeIgniter.php(361): CodeIgniter\CodeIgniter->handleRequest(null, Object(Config\Cache), false)
 7 FCPATH\index.php(79): CodeIgniter\CodeIgniter->run()
CRITICAL - 2024-02-11 08:50:13 --> CodeIgniter\View\Exceptions\ViewException: Invalid file: "pages/admin/add_announcement/.php"
in SYSTEMPATH\Exceptions\FrameworkException.php on line 39.
 1 SYSTEMPATH\View\View.php(216): CodeIgniter\Exceptions\FrameworkException::forInvalidFile('pages/admin/add_announcement/.php')
 2 SYSTEMPATH\Common.php(1178): CodeIgniter\View\View->render('pages/admin/add_announcement/', [], true)
 3 APPPATH\Controllers\Admin\AnnouncementController.php(18): view('pages/admin/add_announcement/')
 4 SYSTEMPATH\CodeIgniter.php(941): App\Controllers\Admin\AnnouncementController->addAnnouncement()
 5 SYSTEMPATH\CodeIgniter.php(502): CodeIgniter\CodeIgniter->runController(Object(App\Controllers\Admin\AnnouncementController))
 6 SYSTEMPATH\CodeIgniter.php(361): CodeIgniter\CodeIgniter->handleRequest(null, Object(Config\Cache), false)
 7 FCPATH\index.php(79): CodeIgniter\CodeIgniter->run()
CRITICAL - 2024-02-11 08:50:23 --> CodeIgniter\View\Exceptions\ViewException: Invalid file: "pages/admin/add_announcement/.php"
in SYSTEMPATH\Exceptions\FrameworkException.php on line 39.
 1 SYSTEMPATH\View\View.php(216): CodeIgniter\Exceptions\FrameworkException::forInvalidFile('pages/admin/add_announcement/.php')
 2 SYSTEMPATH\Common.php(1178): CodeIgniter\View\View->render('pages/admin/add_announcement/', [], true)
 3 APPPATH\Controllers\Admin\AnnouncementController.php(18): view('pages/admin/add_announcement/')
 4 SYSTEMPATH\CodeIgniter.php(941): App\Controllers\Admin\AnnouncementController->addAnnouncement()
 5 SYSTEMPATH\CodeIgniter.php(502): CodeIgniter\CodeIgniter->runController(Object(App\Controllers\Admin\AnnouncementController))
 6 SYSTEMPATH\CodeIgniter.php(361): CodeIgniter\CodeIgniter->handleRequest(null, Object(Config\Cache), false)
 7 FCPATH\index.php(79): CodeIgniter\CodeIgniter->run()
CRITICAL - 2024-02-11 08:50:24 --> CodeIgniter\View\Exceptions\ViewException: Invalid file: "pages/admin/add_announcement/.php"
in SYSTEMPATH\Exceptions\FrameworkException.php on line 39.
 1 SYSTEMPATH\View\View.php(216): CodeIgniter\Exceptions\FrameworkException::forInvalidFile('pages/admin/add_announcement/.php')
 2 SYSTEMPATH\Common.php(1178): CodeIgniter\View\View->render('pages/admin/add_announcement/', [], true)
 3 APPPATH\Controllers\Admin\AnnouncementController.php(18): view('pages/admin/add_announcement/')
 4 SYSTEMPATH\CodeIgniter.php(941): App\Controllers\Admin\AnnouncementController->addAnnouncement()
 5 SYSTEMPATH\CodeIgniter.php(502): CodeIgniter\CodeIgniter->runController(Object(App\Controllers\Admin\AnnouncementController))
 6 SYSTEMPATH\CodeIgniter.php(361): CodeIgniter\CodeIgniter->handleRequest(null, Object(Config\Cache), false)
 7 FCPATH\index.php(79): CodeIgniter\CodeIgniter->run()
CRITICAL - 2024-02-11 09:05:16 --> CodeIgniter\View\Exceptions\ViewException: Invalid file: "pages/admin/add_announcement/.php"
in SYSTEMPATH\Exceptions\FrameworkException.php on line 39.
 1 SYSTEMPATH\View\View.php(216): CodeIgniter\Exceptions\FrameworkException::forInvalidFile('pages/admin/add_announcement/.php')
 2 SYSTEMPATH\Common.php(1178): CodeIgniter\View\View->render('pages/admin/add_announcement/', [], true)
 3 APPPATH\Controllers\Admin\AnnouncementController.php(18): view('pages/admin/add_announcement/')
 4 SYSTEMPATH\CodeIgniter.php(941): App\Controllers\Admin\AnnouncementController->addAnnouncement()
 5 SYSTEMPATH\CodeIgniter.php(502): CodeIgniter\CodeIgniter->runController(Object(App\Controllers\Admin\AnnouncementController))
 6 SYSTEMPATH\CodeIgniter.php(361): CodeIgniter\CodeIgniter->handleRequest(null, Object(Config\Cache), false)
 7 FCPATH\index.php(79): CodeIgniter\CodeIgniter->run()
CRITICAL - 2024-02-11 09:05:20 --> CodeIgniter\View\Exceptions\ViewException: Invalid file: "pages/admin/add_announcement/.php"
in SYSTEMPATH\Exceptions\FrameworkException.php on line 39.
 1 SYSTEMPATH\View\View.php(216): CodeIgniter\Exceptions\FrameworkException::forInvalidFile('pages/admin/add_announcement/.php')
 2 SYSTEMPATH\Common.php(1178): CodeIgniter\View\View->render('pages/admin/add_announcement/', [], true)
 3 APPPATH\Controllers\Admin\AnnouncementController.php(18): view('pages/admin/add_announcement/')
 4 SYSTEMPATH\CodeIgniter.php(941): App\Controllers\Admin\AnnouncementController->addAnnouncement()
 5 SYSTEMPATH\CodeIgniter.php(502): CodeIgniter\CodeIgniter->runController(Object(App\Controllers\Admin\AnnouncementController))
 6 SYSTEMPATH\CodeIgniter.php(361): CodeIgniter\CodeIgniter->handleRequest(null, Object(Config\Cache), false)
 7 FCPATH\index.php(79): CodeIgniter\CodeIgniter->run()
